2019-07-17 15:23:57,784 INFO 6326 [egg:logger] init all loggers with options: {"dir":"/Users/maxianfei/learnData/Egg/formalEgg/logs/formalEgg","encoding":"utf8","env":"local","level":"INFO","consoleLevel":"INFO","disableConsoleAfterReady":false,"outputJSON":false,"buffer":true,"appLogName":"formalEgg-web.log","coreLogName":"egg-web.log","agentLogName":"egg-agent.log","errorLogName":"common-error.log","coreLogger":{"consoleLevel":"WARN"},"allowDebugAtProd":false,"type":"application"}
2019-07-17 15:23:57,802 INFO 6326 [egg-multipart] stream mode enable
2019-07-17 15:23:57,960 INFO 6326 [egg-static] starting static serve /public/ -> /Users/maxianfei/learnData/Egg/formalEgg/app/public
2019-07-17 15:23:57,962 INFO 6326 [egg-security] use csrf middleware
2019-07-17 15:23:57,962 INFO 6326 [egg-security] use methodnoallow middleware
2019-07-17 15:23:57,963 INFO 6326 [egg-security] use noopen middleware
2019-07-17 15:23:57,963 INFO 6326 [egg-security] use nosniff middleware
2019-07-17 15:23:57,963 INFO 6326 [egg-security] use xssProtection middleware
2019-07-17 15:23:57,963 INFO 6326 [egg-security] use xframe middleware
2019-07-17 15:23:57,964 INFO 6326 [egg-security] use dta middleware
2019-07-17 15:23:57,964 INFO 6326 [egg-security] compose 7 middlewares into one security middleware
2019-07-17 15:23:57,972 INFO 6326 [egg:core] dump config after load, 3ms
2019-07-17 15:23:58,009 INFO 6326 [egg-watcher:application] watcher start success
2019-07-17 15:23:58,028 INFO 6326 [egg:core] dump config after ready, 4ms
2019-07-17 15:30:00,017 INFO 6372 [egg:logger] init all loggers with options: {"dir":"/Users/maxianfei/learnData/Egg/formalEgg/logs/formalEgg","encoding":"utf8","env":"local","level":"INFO","consoleLevel":"INFO","disableConsoleAfterReady":false,"outputJSON":false,"buffer":true,"appLogName":"formalEgg-web.log","coreLogName":"egg-web.log","agentLogName":"egg-agent.log","errorLogName":"common-error.log","coreLogger":{"consoleLevel":"WARN"},"allowDebugAtProd":false,"type":"application"}
2019-07-17 15:30:00,039 INFO 6372 [egg-multipart] stream mode enable
2019-07-17 15:30:00,210 INFO 6372 [egg-static] starting static serve /public/ -> /Users/maxianfei/learnData/Egg/formalEgg/app/public
2019-07-17 15:30:00,211 WARN 6372 [egg-security] Please set `match` or `ignore` on sub config
2019-07-17 15:30:00,212 INFO 6372 [egg-security] use noopen middleware
2019-07-17 15:30:00,213 INFO 6372 [egg-security] use nosniff middleware
2019-07-17 15:30:00,213 INFO 6372 [egg-security] use xssProtection middleware
2019-07-17 15:30:00,213 INFO 6372 [egg-security] use xframe middleware
2019-07-17 15:30:00,213 INFO 6372 [egg-security] use dta middleware
2019-07-17 15:30:00,213 INFO 6372 [egg-security] compose 5 middlewares into one security middleware
2019-07-17 15:30:00,221 INFO 6372 [egg:core] dump config after load, 4ms
2019-07-17 15:30:00,252 INFO 6372 [egg-watcher:application] watcher start success
2019-07-17 15:30:00,278 INFO 6372 [egg:core] dump config after ready, 2ms
2019-07-17 15:38:23,735 INFO 6584 [egg:logger] init all loggers with options: {"dir":"/Users/maxianfei/learnData/Egg/formalEgg/logs/formalEgg","encoding":"utf8","env":"local","level":"INFO","consoleLevel":"INFO","disableConsoleAfterReady":false,"outputJSON":false,"buffer":true,"appLogName":"formalEgg-web.log","coreLogName":"egg-web.log","agentLogName":"egg-agent.log","errorLogName":"common-error.log","coreLogger":{"consoleLevel":"WARN"},"allowDebugAtProd":false,"type":"application"}
2019-07-17 15:38:23,754 INFO 6584 [egg-multipart] stream mode enable
2019-07-17 15:38:23,920 INFO 6584 [egg-static] starting static serve /public/ -> /Users/maxianfei/learnData/Egg/formalEgg/app/public
2019-07-17 15:38:23,921 WARN 6584 [egg-security] Please set `match` or `ignore` on sub config
2019-07-17 15:38:23,922 INFO 6584 [egg-security] use noopen middleware
2019-07-17 15:38:23,922 INFO 6584 [egg-security] use nosniff middleware
2019-07-17 15:38:23,923 INFO 6584 [egg-security] use xssProtection middleware
2019-07-17 15:38:23,923 INFO 6584 [egg-security] use xframe middleware
2019-07-17 15:38:23,923 INFO 6584 [egg-security] use dta middleware
2019-07-17 15:38:23,923 INFO 6584 [egg-security] compose 5 middlewares into one security middleware
2019-07-17 15:38:23,933 INFO 6584 [egg:core] dump config after load, 4ms
2019-07-17 15:38:23,960 INFO 6584 [egg-watcher:application] watcher start success
2019-07-17 15:38:23,991 INFO 6584 [egg:core] dump config after ready, 2ms
2019-07-17 15:38:30,532 INFO 6586 [egg:logger] init all loggers with options: {"dir":"/Users/maxianfei/learnData/Egg/formalEgg/logs/formalEgg","encoding":"utf8","env":"local","level":"INFO","consoleLevel":"INFO","disableConsoleAfterReady":false,"outputJSON":false,"buffer":true,"appLogName":"formalEgg-web.log","coreLogName":"egg-web.log","agentLogName":"egg-agent.log","errorLogName":"common-error.log","coreLogger":{"consoleLevel":"WARN"},"allowDebugAtProd":false,"type":"application"}
2019-07-17 15:38:30,550 INFO 6586 [egg-multipart] stream mode enable
2019-07-17 15:38:30,701 INFO 6586 [egg-static] starting static serve /public/ -> /Users/maxianfei/learnData/Egg/formalEgg/app/public
2019-07-17 15:38:30,702 WARN 6586 [egg-security] Please set `match` or `ignore` on sub config
2019-07-17 15:38:30,703 INFO 6586 [egg-security] use noopen middleware
2019-07-17 15:38:30,703 INFO 6586 [egg-security] use nosniff middleware
2019-07-17 15:38:30,704 INFO 6586 [egg-security] use xssProtection middleware
2019-07-17 15:38:30,704 INFO 6586 [egg-security] use xframe middleware
2019-07-17 15:38:30,704 INFO 6586 [egg-security] use dta middleware
2019-07-17 15:38:30,704 INFO 6586 [egg-security] compose 5 middlewares into one security middleware
2019-07-17 15:38:30,714 INFO 6586 [egg:core] dump config after load, 3ms
2019-07-17 15:38:30,742 INFO 6586 [egg-watcher:application] watcher start success
2019-07-17 15:38:30,767 INFO 6586 [egg:core] dump config after ready, 2ms
2019-07-17 15:39:17,710 INFO 6589 [egg:logger] init all loggers with options: {"dir":"/Users/maxianfei/learnData/Egg/formalEgg/logs/formalEgg","encoding":"utf8","env":"local","level":"INFO","consoleLevel":"INFO","disableConsoleAfterReady":false,"outputJSON":false,"buffer":true,"appLogName":"formalEgg-web.log","coreLogName":"egg-web.log","agentLogName":"egg-agent.log","errorLogName":"common-error.log","coreLogger":{"consoleLevel":"WARN"},"allowDebugAtProd":false,"type":"application"}
2019-07-17 15:39:17,728 INFO 6589 [egg-multipart] stream mode enable
2019-07-17 15:39:17,880 INFO 6589 [egg-static] starting static serve /public/ -> /Users/maxianfei/learnData/Egg/formalEgg/app/public
2019-07-17 15:39:17,881 WARN 6589 [egg-security] Please set `match` or `ignore` on sub config
2019-07-17 15:39:17,882 INFO 6589 [egg-security] use noopen middleware
2019-07-17 15:39:17,883 INFO 6589 [egg-security] use nosniff middleware
2019-07-17 15:39:17,883 INFO 6589 [egg-security] use xssProtection middleware
2019-07-17 15:39:17,883 INFO 6589 [egg-security] use xframe middleware
2019-07-17 15:39:17,883 INFO 6589 [egg-security] use dta middleware
2019-07-17 15:39:17,883 INFO 6589 [egg-security] compose 5 middlewares into one security middleware
2019-07-17 15:39:17,893 INFO 6589 [egg:core] dump config after load, 4ms
2019-07-17 15:39:17,922 INFO 6589 [egg-watcher:application] watcher start success
2019-07-17 15:39:17,948 INFO 6589 [egg:core] dump config after ready, 3ms
2019-07-17 15:46:22,478 INFO 6614 [egg:logger] init all loggers with options: {"dir":"/Users/maxianfei/learnData/Egg/formalEgg/logs/formalEgg","encoding":"utf8","env":"local","level":"INFO","consoleLevel":"INFO","disableConsoleAfterReady":false,"outputJSON":false,"buffer":true,"appLogName":"formalEgg-web.log","coreLogName":"egg-web.log","agentLogName":"egg-agent.log","errorLogName":"common-error.log","coreLogger":{"consoleLevel":"WARN"},"allowDebugAtProd":false,"type":"application"}
2019-07-17 15:46:22,499 INFO 6614 [egg-multipart] stream mode enable
2019-07-17 15:46:22,653 INFO 6614 [egg-static] starting static serve /public/ -> /Users/maxianfei/learnData/Egg/formalEgg/app/public
2019-07-17 15:46:22,654 WARN 6614 [egg-security] Please set `match` or `ignore` on sub config
2019-07-17 15:46:22,655 INFO 6614 [egg-security] use noopen middleware
2019-07-17 15:46:22,655 INFO 6614 [egg-security] use nosniff middleware
2019-07-17 15:46:22,655 INFO 6614 [egg-security] use xssProtection middleware
2019-07-17 15:46:22,656 INFO 6614 [egg-security] use xframe middleware
2019-07-17 15:46:22,656 INFO 6614 [egg-security] use dta middleware
2019-07-17 15:46:22,656 INFO 6614 [egg-security] compose 5 middlewares into one security middleware
2019-07-17 15:46:22,666 INFO 6614 [egg:core] dump config after load, 5ms
2019-07-17 15:46:22,694 INFO 6614 [egg-watcher:application] watcher start success
2019-07-17 15:46:22,721 INFO 6614 [egg:core] dump config after ready, 2ms
2019-07-17 16:01:22,074 INFO 6654 [egg:logger] init all loggers with options: {"dir":"/Users/maxianfei/learnData/Egg/formalEgg/logs/formalEgg","encoding":"utf8","env":"local","level":"INFO","consoleLevel":"INFO","disableConsoleAfterReady":false,"outputJSON":false,"buffer":true,"appLogName":"formalEgg-web.log","coreLogName":"egg-web.log","agentLogName":"egg-agent.log","errorLogName":"common-error.log","coreLogger":{"consoleLevel":"WARN"},"allowDebugAtProd":false,"type":"application"}
2019-07-17 16:01:22,095 INFO 6654 [egg-multipart] stream mode enable
2019-07-17 16:01:22,256 INFO 6654 [egg-static] starting static serve /public/ -> /Users/maxianfei/learnData/Egg/formalEgg/app/public
2019-07-17 16:01:22,257 WARN 6654 [egg-security] Please set `match` or `ignore` on sub config
2019-07-17 16:01:22,258 INFO 6654 [egg-security] use noopen middleware
2019-07-17 16:01:22,258 INFO 6654 [egg-security] use nosniff middleware
2019-07-17 16:01:22,258 INFO 6654 [egg-security] use xssProtection middleware
2019-07-17 16:01:22,258 INFO 6654 [egg-security] use xframe middleware
2019-07-17 16:01:22,259 INFO 6654 [egg-security] use dta middleware
2019-07-17 16:01:22,259 INFO 6654 [egg-security] compose 5 middlewares into one security middleware
2019-07-17 16:01:22,269 INFO 6654 [egg:core] dump config after load, 3ms
2019-07-17 16:01:22,295 INFO 6654 [egg-watcher:application] watcher start success
2019-07-17 16:01:22,326 INFO 6654 [egg:core] dump config after ready, 2ms
2019-07-17 16:03:14,417 INFO 6842 [egg:logger] init all loggers with options: {"dir":"/Users/maxianfei/learnData/Egg/formalEgg/logs/formalEgg","encoding":"utf8","env":"local","level":"INFO","consoleLevel":"INFO","disableConsoleAfterReady":false,"outputJSON":false,"buffer":true,"appLogName":"formalEgg-web.log","coreLogName":"egg-web.log","agentLogName":"egg-agent.log","errorLogName":"common-error.log","coreLogger":{"consoleLevel":"WARN"},"allowDebugAtProd":false,"type":"application"}
2019-07-17 16:03:14,437 INFO 6842 [egg-multipart] stream mode enable
2019-07-17 16:03:14,585 INFO 6842 [egg-static] starting static serve /public/ -> /Users/maxianfei/learnData/Egg/formalEgg/app/public
2019-07-17 16:03:14,586 WARN 6842 [egg-security] Please set `match` or `ignore` on sub config
2019-07-17 16:03:14,587 INFO 6842 [egg-security] use noopen middleware
2019-07-17 16:03:14,587 INFO 6842 [egg-security] use nosniff middleware
2019-07-17 16:03:14,587 INFO 6842 [egg-security] use xssProtection middleware
2019-07-17 16:03:14,588 INFO 6842 [egg-security] use xframe middleware
2019-07-17 16:03:14,588 INFO 6842 [egg-security] use dta middleware
2019-07-17 16:03:14,588 INFO 6842 [egg-security] compose 5 middlewares into one security middleware
2019-07-17 16:03:14,598 INFO 6842 [egg:core] dump config after load, 4ms
2019-07-17 16:03:14,637 INFO 6842 [egg-watcher:application] watcher start success
2019-07-17 16:03:14,656 INFO 6842 [egg:core] dump config after ready, 2ms
2019-07-17 16:03:55,064 INFO 6846 [egg:logger] init all loggers with options: {"dir":"/Users/maxianfei/learnData/Egg/formalEgg/logs/formalEgg","encoding":"utf8","env":"local","level":"INFO","consoleLevel":"INFO","disableConsoleAfterReady":false,"outputJSON":false,"buffer":true,"appLogName":"formalEgg-web.log","coreLogName":"egg-web.log","agentLogName":"egg-agent.log","errorLogName":"common-error.log","coreLogger":{"consoleLevel":"WARN"},"allowDebugAtProd":false,"type":"application"}
2019-07-17 16:03:55,085 INFO 6846 [egg-multipart] stream mode enable
2019-07-17 16:03:55,224 INFO 6846 [egg-static] starting static serve /public/ -> /Users/maxianfei/learnData/Egg/formalEgg/app/public
2019-07-17 16:03:55,225 WARN 6846 [egg-security] Please set `match` or `ignore` on sub config
2019-07-17 16:03:55,226 INFO 6846 [egg-security] use noopen middleware
2019-07-17 16:03:55,226 INFO 6846 [egg-security] use nosniff middleware
2019-07-17 16:03:55,226 INFO 6846 [egg-security] use xssProtection middleware
2019-07-17 16:03:55,227 INFO 6846 [egg-security] use xframe middleware
2019-07-17 16:03:55,227 INFO 6846 [egg-security] use dta middleware
2019-07-17 16:03:55,227 INFO 6846 [egg-security] compose 5 middlewares into one security middleware
2019-07-17 16:03:55,237 INFO 6846 [egg:core] dump config after load, 3ms
2019-07-17 16:03:55,263 INFO 6846 [egg-watcher:application] watcher start success
2019-07-17 16:03:55,291 INFO 6846 [egg:core] dump config after ready, 2ms
2019-07-17 16:04:20,885 INFO 6851 [egg:logger] init all loggers with options: {"dir":"/Users/maxianfei/learnData/Egg/formalEgg/logs/formalEgg","encoding":"utf8","env":"local","level":"INFO","consoleLevel":"INFO","disableConsoleAfterReady":false,"outputJSON":false,"buffer":true,"appLogName":"formalEgg-web.log","coreLogName":"egg-web.log","agentLogName":"egg-agent.log","errorLogName":"common-error.log","coreLogger":{"consoleLevel":"WARN"},"allowDebugAtProd":false,"type":"application"}
2019-07-17 16:04:20,905 INFO 6851 [egg-multipart] stream mode enable
2019-07-17 16:04:21,054 INFO 6851 [egg-static] starting static serve /public/ -> /Users/maxianfei/learnData/Egg/formalEgg/app/public
2019-07-17 16:04:21,055 WARN 6851 [egg-security] Please set `match` or `ignore` on sub config
2019-07-17 16:04:21,056 INFO 6851 [egg-security] use noopen middleware
2019-07-17 16:04:21,056 INFO 6851 [egg-security] use nosniff middleware
2019-07-17 16:04:21,056 INFO 6851 [egg-security] use xssProtection middleware
2019-07-17 16:04:21,057 INFO 6851 [egg-security] use xframe middleware
2019-07-17 16:04:21,057 INFO 6851 [egg-security] use dta middleware
2019-07-17 16:04:21,057 INFO 6851 [egg-security] compose 5 middlewares into one security middleware
2019-07-17 16:04:21,067 INFO 6851 [egg:core] dump config after load, 4ms
2019-07-17 16:04:21,093 INFO 6851 [egg-watcher:application] watcher start success
2019-07-17 16:04:21,124 INFO 6851 [egg:core] dump config after ready, 3ms
2019-07-17 16:04:40,923 INFO 6852 [egg:logger] init all loggers with options: {"dir":"/Users/maxianfei/learnData/Egg/formalEgg/logs/formalEgg","encoding":"utf8","env":"local","level":"INFO","consoleLevel":"INFO","disableConsoleAfterReady":false,"outputJSON":false,"buffer":true,"appLogName":"formalEgg-web.log","coreLogName":"egg-web.log","agentLogName":"egg-agent.log","errorLogName":"common-error.log","coreLogger":{"consoleLevel":"WARN"},"allowDebugAtProd":false,"type":"application"}
2019-07-17 16:04:40,942 INFO 6852 [egg-multipart] stream mode enable
2019-07-17 16:04:41,083 INFO 6852 [egg-static] starting static serve /public/ -> /Users/maxianfei/learnData/Egg/formalEgg/app/public
2019-07-17 16:04:41,084 WARN 6852 [egg-security] Please set `match` or `ignore` on sub config
2019-07-17 16:04:41,085 INFO 6852 [egg-security] use noopen middleware
2019-07-17 16:04:41,085 INFO 6852 [egg-security] use nosniff middleware
2019-07-17 16:04:41,085 INFO 6852 [egg-security] use xssProtection middleware
2019-07-17 16:04:41,085 INFO 6852 [egg-security] use xframe middleware
2019-07-17 16:04:41,086 INFO 6852 [egg-security] use dta middleware
2019-07-17 16:04:41,086 INFO 6852 [egg-security] compose 5 middlewares into one security middleware
2019-07-17 16:04:41,095 INFO 6852 [egg:core] dump config after load, 4ms
2019-07-17 16:04:41,124 INFO 6852 [egg-watcher:application] watcher start success
2019-07-17 16:04:41,154 INFO 6852 [egg:core] dump config after ready, 2ms
2019-07-17 16:09:36,988 INFO 6872 [egg:logger] init all loggers with options: {"dir":"/Users/maxianfei/learnData/Egg/formalEgg/logs/formalEgg","encoding":"utf8","env":"local","level":"INFO","consoleLevel":"INFO","disableConsoleAfterReady":false,"outputJSON":false,"buffer":true,"appLogName":"formalEgg-web.log","coreLogName":"egg-web.log","agentLogName":"egg-agent.log","errorLogName":"common-error.log","coreLogger":{"consoleLevel":"WARN"},"allowDebugAtProd":false,"type":"application"}
2019-07-17 16:09:37,009 INFO 6872 [egg-multipart] stream mode enable
2019-07-17 16:09:37,162 INFO 6872 [egg-static] starting static serve /public/ -> /Users/maxianfei/learnData/Egg/formalEgg/app/public
2019-07-17 16:09:37,163 WARN 6872 [egg-security] Please set `match` or `ignore` on sub config
2019-07-17 16:09:37,164 INFO 6872 [egg-security] use noopen middleware
2019-07-17 16:09:37,164 INFO 6872 [egg-security] use nosniff middleware
2019-07-17 16:09:37,165 INFO 6872 [egg-security] use xssProtection middleware
2019-07-17 16:09:37,165 INFO 6872 [egg-security] use xframe middleware
2019-07-17 16:09:37,165 INFO 6872 [egg-security] use dta middleware
2019-07-17 16:09:37,165 INFO 6872 [egg-security] compose 5 middlewares into one security middleware
2019-07-17 16:09:37,175 INFO 6872 [egg:core] dump config after load, 4ms
2019-07-17 16:09:37,202 INFO 6872 [egg-watcher:application] watcher start success
2019-07-17 16:09:37,233 INFO 6872 [egg:core] dump config after ready, 2ms
2019-07-17 17:06:07,894 INFO 7088 [egg:logger] init all loggers with options: {"dir":"/Users/maxianfei/learnData/Egg/formalEgg/logs/formalEgg","encoding":"utf8","env":"local","level":"INFO","consoleLevel":"INFO","disableConsoleAfterReady":false,"outputJSON":false,"buffer":true,"appLogName":"formalEgg-web.log","coreLogName":"egg-web.log","agentLogName":"egg-agent.log","errorLogName":"common-error.log","coreLogger":{"consoleLevel":"WARN"},"allowDebugAtProd":false,"type":"application"}
2019-07-17 17:06:07,913 INFO 7088 [egg-multipart] stream mode enable
2019-07-17 17:06:08,034 INFO 7088 [egg-static] starting static serve /public/ -> /Users/maxianfei/learnData/Egg/formalEgg/app/public/
2019-07-17 17:06:08,035 WARN 7088 [egg-security] Please set `match` or `ignore` on sub config
2019-07-17 17:06:08,037 INFO 7088 [egg-security] use noopen middleware
2019-07-17 17:06:08,038 INFO 7088 [egg-security] use nosniff middleware
2019-07-17 17:06:08,038 INFO 7088 [egg-security] use xssProtection middleware
2019-07-17 17:06:08,038 INFO 7088 [egg-security] use xframe middleware
2019-07-17 17:06:08,039 INFO 7088 [egg-security] use dta middleware
2019-07-17 17:06:08,039 INFO 7088 [egg-security] compose 5 middlewares into one security middleware
2019-07-17 17:06:08,049 INFO 7088 [egg:core] dump config after load, 4ms
2019-07-17 17:06:08,089 INFO 7088 [egg-watcher:application] watcher start success
2019-07-17 17:06:08,106 INFO 7088 [egg:core] dump config after ready, 3ms
2019-07-17 17:24:08,171 INFO 7298 [egg:logger] init all loggers with options: {"dir":"/Users/maxianfei/learnData/Egg/formalEgg/logs/formalEgg","encoding":"utf8","env":"local","level":"INFO","consoleLevel":"INFO","disableConsoleAfterReady":false,"outputJSON":false,"buffer":true,"appLogName":"formalEgg-web.log","coreLogName":"egg-web.log","agentLogName":"egg-agent.log","errorLogName":"common-error.log","coreLogger":{"consoleLevel":"WARN"},"allowDebugAtProd":false,"type":"application"}
2019-07-17 17:24:08,189 INFO 7298 [egg-multipart] stream mode enable
2019-07-17 17:24:08,317 INFO 7298 [egg-static] starting static serve /public/ -> /Users/maxianfei/learnData/Egg/formalEgg/app/public/
2019-07-17 17:24:08,318 WARN 7298 [egg-security] Please set `match` or `ignore` on sub config
2019-07-17 17:24:08,319 INFO 7298 [egg-security] use noopen middleware
2019-07-17 17:24:08,320 INFO 7298 [egg-security] use nosniff middleware
2019-07-17 17:24:08,320 INFO 7298 [egg-security] use xssProtection middleware
2019-07-17 17:24:08,320 INFO 7298 [egg-security] use xframe middleware
2019-07-17 17:24:08,320 INFO 7298 [egg-security] use dta middleware
2019-07-17 17:24:08,320 INFO 7298 [egg-security] compose 5 middlewares into one security middleware
2019-07-17 17:24:08,332 INFO 7298 [egg:core] dump config after load, 4ms
2019-07-17 17:24:08,373 INFO 7298 [egg-watcher:application] watcher start success
2019-07-17 17:24:08,392 INFO 7298 [egg:core] dump config after ready, 3ms
2019-07-17 17:28:35,328 INFO 7337 [egg:logger] init all loggers with options: {"dir":"/Users/maxianfei/learnData/Egg/formalEgg/logs/formalEgg","encoding":"utf8","env":"local","level":"INFO","consoleLevel":"INFO","disableConsoleAfterReady":false,"outputJSON":false,"buffer":true,"appLogName":"formalEgg-web.log","coreLogName":"egg-web.log","agentLogName":"egg-agent.log","errorLogName":"common-error.log","coreLogger":{"consoleLevel":"WARN"},"allowDebugAtProd":false,"type":"application"}
2019-07-17 17:28:35,348 INFO 7337 [egg-multipart] stream mode enable
2019-07-17 17:28:35,475 INFO 7337 [egg-static] starting static serve /public/ -> /Users/maxianfei/learnData/Egg/formalEgg/app/public/
2019-07-17 17:28:35,476 WARN 7337 [egg-security] Please set `match` or `ignore` on sub config
2019-07-17 17:28:35,477 INFO 7337 [egg-security] use noopen middleware
2019-07-17 17:28:35,477 INFO 7337 [egg-security] use nosniff middleware
2019-07-17 17:28:35,477 INFO 7337 [egg-security] use xssProtection middleware
2019-07-17 17:28:35,478 INFO 7337 [egg-security] use xframe middleware
2019-07-17 17:28:35,478 INFO 7337 [egg-security] use dta middleware
2019-07-17 17:28:35,478 INFO 7337 [egg-security] compose 5 middlewares into one security middleware
2019-07-17 17:28:35,488 INFO 7337 [egg:core] dump config after load, 3ms
2019-07-17 17:28:35,537 INFO 7337 [egg-watcher:application] watcher start success
2019-07-17 17:28:35,567 INFO 7337 [egg:core] dump config after ready, 3ms
2019-07-17 17:29:18,853 INFO 7346 [egg:logger] init all loggers with options: {"dir":"/Users/maxianfei/learnData/Egg/formalEgg/logs/formalEgg","encoding":"utf8","env":"local","level":"INFO","consoleLevel":"INFO","disableConsoleAfterReady":false,"outputJSON":false,"buffer":true,"appLogName":"formalEgg-web.log","coreLogName":"egg-web.log","agentLogName":"egg-agent.log","errorLogName":"common-error.log","coreLogger":{"consoleLevel":"WARN"},"allowDebugAtProd":false,"type":"application"}
2019-07-17 17:29:18,876 INFO 7346 [egg-multipart] stream mode enable
2019-07-17 17:29:19,016 INFO 7346 [egg-static] starting static serve /public/ -> /Users/maxianfei/learnData/Egg/formalEgg/app/public/
2019-07-17 17:29:19,017 WARN 7346 [egg-security] Please set `match` or `ignore` on sub config
2019-07-17 17:29:19,018 INFO 7346 [egg-security] use noopen middleware
2019-07-17 17:29:19,019 INFO 7346 [egg-security] use nosniff middleware
2019-07-17 17:29:19,019 INFO 7346 [egg-security] use xssProtection middleware
2019-07-17 17:29:19,019 INFO 7346 [egg-security] use xframe middleware
2019-07-17 17:29:19,019 INFO 7346 [egg-security] use dta middleware
2019-07-17 17:29:19,019 INFO 7346 [egg-security] compose 5 middlewares into one security middleware
2019-07-17 17:29:19,031 INFO 7346 [egg:core] dump config after load, 4ms
2019-07-17 17:29:19,083 INFO 7346 [egg-watcher:application] watcher start success
2019-07-17 17:29:19,114 INFO 7346 [egg:core] dump config after ready, 3ms
2019-07-17 17:29:27,951 INFO 7352 [egg:logger] init all loggers with options: {"dir":"/Users/maxianfei/learnData/Egg/formalEgg/logs/formalEgg","encoding":"utf8","env":"local","level":"INFO","consoleLevel":"INFO","disableConsoleAfterReady":false,"outputJSON":false,"buffer":true,"appLogName":"formalEgg-web.log","coreLogName":"egg-web.log","agentLogName":"egg-agent.log","errorLogName":"common-error.log","coreLogger":{"consoleLevel":"WARN"},"allowDebugAtProd":false,"type":"application"}
2019-07-17 17:29:27,975 INFO 7352 [egg-multipart] stream mode enable
2019-07-17 17:29:28,130 INFO 7352 [egg-static] starting static serve /public/ -> /Users/maxianfei/learnData/Egg/formalEgg/app/public/
2019-07-17 17:29:28,131 WARN 7352 [egg-security] Please set `match` or `ignore` on sub config
2019-07-17 17:29:28,133 INFO 7352 [egg-security] use noopen middleware
2019-07-17 17:29:28,133 INFO 7352 [egg-security] use nosniff middleware
2019-07-17 17:29:28,134 INFO 7352 [egg-security] use xssProtection middleware
2019-07-17 17:29:28,134 INFO 7352 [egg-security] use xframe middleware
2019-07-17 17:29:28,134 INFO 7352 [egg-security] use dta middleware
2019-07-17 17:29:28,134 INFO 7352 [egg-security] compose 5 middlewares into one security middleware
2019-07-17 17:29:28,146 INFO 7352 [egg:core] dump config after load, 4ms
2019-07-17 17:29:28,176 INFO 7352 [egg-watcher:application] watcher start success
2019-07-17 17:29:28,207 INFO 7352 [egg:core] dump config after ready, 3ms
2019-07-17 17:29:37,141 INFO 7356 [egg:logger] init all loggers with options: {"dir":"/Users/maxianfei/learnData/Egg/formalEgg/logs/formalEgg","encoding":"utf8","env":"local","level":"INFO","consoleLevel":"INFO","disableConsoleAfterReady":false,"outputJSON":false,"buffer":true,"appLogName":"formalEgg-web.log","coreLogName":"egg-web.log","agentLogName":"egg-agent.log","errorLogName":"common-error.log","coreLogger":{"consoleLevel":"WARN"},"allowDebugAtProd":false,"type":"application"}
2019-07-17 17:29:37,162 INFO 7356 [egg-multipart] stream mode enable
2019-07-17 17:29:37,296 INFO 7356 [egg-static] starting static serve /public/ -> /Users/maxianfei/learnData/Egg/formalEgg/app/public/
2019-07-17 17:29:37,297 WARN 7356 [egg-security] Please set `match` or `ignore` on sub config
2019-07-17 17:29:37,297 INFO 7356 [egg-security] use noopen middleware
2019-07-17 17:29:37,297 INFO 7356 [egg-security] use nosniff middleware
2019-07-17 17:29:37,298 INFO 7356 [egg-security] use xssProtection middleware
2019-07-17 17:29:37,298 INFO 7356 [egg-security] use xframe middleware
2019-07-17 17:29:37,298 INFO 7356 [egg-security] use dta middleware
2019-07-17 17:29:37,298 INFO 7356 [egg-security] compose 5 middlewares into one security middleware
2019-07-17 17:29:37,309 INFO 7356 [egg:core] dump config after load, 4ms
2019-07-17 17:29:37,338 INFO 7356 [egg-watcher:application] watcher start success
2019-07-17 17:29:37,369 INFO 7356 [egg:core] dump config after ready, 3ms
2019-07-17 17:29:47,616 INFO 7359 [egg:logger] init all loggers with options: {"dir":"/Users/maxianfei/learnData/Egg/formalEgg/logs/formalEgg","encoding":"utf8","env":"local","level":"INFO","consoleLevel":"INFO","disableConsoleAfterReady":false,"outputJSON":false,"buffer":true,"appLogName":"formalEgg-web.log","coreLogName":"egg-web.log","agentLogName":"egg-agent.log","errorLogName":"common-error.log","coreLogger":{"consoleLevel":"WARN"},"allowDebugAtProd":false,"type":"application"}
2019-07-17 17:29:47,638 INFO 7359 [egg-multipart] stream mode enable
2019-07-17 17:29:47,778 INFO 7359 [egg-static] starting static serve /public/ -> /Users/maxianfei/learnData/Egg/formalEgg/app/public/
2019-07-17 17:29:47,779 WARN 7359 [egg-security] Please set `match` or `ignore` on sub config
2019-07-17 17:29:47,780 INFO 7359 [egg-security] use noopen middleware
2019-07-17 17:29:47,781 INFO 7359 [egg-security] use nosniff middleware
2019-07-17 17:29:47,781 INFO 7359 [egg-security] use xssProtection middleware
2019-07-17 17:29:47,781 INFO 7359 [egg-security] use xframe middleware
2019-07-17 17:29:47,781 INFO 7359 [egg-security] use dta middleware
2019-07-17 17:29:47,781 INFO 7359 [egg-security] compose 5 middlewares into one security middleware
2019-07-17 17:29:47,792 INFO 7359 [egg:core] dump config after load, 4ms
2019-07-17 17:29:47,822 INFO 7359 [egg-watcher:application] watcher start success
2019-07-17 17:29:47,854 INFO 7359 [egg:core] dump config after ready, 3ms
2019-07-17 17:30:46,863 INFO 7370 [egg:logger] init all loggers with options: {"dir":"/Users/maxianfei/learnData/Egg/formalEgg/logs/formalEgg","encoding":"utf8","env":"local","level":"INFO","consoleLevel":"INFO","disableConsoleAfterReady":false,"outputJSON":false,"buffer":true,"appLogName":"formalEgg-web.log","coreLogName":"egg-web.log","agentLogName":"egg-agent.log","errorLogName":"common-error.log","coreLogger":{"consoleLevel":"WARN"},"allowDebugAtProd":false,"type":"application"}
2019-07-17 17:30:46,884 INFO 7370 [egg-multipart] stream mode enable
2019-07-17 17:30:47,010 INFO 7370 [egg-static] starting static serve /public/ -> /Users/maxianfei/learnData/Egg/formalEgg/app/public/
2019-07-17 17:30:47,011 WARN 7370 [egg-security] Please set `match` or `ignore` on sub config
2019-07-17 17:30:47,012 INFO 7370 [egg-security] use noopen middleware
2019-07-17 17:30:47,013 INFO 7370 [egg-security] use nosniff middleware
2019-07-17 17:30:47,013 INFO 7370 [egg-security] use xssProtection middleware
2019-07-17 17:30:47,013 INFO 7370 [egg-security] use xframe middleware
2019-07-17 17:30:47,013 INFO 7370 [egg-security] use dta middleware
2019-07-17 17:30:47,013 INFO 7370 [egg-security] compose 5 middlewares into one security middleware
2019-07-17 17:30:47,023 INFO 7370 [egg:core] dump config after load, 4ms
2019-07-17 17:30:47,055 INFO 7370 [egg-watcher:application] watcher start success
2019-07-17 17:30:47,080 INFO 7370 [egg:core] dump config after ready, 2ms
2019-07-17 18:02:18,673 INFO 7725 [egg:logger] init all loggers with options: {"dir":"/Users/maxianfei/learnData/Egg/formalEgg/logs/formalEgg","encoding":"utf8","env":"local","level":"INFO","consoleLevel":"INFO","disableConsoleAfterReady":false,"outputJSON":false,"buffer":true,"appLogName":"formalEgg-web.log","coreLogName":"egg-web.log","agentLogName":"egg-agent.log","errorLogName":"common-error.log","coreLogger":{"consoleLevel":"WARN"},"allowDebugAtProd":false,"type":"application"}
2019-07-17 18:02:18,694 INFO 7725 [egg-multipart] stream mode enable
2019-07-17 18:02:18,824 INFO 7725 [egg-static] starting static serve /public/ -> /Users/maxianfei/learnData/Egg/formalEgg/app/public/
2019-07-17 18:02:18,825 WARN 7725 [egg-security] Please set `match` or `ignore` on sub config
2019-07-17 18:02:18,827 INFO 7725 [egg-security] use noopen middleware
2019-07-17 18:02:18,827 INFO 7725 [egg-security] use nosniff middleware
2019-07-17 18:02:18,827 INFO 7725 [egg-security] use xssProtection middleware
2019-07-17 18:02:18,828 INFO 7725 [egg-security] use xframe middleware
2019-07-17 18:02:18,828 INFO 7725 [egg-security] use dta middleware
2019-07-17 18:02:18,828 INFO 7725 [egg-security] compose 5 middlewares into one security middleware
2019-07-17 18:02:18,838 INFO 7725 [egg:core] dump config after load, 4ms
2019-07-17 18:02:18,877 INFO 7725 [egg-watcher:application] watcher start success
2019-07-17 18:02:18,896 INFO 7725 [egg:core] dump config after ready, 3ms
2019-07-17 18:15:37,401 INFO 7821 [egg:logger] init all loggers with options: {"dir":"/Users/maxianfei/learnData/Egg/formalEgg/logs/formalEgg","encoding":"utf8","env":"local","level":"INFO","consoleLevel":"INFO","disableConsoleAfterReady":false,"outputJSON":false,"buffer":true,"appLogName":"formalEgg-web.log","coreLogName":"egg-web.log","agentLogName":"egg-agent.log","errorLogName":"common-error.log","coreLogger":{"consoleLevel":"WARN"},"allowDebugAtProd":false,"type":"application"}
2019-07-17 18:15:37,420 INFO 7821 [egg-multipart] stream mode enable
2019-07-17 18:15:37,553 INFO 7821 [egg-static] starting static serve /public/ -> /Users/maxianfei/learnData/Egg/formalEgg/app/public/
2019-07-17 18:15:37,554 WARN 7821 [egg-security] Please set `match` or `ignore` on sub config
2019-07-17 18:15:37,556 INFO 7821 [egg-security] use noopen middleware
2019-07-17 18:15:37,556 INFO 7821 [egg-security] use nosniff middleware
2019-07-17 18:15:37,556 INFO 7821 [egg-security] use xssProtection middleware
2019-07-17 18:15:37,557 INFO 7821 [egg-security] use xframe middleware
2019-07-17 18:15:37,557 INFO 7821 [egg-security] use dta middleware
2019-07-17 18:15:37,557 INFO 7821 [egg-security] compose 5 middlewares into one security middleware
2019-07-17 18:15:37,568 INFO 7821 [egg:core] dump config after load, 4ms
2019-07-17 18:15:37,624 INFO 7821 [egg-watcher:application] watcher start success
2019-07-17 18:15:37,650 INFO 7821 [egg:core] dump config after ready, 3ms
2019-07-17 18:18:11,977 INFO 7901 [egg:logger] init all loggers with options: {"dir":"/Users/maxianfei/learnData/Egg/formalEgg/logs/formalEgg","encoding":"utf8","env":"local","level":"INFO","consoleLevel":"INFO","disableConsoleAfterReady":false,"outputJSON":false,"buffer":true,"appLogName":"formalEgg-web.log","coreLogName":"egg-web.log","agentLogName":"egg-agent.log","errorLogName":"common-error.log","coreLogger":{"consoleLevel":"WARN"},"allowDebugAtProd":false,"type":"application"}
2019-07-17 18:18:11,997 INFO 7901 [egg-multipart] stream mode enable
2019-07-17 18:18:12,134 INFO 7901 [egg-static] starting static serve /public/ -> /Users/maxianfei/learnData/Egg/formalEgg/app/public
2019-07-17 18:18:12,135 WARN 7901 [egg-security] Please set `match` or `ignore` on sub config
2019-07-17 18:18:12,137 INFO 7901 [egg-security] use noopen middleware
2019-07-17 18:18:12,137 INFO 7901 [egg-security] use nosniff middleware
2019-07-17 18:18:12,137 INFO 7901 [egg-security] use xssProtection middleware
2019-07-17 18:18:12,138 INFO 7901 [egg-security] use xframe middleware
2019-07-17 18:18:12,138 INFO 7901 [egg-security] use dta middleware
2019-07-17 18:18:12,138 INFO 7901 [egg-security] compose 5 middlewares into one security middleware
2019-07-17 18:18:12,150 INFO 7901 [egg:core] dump config after load, 5ms
2019-07-17 18:18:12,195 INFO 7901 [egg-watcher:application] watcher start success
2019-07-17 18:18:12,215 INFO 7901 [egg:core] dump config after ready, 3ms
2019-07-17 18:19:30,861 INFO 7912 [egg:logger] init all loggers with options: {"dir":"/Users/maxianfei/learnData/Egg/formalEgg/logs/formalEgg","encoding":"utf8","env":"local","level":"INFO","consoleLevel":"INFO","disableConsoleAfterReady":false,"outputJSON":false,"buffer":true,"appLogName":"formalEgg-web.log","coreLogName":"egg-web.log","agentLogName":"egg-agent.log","errorLogName":"common-error.log","coreLogger":{"consoleLevel":"WARN"},"allowDebugAtProd":false,"type":"application"}
2019-07-17 18:19:30,882 INFO 7912 [egg-multipart] stream mode enable
2019-07-17 18:19:31,012 INFO 7912 [egg-static] starting static serve /public/ -> /Users/maxianfei/learnData/Egg/formalEgg/app/public
2019-07-17 18:19:31,013 WARN 7912 [egg-security] Please set `match` or `ignore` on sub config
2019-07-17 18:19:31,015 INFO 7912 [egg-security] use noopen middleware
2019-07-17 18:19:31,015 INFO 7912 [egg-security] use nosniff middleware
2019-07-17 18:19:31,015 INFO 7912 [egg-security] use xssProtection middleware
2019-07-17 18:19:31,015 INFO 7912 [egg-security] use xframe middleware
2019-07-17 18:19:31,015 INFO 7912 [egg-security] use dta middleware
2019-07-17 18:19:31,015 INFO 7912 [egg-security] compose 5 middlewares into one security middleware
2019-07-17 18:19:31,026 INFO 7912 [egg:core] dump config after load, 4ms
2019-07-17 18:19:31,053 INFO 7912 [egg-watcher:application] watcher start success
2019-07-17 18:19:31,083 INFO 7912 [egg:core] dump config after ready, 4ms
2019-07-17 18:29:03,510 INFO 8062 [egg:logger] init all loggers with options: {"dir":"/Users/maxianfei/learnData/Egg/formalEgg/logs/formalEgg","encoding":"utf8","env":"local","level":"INFO","consoleLevel":"INFO","disableConsoleAfterReady":false,"outputJSON":false,"buffer":true,"appLogName":"formalEgg-web.log","coreLogName":"egg-web.log","agentLogName":"egg-agent.log","errorLogName":"common-error.log","coreLogger":{"consoleLevel":"WARN"},"allowDebugAtProd":false,"type":"application"}
2019-07-17 18:29:03,533 INFO 8062 [egg-multipart] stream mode enable
2019-07-17 18:29:03,682 INFO 8062 [egg-static] starting static serve /public/ -> /Users/maxianfei/learnData/Egg/formalEgg/app/public
2019-07-17 18:29:03,683 WARN 8062 [egg-security] Please set `match` or `ignore` on sub config
2019-07-17 18:29:03,684 INFO 8062 [egg-security] use noopen middleware
2019-07-17 18:29:03,685 INFO 8062 [egg-security] use nosniff middleware
2019-07-17 18:29:03,685 INFO 8062 [egg-security] use xssProtection middleware
2019-07-17 18:29:03,685 INFO 8062 [egg-security] use xframe middleware
2019-07-17 18:29:03,685 INFO 8062 [egg-security] use dta middleware
2019-07-17 18:29:03,685 INFO 8062 [egg-security] compose 5 middlewares into one security middleware
2019-07-17 18:29:03,697 INFO 8062 [egg:core] dump config after load, 4ms
2019-07-17 18:29:03,737 INFO 8062 [egg-watcher:application] watcher start success
2019-07-17 18:29:03,755 INFO 8062 [egg:core] dump config after ready, 3ms
2019-07-17 18:32:05,664 INFO 8091 [egg:logger] init all loggers with options: {"dir":"/Users/maxianfei/learnData/Egg/formalEgg/logs/formalEgg","encoding":"utf8","env":"local","level":"INFO","consoleLevel":"INFO","disableConsoleAfterReady":false,"outputJSON":false,"buffer":true,"appLogName":"formalEgg-web.log","coreLogName":"egg-web.log","agentLogName":"egg-agent.log","errorLogName":"common-error.log","coreLogger":{"consoleLevel":"WARN"},"allowDebugAtProd":false,"type":"application"}
2019-07-17 18:32:05,684 INFO 8091 [egg-multipart] stream mode enable
2019-07-17 18:32:05,829 INFO 8091 [egg-static] starting static serve /public/ -> /Users/maxianfei/learnData/Egg/formalEgg/app/public
2019-07-17 18:32:05,829 WARN 8091 [egg-security] Please set `match` or `ignore` on sub config
2019-07-17 18:32:05,831 INFO 8091 [egg-security] use noopen middleware
2019-07-17 18:32:05,831 INFO 8091 [egg-security] use nosniff middleware
2019-07-17 18:32:05,832 INFO 8091 [egg-security] use xssProtection middleware
2019-07-17 18:32:05,832 INFO 8091 [egg-security] use xframe middleware
2019-07-17 18:32:05,832 INFO 8091 [egg-security] use dta middleware
2019-07-17 18:32:05,832 INFO 8091 [egg-security] compose 5 middlewares into one security middleware
2019-07-17 18:32:05,842 INFO 8091 [egg:core] dump config after load, 4ms
2019-07-17 18:32:05,872 INFO 8091 [egg-watcher:application] watcher start success
2019-07-17 18:32:05,905 INFO 8091 [egg:core] dump config after ready, 3ms
2019-07-17 18:34:14,702 INFO 8108 [egg:logger] init all loggers with options: {"dir":"/Users/maxianfei/learnData/Egg/formalEgg/logs/formalEgg","encoding":"utf8","env":"local","level":"INFO","consoleLevel":"INFO","disableConsoleAfterReady":false,"outputJSON":false,"buffer":true,"appLogName":"formalEgg-web.log","coreLogName":"egg-web.log","agentLogName":"egg-agent.log","errorLogName":"common-error.log","coreLogger":{"consoleLevel":"WARN"},"allowDebugAtProd":false,"type":"application"}
2019-07-17 18:34:14,724 INFO 8108 [egg-multipart] stream mode enable
2019-07-17 18:34:14,864 INFO 8108 [egg-static] starting static serve /public/ -> /Users/maxianfei/learnData/Egg/formalEgg/app/public
2019-07-17 18:34:14,865 WARN 8108 [egg-security] Please set `match` or `ignore` on sub config
2019-07-17 18:34:14,867 INFO 8108 [egg-security] use noopen middleware
2019-07-17 18:34:14,867 INFO 8108 [egg-security] use nosniff middleware
2019-07-17 18:34:14,867 INFO 8108 [egg-security] use xssProtection middleware
2019-07-17 18:34:14,868 INFO 8108 [egg-security] use xframe middleware
2019-07-17 18:34:14,868 INFO 8108 [egg-security] use dta middleware
2019-07-17 18:34:14,868 INFO 8108 [egg-security] compose 5 middlewares into one security middleware
2019-07-17 18:34:14,879 INFO 8108 [egg:core] dump config after load, 4ms
2019-07-17 18:34:14,909 INFO 8108 [egg-watcher:application] watcher start success
2019-07-17 18:34:14,936 INFO 8108 [egg:core] dump config after ready, 3ms
2019-07-17 18:36:29,638 INFO 8213 [egg:logger] init all loggers with options: {"dir":"/Users/maxianfei/learnData/Egg/formalEgg/logs/formalEgg","encoding":"utf8","env":"local","level":"INFO","consoleLevel":"INFO","disableConsoleAfterReady":false,"outputJSON":false,"buffer":true,"appLogName":"formalEgg-web.log","coreLogName":"egg-web.log","agentLogName":"egg-agent.log","errorLogName":"common-error.log","coreLogger":{"consoleLevel":"WARN"},"allowDebugAtProd":false,"type":"application"}
2019-07-17 18:36:29,656 INFO 8213 [egg-multipart] stream mode enable
2019-07-17 18:36:29,778 INFO 8213 [egg-static] starting static serve /public/ -> /Users/maxianfei/learnData/Egg/formalEgg/app/public
2019-07-17 18:36:29,779 WARN 8213 [egg-security] Please set `match` or `ignore` on sub config
2019-07-17 18:36:29,780 INFO 8213 [egg-security] use noopen middleware
2019-07-17 18:36:29,780 INFO 8213 [egg-security] use nosniff middleware
2019-07-17 18:36:29,780 INFO 8213 [egg-security] use xssProtection middleware
2019-07-17 18:36:29,781 INFO 8213 [egg-security] use xframe middleware
2019-07-17 18:36:29,781 INFO 8213 [egg-security] use dta middleware
2019-07-17 18:36:29,781 INFO 8213 [egg-security] compose 5 middlewares into one security middleware
2019-07-17 18:36:29,792 INFO 8213 [egg:core] dump config after load, 4ms
2019-07-17 18:36:29,830 INFO 8213 [egg-watcher:application] watcher start success
2019-07-17 18:36:29,848 INFO 8213 [egg:core] dump config after ready, 3ms
2019-07-17 18:37:19,896 INFO 8307 [egg:logger] init all loggers with options: {"dir":"/Users/maxianfei/learnData/Egg/formalEgg/logs/formalEgg","encoding":"utf8","env":"local","level":"INFO","consoleLevel":"INFO","disableConsoleAfterReady":false,"outputJSON":false,"buffer":true,"appLogName":"formalEgg-web.log","coreLogName":"egg-web.log","agentLogName":"egg-agent.log","errorLogName":"common-error.log","coreLogger":{"consoleLevel":"WARN"},"allowDebugAtProd":false,"type":"application"}
2019-07-17 18:37:19,915 INFO 8307 [egg-multipart] stream mode enable
2019-07-17 18:37:20,041 INFO 8307 [egg-static] starting static serve /public/ -> /Users/maxianfei/learnData/Egg/formalEgg/app/public
2019-07-17 18:37:20,042 WARN 8307 [egg-security] Please set `match` or `ignore` on sub config
2019-07-17 18:37:20,043 INFO 8307 [egg-security] use noopen middleware
2019-07-17 18:37:20,043 INFO 8307 [egg-security] use nosniff middleware
2019-07-17 18:37:20,043 INFO 8307 [egg-security] use xssProtection middleware
2019-07-17 18:37:20,044 INFO 8307 [egg-security] use xframe middleware
2019-07-17 18:37:20,044 INFO 8307 [egg-security] use dta middleware
2019-07-17 18:37:20,044 INFO 8307 [egg-security] compose 5 middlewares into one security middleware
2019-07-17 18:37:20,054 INFO 8307 [egg:core] dump config after load, 3ms
2019-07-17 18:37:20,097 INFO 8307 [egg-watcher:application] watcher start success
2019-07-17 18:37:20,115 INFO 8307 [egg:core] dump config after ready, 3ms
2019-07-17 18:39:08,081 INFO 8415 [egg:logger] init all loggers with options: {"dir":"/Users/maxianfei/learnData/Egg/formalEgg/logs/formalEgg","encoding":"utf8","env":"local","level":"INFO","consoleLevel":"INFO","disableConsoleAfterReady":false,"outputJSON":false,"buffer":true,"appLogName":"formalEgg-web.log","coreLogName":"egg-web.log","agentLogName":"egg-agent.log","errorLogName":"common-error.log","coreLogger":{"consoleLevel":"WARN"},"allowDebugAtProd":false,"type":"application"}
2019-07-17 18:39:08,100 INFO 8415 [egg-multipart] stream mode enable
2019-07-17 18:39:08,221 INFO 8415 [egg-static] starting static serve /public/ -> /Users/maxianfei/learnData/Egg/formalEgg/app/public
2019-07-17 18:39:08,222 WARN 8415 [egg-security] Please set `match` or `ignore` on sub config
2019-07-17 18:39:08,223 INFO 8415 [egg-security] use noopen middleware
2019-07-17 18:39:08,223 INFO 8415 [egg-security] use nosniff middleware
2019-07-17 18:39:08,223 INFO 8415 [egg-security] use xssProtection middleware
2019-07-17 18:39:08,224 INFO 8415 [egg-security] use xframe middleware
2019-07-17 18:39:08,224 INFO 8415 [egg-security] use dta middleware
2019-07-17 18:39:08,224 INFO 8415 [egg-security] compose 5 middlewares into one security middleware
2019-07-17 18:39:08,235 INFO 8415 [egg:core] dump config after load, 4ms
2019-07-17 18:39:08,288 INFO 8415 [egg-watcher:application] watcher start success
2019-07-17 18:39:08,307 INFO 8415 [egg:core] dump config after ready, 3ms
2019-07-17 18:40:09,842 INFO 8523 [egg:logger] init all loggers with options: {"dir":"/Users/maxianfei/learnData/Egg/formalEgg/logs/formalEgg","encoding":"utf8","env":"local","level":"INFO","consoleLevel":"INFO","disableConsoleAfterReady":false,"outputJSON":false,"buffer":true,"appLogName":"formalEgg-web.log","coreLogName":"egg-web.log","agentLogName":"egg-agent.log","errorLogName":"common-error.log","coreLogger":{"consoleLevel":"WARN"},"allowDebugAtProd":false,"type":"application"}
2019-07-17 18:40:09,861 INFO 8523 [egg-multipart] stream mode enable
2019-07-17 18:40:09,988 INFO 8523 [egg-static] starting static serve /public/ -> /Users/maxianfei/learnData/Egg/formalEgg/app/public
2019-07-17 18:40:09,989 WARN 8523 [egg-security] Please set `match` or `ignore` on sub config
2019-07-17 18:40:09,990 INFO 8523 [egg-security] use noopen middleware
2019-07-17 18:40:09,991 INFO 8523 [egg-security] use nosniff middleware
2019-07-17 18:40:09,991 INFO 8523 [egg-security] use xssProtection middleware
2019-07-17 18:40:09,991 INFO 8523 [egg-security] use xframe middleware
2019-07-17 18:40:09,991 INFO 8523 [egg-security] use dta middleware
2019-07-17 18:40:09,991 INFO 8523 [egg-security] compose 5 middlewares into one security middleware
2019-07-17 18:40:10,001 INFO 8523 [egg:core] dump config after load, 3ms
2019-07-17 18:40:10,041 INFO 8523 [egg-watcher:application] watcher start success
2019-07-17 18:40:10,060 INFO 8523 [egg:core] dump config after ready, 3ms
2019-07-17 18:40:30,324 INFO 8527 [egg:logger] init all loggers with options: {"dir":"/Users/maxianfei/learnData/Egg/formalEgg/logs/formalEgg","encoding":"utf8","env":"local","level":"INFO","consoleLevel":"INFO","disableConsoleAfterReady":false,"outputJSON":false,"buffer":true,"appLogName":"formalEgg-web.log","coreLogName":"egg-web.log","agentLogName":"egg-agent.log","errorLogName":"common-error.log","coreLogger":{"consoleLevel":"WARN"},"allowDebugAtProd":false,"type":"application"}
2019-07-17 18:40:30,345 INFO 8527 [egg-multipart] stream mode enable
2019-07-17 18:40:30,485 INFO 8527 [egg-static] starting static serve /public/ -> /Users/maxianfei/learnData/Egg/formalEgg/app/public
2019-07-17 18:40:30,486 WARN 8527 [egg-security] Please set `match` or `ignore` on sub config
2019-07-17 18:40:30,488 INFO 8527 [egg-security] use noopen middleware
2019-07-17 18:40:30,488 INFO 8527 [egg-security] use nosniff middleware
2019-07-17 18:40:30,488 INFO 8527 [egg-security] use xssProtection middleware
2019-07-17 18:40:30,489 INFO 8527 [egg-security] use xframe middleware
2019-07-17 18:40:30,489 INFO 8527 [egg-security] use dta middleware
2019-07-17 18:40:30,489 INFO 8527 [egg-security] compose 5 middlewares into one security middleware
2019-07-17 18:40:30,499 INFO 8527 [egg:core] dump config after load, 4ms
2019-07-17 18:40:30,555 INFO 8527 [egg-watcher:application] watcher start success
2019-07-17 18:40:30,584 INFO 8527 [egg:core] dump config after ready, 3ms
2019-07-17 21:51:56,334 INFO 8952 [egg:logger] init all loggers with options: {"dir":"/Users/maxianfei/learnData/Egg/formalEgg/logs/formalEgg","encoding":"utf8","env":"local","level":"INFO","consoleLevel":"INFO","disableConsoleAfterReady":false,"outputJSON":false,"buffer":true,"appLogName":"formalEgg-web.log","coreLogName":"egg-web.log","agentLogName":"egg-agent.log","errorLogName":"common-error.log","coreLogger":{"consoleLevel":"WARN"},"allowDebugAtProd":false,"type":"application"}
2019-07-17 21:51:56,353 INFO 8952 [egg-multipart] stream mode enable
2019-07-17 21:51:56,485 INFO 8952 [egg-static] starting static serve /public/ -> /Users/maxianfei/learnData/Egg/formalEgg/app/public
2019-07-17 21:51:56,486 WARN 8952 [egg-security] Please set `match` or `ignore` on sub config
2019-07-17 21:51:56,487 INFO 8952 [egg-security] use noopen middleware
2019-07-17 21:51:56,488 INFO 8952 [egg-security] use nosniff middleware
2019-07-17 21:51:56,488 INFO 8952 [egg-security] use xssProtection middleware
2019-07-17 21:51:56,488 INFO 8952 [egg-security] use xframe middleware
2019-07-17 21:51:56,488 INFO 8952 [egg-security] use dta middleware
2019-07-17 21:51:56,488 INFO 8952 [egg-security] compose 5 middlewares into one security middleware
2019-07-17 21:51:56,500 INFO 8952 [egg:core] dump config after load, 4ms
2019-07-17 21:51:56,565 INFO 8952 [egg-watcher:application] watcher start success
2019-07-17 21:51:56,583 INFO 8952 [egg:core] dump config after ready, 3ms
2019-07-17 22:10:12,684 INFO 9188 [egg:logger] init all loggers with options: {"dir":"/Users/maxianfei/learnData/Egg/formalEgg/logs/formalEgg","encoding":"utf8","env":"local","level":"INFO","consoleLevel":"INFO","disableConsoleAfterReady":false,"outputJSON":false,"buffer":true,"appLogName":"formalEgg-web.log","coreLogName":"egg-web.log","agentLogName":"egg-agent.log","errorLogName":"common-error.log","coreLogger":{"consoleLevel":"WARN"},"allowDebugAtProd":false,"type":"application"}
2019-07-17 22:10:12,704 INFO 9188 [egg-multipart] stream mode enable
2019-07-17 22:10:12,861 INFO 9188 [egg-static] starting static serve /public/ -> /Users/maxianfei/learnData/Egg/formalEgg/app/public
2019-07-17 22:10:12,862 WARN 9188 [egg-security] Please set `match` or `ignore` on sub config
2019-07-17 22:10:12,863 INFO 9188 [egg-security] use noopen middleware
2019-07-17 22:10:12,864 INFO 9188 [egg-security] use nosniff middleware
2019-07-17 22:10:12,864 INFO 9188 [egg-security] use xssProtection middleware
2019-07-17 22:10:12,864 INFO 9188 [egg-security] use xframe middleware
2019-07-17 22:10:12,864 INFO 9188 [egg-security] use dta middleware
2019-07-17 22:10:12,864 INFO 9188 [egg-security] compose 5 middlewares into one security middleware
2019-07-17 22:10:12,877 INFO 9188 [egg:core] dump config after load, 5ms
2019-07-17 22:10:12,941 INFO 9188 [egg-watcher:application] watcher start success
2019-07-17 22:10:12,959 INFO 9188 [egg:core] dump config after ready, 3ms
2019-07-17 22:10:35,627 INFO 9194 [egg:logger] init all loggers with options: {"dir":"/Users/maxianfei/learnData/Egg/formalEgg/logs/formalEgg","encoding":"utf8","env":"local","level":"INFO","consoleLevel":"INFO","disableConsoleAfterReady":false,"outputJSON":false,"buffer":true,"appLogName":"formalEgg-web.log","coreLogName":"egg-web.log","agentLogName":"egg-agent.log","errorLogName":"common-error.log","coreLogger":{"consoleLevel":"WARN"},"allowDebugAtProd":false,"type":"application"}
2019-07-17 22:10:35,647 INFO 9194 [egg-multipart] stream mode enable
2019-07-17 22:10:35,784 INFO 9194 [egg-static] starting static serve /public/ -> /Users/maxianfei/learnData/Egg/formalEgg/app/public
2019-07-17 22:10:35,785 WARN 9194 [egg-security] Please set `match` or `ignore` on sub config
2019-07-17 22:10:35,786 INFO 9194 [egg-security] use noopen middleware
2019-07-17 22:10:35,787 INFO 9194 [egg-security] use nosniff middleware
2019-07-17 22:10:35,787 INFO 9194 [egg-security] use xssProtection middleware
2019-07-17 22:10:35,787 INFO 9194 [egg-security] use xframe middleware
2019-07-17 22:10:35,787 INFO 9194 [egg-security] use dta middleware
2019-07-17 22:10:35,787 INFO 9194 [egg-security] compose 5 middlewares into one security middleware
2019-07-17 22:10:35,798 INFO 9194 [egg:core] dump config after load, 4ms
2019-07-17 22:10:35,852 INFO 9194 [egg-watcher:application] watcher start success
2019-07-17 22:10:35,881 INFO 9194 [egg:core] dump config after ready, 3ms
2019-07-17 22:11:01,005 INFO 9205 [egg:logger] init all loggers with options: {"dir":"/Users/maxianfei/learnData/Egg/formalEgg/logs/formalEgg","encoding":"utf8","env":"local","level":"INFO","consoleLevel":"INFO","disableConsoleAfterReady":false,"outputJSON":false,"buffer":true,"appLogName":"formalEgg-web.log","coreLogName":"egg-web.log","agentLogName":"egg-agent.log","errorLogName":"common-error.log","coreLogger":{"consoleLevel":"WARN"},"allowDebugAtProd":false,"type":"application"}
2019-07-17 22:11:01,025 INFO 9205 [egg-multipart] stream mode enable
2019-07-17 22:11:01,158 INFO 9205 [egg-static] starting static serve /public/ -> /Users/maxianfei/learnData/Egg/formalEgg/app/public
2019-07-17 22:11:01,159 WARN 9205 [egg-security] Please set `match` or `ignore` on sub config
2019-07-17 22:11:01,160 INFO 9205 [egg-security] use noopen middleware
2019-07-17 22:11:01,161 INFO 9205 [egg-security] use nosniff middleware
2019-07-17 22:11:01,161 INFO 9205 [egg-security] use xssProtection middleware
2019-07-17 22:11:01,161 INFO 9205 [egg-security] use xframe middleware
2019-07-17 22:11:01,161 INFO 9205 [egg-security] use dta middleware
2019-07-17 22:11:01,161 INFO 9205 [egg-security] compose 5 middlewares into one security middleware
2019-07-17 22:11:01,171 INFO 9205 [egg:core] dump config after load, 4ms
2019-07-17 22:11:01,227 INFO 9205 [egg-watcher:application] watcher start success
2019-07-17 22:11:01,252 INFO 9205 [egg:core] dump config after ready, 2ms
2019-07-17 22:23:16,600 INFO 9472 [egg:logger] init all loggers with options: {"dir":"/Users/maxianfei/learnData/Egg/formalEgg/logs/formalEgg","encoding":"utf8","env":"local","level":"INFO","consoleLevel":"INFO","disableConsoleAfterReady":false,"outputJSON":false,"buffer":true,"appLogName":"formalEgg-web.log","coreLogName":"egg-web.log","agentLogName":"egg-agent.log","errorLogName":"common-error.log","coreLogger":{"consoleLevel":"WARN"},"allowDebugAtProd":false,"type":"application"}
2019-07-17 22:23:16,620 INFO 9472 [egg-multipart] stream mode enable
2019-07-17 22:23:16,742 INFO 9472 [egg-static] starting static serve /public/ -> /Users/maxianfei/learnData/Egg/formalEgg/app/public
2019-07-17 22:23:16,743 WARN 9472 [egg-security] Please set `match` or `ignore` on sub config
2019-07-17 22:23:16,744 INFO 9472 [egg-security] use noopen middleware
2019-07-17 22:23:16,744 INFO 9472 [egg-security] use nosniff middleware
2019-07-17 22:23:16,744 INFO 9472 [egg-security] use xssProtection middleware
2019-07-17 22:23:16,745 INFO 9472 [egg-security] use xframe middleware
2019-07-17 22:23:16,745 INFO 9472 [egg-security] use dta middleware
2019-07-17 22:23:16,745 INFO 9472 [egg-security] compose 5 middlewares into one security middleware
2019-07-17 22:23:16,755 INFO 9472 [egg:core] dump config after load, 3ms
2019-07-17 22:23:16,803 INFO 9472 [egg-watcher:application] watcher start success
2019-07-17 22:23:16,829 INFO 9472 [egg:core] dump config after ready, 3ms
2019-07-17 22:26:24,063 INFO 9497 [egg:logger] init all loggers with options: {"dir":"/Users/maxianfei/learnData/Egg/formalEgg/logs/formalEgg","encoding":"utf8","env":"local","level":"INFO","consoleLevel":"INFO","disableConsoleAfterReady":false,"outputJSON":false,"buffer":true,"appLogName":"formalEgg-web.log","coreLogName":"egg-web.log","agentLogName":"egg-agent.log","errorLogName":"common-error.log","coreLogger":{"consoleLevel":"WARN"},"allowDebugAtProd":false,"type":"application"}
2019-07-17 22:26:24,083 INFO 9497 [egg-multipart] stream mode enable
2019-07-17 22:26:24,210 INFO 9497 [egg-static] starting static serve /public/ -> /Users/maxianfei/learnData/Egg/formalEgg/app/public
2019-07-17 22:26:24,211 WARN 9497 [egg-security] Please set `match` or `ignore` on sub config
2019-07-17 22:26:24,212 INFO 9497 [egg-security] use noopen middleware
2019-07-17 22:26:24,213 INFO 9497 [egg-security] use nosniff middleware
2019-07-17 22:26:24,213 INFO 9497 [egg-security] use xssProtection middleware
2019-07-17 22:26:24,213 INFO 9497 [egg-security] use xframe middleware
2019-07-17 22:26:24,213 INFO 9497 [egg-security] use dta middleware
2019-07-17 22:26:24,213 INFO 9497 [egg-security] compose 5 middlewares into one security middleware
2019-07-17 22:26:24,223 INFO 9497 [egg:core] dump config after load, 4ms
2019-07-17 22:26:24,276 INFO 9497 [egg-watcher:application] watcher start success
2019-07-17 22:26:24,302 INFO 9497 [egg:core] dump config after ready, 3ms
2019-07-17 22:28:42,191 INFO 9527 [egg:logger] init all loggers with options: {"dir":"/Users/maxianfei/learnData/Egg/formalEgg/logs/formalEgg","encoding":"utf8","env":"local","level":"INFO","consoleLevel":"INFO","disableConsoleAfterReady":false,"outputJSON":false,"buffer":true,"appLogName":"formalEgg-web.log","coreLogName":"egg-web.log","agentLogName":"egg-agent.log","errorLogName":"common-error.log","coreLogger":{"consoleLevel":"WARN"},"allowDebugAtProd":false,"type":"application"}
2019-07-17 22:28:42,210 INFO 9527 [egg-multipart] stream mode enable
2019-07-17 22:28:42,340 INFO 9527 [egg-static] starting static serve /public/ -> /Users/maxianfei/learnData/Egg/formalEgg/app/public
2019-07-17 22:28:42,341 WARN 9527 [egg-security] Please set `match` or `ignore` on sub config
2019-07-17 22:28:42,342 INFO 9527 [egg-security] use noopen middleware
2019-07-17 22:28:42,342 INFO 9527 [egg-security] use nosniff middleware
2019-07-17 22:28:42,342 INFO 9527 [egg-security] use xssProtection middleware
2019-07-17 22:28:42,343 INFO 9527 [egg-security] use xframe middleware
2019-07-17 22:28:42,343 INFO 9527 [egg-security] use dta middleware
2019-07-17 22:28:42,343 INFO 9527 [egg-security] compose 5 middlewares into one security middleware
2019-07-17 22:28:42,352 INFO 9527 [egg:core] dump config after load, 4ms
2019-07-17 22:28:42,404 INFO 9527 [egg-watcher:application] watcher start success
2019-07-17 22:28:42,428 INFO 9527 [egg:core] dump config after ready, 2ms
2019-07-17 22:53:35,356 WARN 9527 [ClusterClient:Watcher] follower closed, and try to init it again
2019-07-18 00:48:41,648 WARN 9527 [ClusterClient:Watcher] follower closed, and try to init it again
2019-07-18 02:36:48,486 WARN 9527 [TCPBase] socket is closed by other side while there were still unhandled data in the socket buffer
2019-07-18 02:36:48,488 WARN 9527 [ClusterClient:Watcher] follower closed, and try to init it again
2019-07-18 10:49:41,185 WARN 9527 [ClusterClient:Watcher] follower closed, and try to init it again
2019-07-18 22:45:02,289 WARN 9527 [ClusterClient:Watcher] follower closed, and try to init it again
2019-07-19 08:50:47,063 WARN 9527 [ClusterClient:Watcher] follower closed, and try to init it again
2019-07-19 09:01:44,232 INFO 10171 [egg:logger] init all loggers with options: {"dir":"/Users/maxianfei/learnData/Egg/formalEgg/logs/formalEgg","encoding":"utf8","env":"local","level":"INFO","consoleLevel":"INFO","disableConsoleAfterReady":false,"outputJSON":false,"buffer":true,"appLogName":"formalEgg-web.log","coreLogName":"egg-web.log","agentLogName":"egg-agent.log","errorLogName":"common-error.log","coreLogger":{"consoleLevel":"WARN"},"allowDebugAtProd":false,"type":"application"}
2019-07-19 09:01:44,254 INFO 10171 [egg-multipart] stream mode enable
2019-07-19 09:01:44,532 INFO 10171 [egg-static] starting static serve /public/ -> /Users/maxianfei/learnData/Egg/formalEgg/app/public
2019-07-19 09:01:44,533 WARN 10171 [egg-security] Please set `match` or `ignore` on sub config
2019-07-19 09:01:44,534 INFO 10171 [egg-security] use noopen middleware
2019-07-19 09:01:44,535 INFO 10171 [egg-security] use nosniff middleware
2019-07-19 09:01:44,535 INFO 10171 [egg-security] use xssProtection middleware
2019-07-19 09:01:44,536 INFO 10171 [egg-security] use xframe middleware
2019-07-19 09:01:44,537 INFO 10171 [egg-security] use dta middleware
2019-07-19 09:01:44,537 INFO 10171 [egg-security] compose 5 middlewares into one security middleware
2019-07-19 09:01:44,557 INFO 10171 [egg:core] dump config after load, 6ms
2019-07-19 09:01:44,640 INFO 10171 [egg-watcher:application] watcher start success
2019-07-19 09:01:44,741 INFO 10171 [egg:core] dump config after ready, 4ms
2019-07-19 09:02:45,436 INFO 10183 [egg:logger] init all loggers with options: {"dir":"/Users/maxianfei/learnData/Egg/formalEgg/logs/formalEgg","encoding":"utf8","env":"local","level":"INFO","consoleLevel":"INFO","disableConsoleAfterReady":false,"outputJSON":false,"buffer":true,"appLogName":"formalEgg-web.log","coreLogName":"egg-web.log","agentLogName":"egg-agent.log","errorLogName":"common-error.log","coreLogger":{"consoleLevel":"WARN"},"allowDebugAtProd":false,"type":"application"}
2019-07-19 09:02:45,455 INFO 10183 [egg-multipart] stream mode enable
2019-07-19 09:02:45,582 INFO 10183 [egg-static] starting static serve /public/ -> /Users/maxianfei/learnData/Egg/formalEgg/app/public
2019-07-19 09:02:45,583 WARN 10183 [egg-security] Please set `match` or `ignore` on sub config
2019-07-19 09:02:45,584 INFO 10183 [egg-security] use noopen middleware
2019-07-19 09:02:45,584 INFO 10183 [egg-security] use nosniff middleware
2019-07-19 09:02:45,585 INFO 10183 [egg-security] use xssProtection middleware
2019-07-19 09:02:45,585 INFO 10183 [egg-security] use xframe middleware
2019-07-19 09:02:45,585 INFO 10183 [egg-security] use dta middleware
2019-07-19 09:02:45,585 INFO 10183 [egg-security] compose 5 middlewares into one security middleware
2019-07-19 09:02:45,595 INFO 10183 [egg:core] dump config after load, 4ms
2019-07-19 09:02:45,647 INFO 10183 [egg-watcher:application] watcher start success
2019-07-19 09:02:45,673 INFO 10183 [egg:core] dump config after ready, 3ms
2019-07-19 09:05:32,065 INFO 10209 [egg:logger] init all loggers with options: {"dir":"/Users/maxianfei/learnData/Egg/formalEgg/logs/formalEgg","encoding":"utf8","env":"local","level":"INFO","consoleLevel":"INFO","disableConsoleAfterReady":false,"outputJSON":false,"buffer":true,"appLogName":"formalEgg-web.log","coreLogName":"egg-web.log","agentLogName":"egg-agent.log","errorLogName":"common-error.log","coreLogger":{"consoleLevel":"WARN"},"allowDebugAtProd":false,"type":"application"}
2019-07-19 09:05:32,084 INFO 10209 [egg-multipart] stream mode enable
2019-07-19 09:05:32,203 INFO 10209 [egg-static] starting static serve /public/ -> /Users/maxianfei/learnData/Egg/formalEgg/app/public
2019-07-19 09:05:32,204 WARN 10209 [egg-security] Please set `match` or `ignore` on sub config
2019-07-19 09:05:32,205 INFO 10209 [egg-security] use noopen middleware
2019-07-19 09:05:32,206 INFO 10209 [egg-security] use nosniff middleware
2019-07-19 09:05:32,206 INFO 10209 [egg-security] use xssProtection middleware
2019-07-19 09:05:32,206 INFO 10209 [egg-security] use xframe middleware
2019-07-19 09:05:32,206 INFO 10209 [egg-security] use dta middleware
2019-07-19 09:05:32,206 INFO 10209 [egg-security] compose 5 middlewares into one security middleware
2019-07-19 09:05:32,215 INFO 10209 [egg:core] dump config after load, 3ms
2019-07-19 09:05:32,262 INFO 10209 [egg-watcher:application] watcher start success
2019-07-19 09:05:32,288 INFO 10209 [egg:core] dump config after ready, 2ms
2019-07-19 09:12:27,474 INFO 10258 [egg:logger] init all loggers with options: {"dir":"/Users/maxianfei/learnData/Egg/formalEgg/logs/formalEgg","encoding":"utf8","env":"local","level":"INFO","consoleLevel":"INFO","disableConsoleAfterReady":false,"outputJSON":false,"buffer":true,"appLogName":"formalEgg-web.log","coreLogName":"egg-web.log","agentLogName":"egg-agent.log","errorLogName":"common-error.log","coreLogger":{"consoleLevel":"WARN"},"allowDebugAtProd":false,"type":"application"}
2019-07-19 09:12:27,492 INFO 10258 [egg-multipart] stream mode enable
2019-07-19 09:12:27,627 INFO 10258 [egg-static] starting static serve /public/ -> /Users/maxianfei/learnData/Egg/formalEgg/app/public
2019-07-19 09:12:27,628 WARN 10258 [egg-security] Please set `match` or `ignore` on sub config
2019-07-19 09:12:27,630 INFO 10258 [egg-security] use noopen middleware
2019-07-19 09:12:27,631 INFO 10258 [egg-security] use nosniff middleware
2019-07-19 09:12:27,631 INFO 10258 [egg-security] use xssProtection middleware
2019-07-19 09:12:27,632 INFO 10258 [egg-security] use xframe middleware
2019-07-19 09:12:27,632 INFO 10258 [egg-security] use dta middleware
2019-07-19 09:12:27,632 INFO 10258 [egg-security] compose 5 middlewares into one security middleware
2019-07-19 09:12:27,644 INFO 10258 [egg:core] dump config after load, 5ms
2019-07-19 09:12:27,700 INFO 10258 [egg-watcher:application] watcher start success
2019-07-19 09:12:27,727 INFO 10258 [egg:core] dump config after ready, 4ms
2019-07-19 09:13:34,014 INFO 10276 [egg:logger] init all loggers with options: {"dir":"/Users/maxianfei/learnData/Egg/formalEgg/logs/formalEgg","encoding":"utf8","env":"local","level":"INFO","consoleLevel":"INFO","disableConsoleAfterReady":false,"outputJSON":false,"buffer":true,"appLogName":"formalEgg-web.log","coreLogName":"egg-web.log","agentLogName":"egg-agent.log","errorLogName":"common-error.log","coreLogger":{"consoleLevel":"WARN"},"allowDebugAtProd":false,"type":"application"}
2019-07-19 09:13:34,032 INFO 10276 [egg-multipart] stream mode enable
2019-07-19 09:13:34,152 INFO 10276 [egg-static] starting static serve /public/ -> /Users/maxianfei/learnData/Egg/formalEgg/app/public
2019-07-19 09:13:34,152 WARN 10276 [egg-security] Please set `match` or `ignore` on sub config
2019-07-19 09:13:34,154 INFO 10276 [egg-security] use noopen middleware
2019-07-19 09:13:34,154 INFO 10276 [egg-security] use nosniff middleware
2019-07-19 09:13:34,154 INFO 10276 [egg-security] use xssProtection middleware
2019-07-19 09:13:34,154 INFO 10276 [egg-security] use xframe middleware
2019-07-19 09:13:34,154 INFO 10276 [egg-security] use dta middleware
2019-07-19 09:13:34,154 INFO 10276 [egg-security] compose 5 middlewares into one security middleware
2019-07-19 09:13:34,165 INFO 10276 [egg:core] dump config after load, 3ms
2019-07-19 09:13:34,212 INFO 10276 [egg-watcher:application] watcher start success
2019-07-19 09:13:34,238 INFO 10276 [egg:core] dump config after ready, 2ms
2019-07-19 09:15:00,695 INFO 10288 [egg:logger] init all loggers with options: {"dir":"/Users/maxianfei/learnData/Egg/formalEgg/logs/formalEgg","encoding":"utf8","env":"local","level":"INFO","consoleLevel":"INFO","disableConsoleAfterReady":false,"outputJSON":false,"buffer":true,"appLogName":"formalEgg-web.log","coreLogName":"egg-web.log","agentLogName":"egg-agent.log","errorLogName":"common-error.log","coreLogger":{"consoleLevel":"WARN"},"allowDebugAtProd":false,"type":"application"}
2019-07-19 09:15:00,714 INFO 10288 [egg-multipart] stream mode enable
2019-07-19 09:15:00,837 INFO 10288 [egg-static] starting static serve /public/ -> /Users/maxianfei/learnData/Egg/formalEgg/app/public
2019-07-19 09:15:00,838 WARN 10288 [egg-security] Please set `match` or `ignore` on sub config
2019-07-19 09:15:00,839 INFO 10288 [egg-security] use noopen middleware
2019-07-19 09:15:00,840 INFO 10288 [egg-security] use nosniff middleware
2019-07-19 09:15:00,840 INFO 10288 [egg-security] use xssProtection middleware
2019-07-19 09:15:00,840 INFO 10288 [egg-security] use xframe middleware
2019-07-19 09:15:00,840 INFO 10288 [egg-security] use dta middleware
2019-07-19 09:15:00,840 INFO 10288 [egg-security] compose 5 middlewares into one security middleware
2019-07-19 09:15:00,851 INFO 10288 [egg:core] dump config after load, 4ms
2019-07-19 09:15:00,904 INFO 10288 [egg-watcher:application] watcher start success
2019-07-19 09:15:00,930 INFO 10288 [egg:core] dump config after ready, 3ms
2019-07-19 11:11:04,474 INFO 11122 [egg:logger] init all loggers with options: {"dir":"/Users/maxianfei/learnData/Egg/formalEgg/logs/formalEgg","encoding":"utf8","env":"local","level":"INFO","consoleLevel":"INFO","disableConsoleAfterReady":false,"outputJSON":false,"buffer":true,"appLogName":"formalEgg-web.log","coreLogName":"egg-web.log","agentLogName":"egg-agent.log","errorLogName":"common-error.log","coreLogger":{"consoleLevel":"WARN"},"allowDebugAtProd":false,"type":"application"}
2019-07-19 11:11:04,493 INFO 11122 [egg-multipart] stream mode enable
2019-07-19 11:11:04,615 INFO 11122 [egg-static] starting static serve /public/ -> /Users/maxianfei/learnData/Egg/formalEgg/app/public
2019-07-19 11:11:04,616 WARN 11122 [egg-security] Please set `match` or `ignore` on sub config
2019-07-19 11:11:04,617 INFO 11122 [egg-security] use noopen middleware
2019-07-19 11:11:04,618 INFO 11122 [egg-security] use nosniff middleware
2019-07-19 11:11:04,618 INFO 11122 [egg-security] use xssProtection middleware
2019-07-19 11:11:04,618 INFO 11122 [egg-security] use xframe middleware
2019-07-19 11:11:04,618 INFO 11122 [egg-security] use dta middleware
2019-07-19 11:11:04,618 INFO 11122 [egg-security] compose 5 middlewares into one security middleware
2019-07-19 11:11:04,630 INFO 11122 [egg:core] dump config after load, 4ms
2019-07-19 11:11:04,699 INFO 11122 [egg-watcher:application] watcher start success
2019-07-19 11:11:04,718 INFO 11122 [egg:core] dump config after ready, 4ms
2019-07-19 11:14:55,759 INFO 11173 [egg:logger] init all loggers with options: {"dir":"/Users/maxianfei/learnData/Egg/formalEgg/logs/formalEgg","encoding":"utf8","env":"local","level":"INFO","consoleLevel":"INFO","disableConsoleAfterReady":false,"outputJSON":false,"buffer":true,"appLogName":"formalEgg-web.log","coreLogName":"egg-web.log","agentLogName":"egg-agent.log","errorLogName":"common-error.log","coreLogger":{"consoleLevel":"WARN"},"allowDebugAtProd":false,"type":"application"}
2019-07-19 11:14:55,778 INFO 11173 [egg-multipart] stream mode enable
2019-07-19 11:14:55,901 INFO 11173 [egg-static] starting static serve /public/ -> /Users/maxianfei/learnData/Egg/formalEgg/app/public
2019-07-19 11:14:55,902 WARN 11173 [egg-security] Please set `match` or `ignore` on sub config
2019-07-19 11:14:55,903 INFO 11173 [egg-security] use noopen middleware
2019-07-19 11:14:55,904 INFO 11173 [egg-security] use nosniff middleware
2019-07-19 11:14:55,904 INFO 11173 [egg-security] use xssProtection middleware
2019-07-19 11:14:55,904 INFO 11173 [egg-security] use xframe middleware
2019-07-19 11:14:55,904 INFO 11173 [egg-security] use dta middleware
2019-07-19 11:14:55,904 INFO 11173 [egg-security] compose 5 middlewares into one security middleware
2019-07-19 11:14:55,917 INFO 11173 [egg:core] dump config after load, 4ms
2019-07-19 11:14:55,973 INFO 11173 [egg-watcher:application] watcher start success
2019-07-19 11:14:55,999 INFO 11173 [egg:core] dump config after ready, 3ms
