2019-07-17 15:23:57,801 INFO 6326 [egg-schedule]: register schedule /Users/maxianfei/learnData/Egg/formalEgg/node_modules/_egg-multipart@2.7.1@egg-multipart/app/schedule/clean_tmpdir.js
2019-07-17 15:23:57,801 INFO 6326 [egg-schedule]: register schedule /Users/maxianfei/learnData/Egg/formalEgg/node_modules/_egg-logrotator@3.1.0@egg-logrotator/app/schedule/clean_log.js
2019-07-17 15:23:57,801 INFO 6326 [egg-schedule]: register schedule /Users/maxianfei/learnData/Egg/formalEgg/node_modules/_egg-logrotator@3.1.0@egg-logrotator/app/schedule/rotate_by_file.js
2019-07-17 15:23:58,034 INFO 6321 [Timer] /Users/maxianfei/learnData/Egg/formalEgg/node_modules/_egg-multipart@2.7.1@egg-multipart/app/schedule/clean_tmpdir.js next time will execute after 47161968ms at 2019-07-18 04:30:00.002
2019-07-17 15:23:58,034 INFO 6321 [Timer] /Users/maxianfei/learnData/Egg/formalEgg/node_modules/_egg-logrotator@3.1.0@egg-logrotator/app/schedule/clean_log.js next time will execute after 30961966ms at 2019-07-18 00:00:00.000
2019-07-17 15:23:58,034 INFO 6321 [Timer] /Users/maxianfei/learnData/Egg/formalEgg/node_modules/_egg-logrotator@3.1.0@egg-logrotator/app/schedule/rotate_by_file.js next time will execute after 30962966ms at 2019-07-18 00:00:01.000
2019-07-17 15:30:00,039 INFO 6372 [egg-schedule]: register schedule /Users/maxianfei/learnData/Egg/formalEgg/node_modules/_egg-multipart@2.7.1@egg-multipart/app/schedule/clean_tmpdir.js
2019-07-17 15:30:00,039 INFO 6372 [egg-schedule]: register schedule /Users/maxianfei/learnData/Egg/formalEgg/node_modules/_egg-logrotator@3.1.0@egg-logrotator/app/schedule/clean_log.js
2019-07-17 15:30:00,039 INFO 6372 [egg-schedule]: register schedule /Users/maxianfei/learnData/Egg/formalEgg/node_modules/_egg-logrotator@3.1.0@egg-logrotator/app/schedule/rotate_by_file.js
2019-07-17 15:38:23,753 INFO 6584 [egg-schedule]: register schedule /Users/maxianfei/learnData/Egg/formalEgg/node_modules/_egg-multipart@2.7.1@egg-multipart/app/schedule/clean_tmpdir.js
2019-07-17 15:38:23,753 INFO 6584 [egg-schedule]: register schedule /Users/maxianfei/learnData/Egg/formalEgg/node_modules/_egg-logrotator@3.1.0@egg-logrotator/app/schedule/clean_log.js
2019-07-17 15:38:23,753 INFO 6584 [egg-schedule]: register schedule /Users/maxianfei/learnData/Egg/formalEgg/node_modules/_egg-logrotator@3.1.0@egg-logrotator/app/schedule/rotate_by_file.js
2019-07-17 15:38:30,549 INFO 6586 [egg-schedule]: register schedule /Users/maxianfei/learnData/Egg/formalEgg/node_modules/_egg-multipart@2.7.1@egg-multipart/app/schedule/clean_tmpdir.js
2019-07-17 15:38:30,550 INFO 6586 [egg-schedule]: register schedule /Users/maxianfei/learnData/Egg/formalEgg/node_modules/_egg-logrotator@3.1.0@egg-logrotator/app/schedule/clean_log.js
2019-07-17 15:38:30,550 INFO 6586 [egg-schedule]: register schedule /Users/maxianfei/learnData/Egg/formalEgg/node_modules/_egg-logrotator@3.1.0@egg-logrotator/app/schedule/rotate_by_file.js
2019-07-17 15:39:17,727 INFO 6589 [egg-schedule]: register schedule /Users/maxianfei/learnData/Egg/formalEgg/node_modules/_egg-multipart@2.7.1@egg-multipart/app/schedule/clean_tmpdir.js
2019-07-17 15:39:17,727 INFO 6589 [egg-schedule]: register schedule /Users/maxianfei/learnData/Egg/formalEgg/node_modules/_egg-logrotator@3.1.0@egg-logrotator/app/schedule/clean_log.js
2019-07-17 15:39:17,727 INFO 6589 [egg-schedule]: register schedule /Users/maxianfei/learnData/Egg/formalEgg/node_modules/_egg-logrotator@3.1.0@egg-logrotator/app/schedule/rotate_by_file.js
2019-07-17 15:46:22,499 INFO 6614 [egg-schedule]: register schedule /Users/maxianfei/learnData/Egg/formalEgg/node_modules/_egg-multipart@2.7.1@egg-multipart/app/schedule/clean_tmpdir.js
2019-07-17 15:46:22,499 INFO 6614 [egg-schedule]: register schedule /Users/maxianfei/learnData/Egg/formalEgg/node_modules/_egg-logrotator@3.1.0@egg-logrotator/app/schedule/clean_log.js
2019-07-17 15:46:22,499 INFO 6614 [egg-schedule]: register schedule /Users/maxianfei/learnData/Egg/formalEgg/node_modules/_egg-logrotator@3.1.0@egg-logrotator/app/schedule/rotate_by_file.js
2019-07-17 16:01:22,094 INFO 6654 [egg-schedule]: register schedule /Users/maxianfei/learnData/Egg/formalEgg/node_modules/_egg-multipart@2.7.1@egg-multipart/app/schedule/clean_tmpdir.js
2019-07-17 16:01:22,094 INFO 6654 [egg-schedule]: register schedule /Users/maxianfei/learnData/Egg/formalEgg/node_modules/_egg-logrotator@3.1.0@egg-logrotator/app/schedule/clean_log.js
2019-07-17 16:01:22,094 INFO 6654 [egg-schedule]: register schedule /Users/maxianfei/learnData/Egg/formalEgg/node_modules/_egg-logrotator@3.1.0@egg-logrotator/app/schedule/rotate_by_file.js
2019-07-17 16:03:14,663 INFO 6837 [Timer] /Users/maxianfei/learnData/Egg/formalEgg/node_modules/_egg-multipart@2.7.1@egg-multipart/app/schedule/clean_tmpdir.js next time will execute after 44805340ms at 2019-07-18 04:30:00.003
2019-07-17 16:03:14,663 INFO 6837 [Timer] /Users/maxianfei/learnData/Egg/formalEgg/node_modules/_egg-logrotator@3.1.0@egg-logrotator/app/schedule/clean_log.js next time will execute after 28605337ms at 2019-07-18 00:00:00.000
2019-07-17 16:03:14,663 INFO 6837 [Timer] /Users/maxianfei/learnData/Egg/formalEgg/node_modules/_egg-logrotator@3.1.0@egg-logrotator/app/schedule/rotate_by_file.js next time will execute after 28606337ms at 2019-07-18 00:00:01.000
2019-07-17 16:03:14,436 INFO 6842 [egg-schedule]: register schedule /Users/maxianfei/learnData/Egg/formalEgg/node_modules/_egg-multipart@2.7.1@egg-multipart/app/schedule/clean_tmpdir.js
2019-07-17 16:03:14,436 INFO 6842 [egg-schedule]: register schedule /Users/maxianfei/learnData/Egg/formalEgg/node_modules/_egg-logrotator@3.1.0@egg-logrotator/app/schedule/clean_log.js
2019-07-17 16:03:14,436 INFO 6842 [egg-schedule]: register schedule /Users/maxianfei/learnData/Egg/formalEgg/node_modules/_egg-logrotator@3.1.0@egg-logrotator/app/schedule/rotate_by_file.js
2019-07-17 16:03:55,084 INFO 6846 [egg-schedule]: register schedule /Users/maxianfei/learnData/Egg/formalEgg/node_modules/_egg-multipart@2.7.1@egg-multipart/app/schedule/clean_tmpdir.js
2019-07-17 16:03:55,084 INFO 6846 [egg-schedule]: register schedule /Users/maxianfei/learnData/Egg/formalEgg/node_modules/_egg-logrotator@3.1.0@egg-logrotator/app/schedule/clean_log.js
2019-07-17 16:03:55,084 INFO 6846 [egg-schedule]: register schedule /Users/maxianfei/learnData/Egg/formalEgg/node_modules/_egg-logrotator@3.1.0@egg-logrotator/app/schedule/rotate_by_file.js
2019-07-17 16:04:20,905 INFO 6851 [egg-schedule]: register schedule /Users/maxianfei/learnData/Egg/formalEgg/node_modules/_egg-multipart@2.7.1@egg-multipart/app/schedule/clean_tmpdir.js
2019-07-17 16:04:20,905 INFO 6851 [egg-schedule]: register schedule /Users/maxianfei/learnData/Egg/formalEgg/node_modules/_egg-logrotator@3.1.0@egg-logrotator/app/schedule/clean_log.js
2019-07-17 16:04:20,905 INFO 6851 [egg-schedule]: register schedule /Users/maxianfei/learnData/Egg/formalEgg/node_modules/_egg-logrotator@3.1.0@egg-logrotator/app/schedule/rotate_by_file.js
2019-07-17 16:04:40,941 INFO 6852 [egg-schedule]: register schedule /Users/maxianfei/learnData/Egg/formalEgg/node_modules/_egg-multipart@2.7.1@egg-multipart/app/schedule/clean_tmpdir.js
2019-07-17 16:04:40,941 INFO 6852 [egg-schedule]: register schedule /Users/maxianfei/learnData/Egg/formalEgg/node_modules/_egg-logrotator@3.1.0@egg-logrotator/app/schedule/clean_log.js
2019-07-17 16:04:40,941 INFO 6852 [egg-schedule]: register schedule /Users/maxianfei/learnData/Egg/formalEgg/node_modules/_egg-logrotator@3.1.0@egg-logrotator/app/schedule/rotate_by_file.js
2019-07-17 16:09:37,009 INFO 6872 [egg-schedule]: register schedule /Users/maxianfei/learnData/Egg/formalEgg/node_modules/_egg-multipart@2.7.1@egg-multipart/app/schedule/clean_tmpdir.js
2019-07-17 16:09:37,009 INFO 6872 [egg-schedule]: register schedule /Users/maxianfei/learnData/Egg/formalEgg/node_modules/_egg-logrotator@3.1.0@egg-logrotator/app/schedule/clean_log.js
2019-07-17 16:09:37,009 INFO 6872 [egg-schedule]: register schedule /Users/maxianfei/learnData/Egg/formalEgg/node_modules/_egg-logrotator@3.1.0@egg-logrotator/app/schedule/rotate_by_file.js
2019-07-17 17:06:07,912 INFO 7088 [egg-schedule]: register schedule /Users/maxianfei/learnData/Egg/formalEgg/node_modules/_egg-multipart@2.7.1@egg-multipart/app/schedule/clean_tmpdir.js
2019-07-17 17:06:07,912 INFO 7088 [egg-schedule]: register schedule /Users/maxianfei/learnData/Egg/formalEgg/node_modules/_egg-logrotator@3.1.0@egg-logrotator/app/schedule/clean_log.js
2019-07-17 17:06:07,912 INFO 7088 [egg-schedule]: register schedule /Users/maxianfei/learnData/Egg/formalEgg/node_modules/_egg-logrotator@3.1.0@egg-logrotator/app/schedule/rotate_by_file.js
2019-07-17 17:06:08,112 INFO 7083 [Timer] /Users/maxianfei/learnData/Egg/formalEgg/node_modules/_egg-multipart@2.7.1@egg-multipart/app/schedule/clean_tmpdir.js next time will execute after 41031891ms at 2019-07-18 04:30:00.003
2019-07-17 17:06:08,112 INFO 7083 [Timer] /Users/maxianfei/learnData/Egg/formalEgg/node_modules/_egg-logrotator@3.1.0@egg-logrotator/app/schedule/clean_log.js next time will execute after 24831888ms at 2019-07-18 00:00:00.000
2019-07-17 17:06:08,112 INFO 7083 [Timer] /Users/maxianfei/learnData/Egg/formalEgg/node_modules/_egg-logrotator@3.1.0@egg-logrotator/app/schedule/rotate_by_file.js next time will execute after 24832888ms at 2019-07-18 00:00:01.000
2019-07-17 17:24:08,189 INFO 7298 [egg-schedule]: register schedule /Users/maxianfei/learnData/Egg/formalEgg/node_modules/_egg-multipart@2.7.1@egg-multipart/app/schedule/clean_tmpdir.js
2019-07-17 17:24:08,189 INFO 7298 [egg-schedule]: register schedule /Users/maxianfei/learnData/Egg/formalEgg/node_modules/_egg-logrotator@3.1.0@egg-logrotator/app/schedule/clean_log.js
2019-07-17 17:24:08,189 INFO 7298 [egg-schedule]: register schedule /Users/maxianfei/learnData/Egg/formalEgg/node_modules/_egg-logrotator@3.1.0@egg-logrotator/app/schedule/rotate_by_file.js
2019-07-17 17:24:08,398 INFO 7293 [Timer] /Users/maxianfei/learnData/Egg/formalEgg/node_modules/_egg-multipart@2.7.1@egg-multipart/app/schedule/clean_tmpdir.js next time will execute after 39951604ms at 2019-07-18 04:30:00.002
2019-07-17 17:24:08,399 INFO 7293 [Timer] /Users/maxianfei/learnData/Egg/formalEgg/node_modules/_egg-logrotator@3.1.0@egg-logrotator/app/schedule/clean_log.js next time will execute after 23751601ms at 2019-07-18 00:00:00.000
2019-07-17 17:24:08,399 INFO 7293 [Timer] /Users/maxianfei/learnData/Egg/formalEgg/node_modules/_egg-logrotator@3.1.0@egg-logrotator/app/schedule/rotate_by_file.js next time will execute after 23752601ms at 2019-07-18 00:00:01.000
2019-07-17 17:28:35,347 INFO 7337 [egg-schedule]: register schedule /Users/maxianfei/learnData/Egg/formalEgg/node_modules/_egg-multipart@2.7.1@egg-multipart/app/schedule/clean_tmpdir.js
2019-07-17 17:28:35,347 INFO 7337 [egg-schedule]: register schedule /Users/maxianfei/learnData/Egg/formalEgg/node_modules/_egg-logrotator@3.1.0@egg-logrotator/app/schedule/clean_log.js
2019-07-17 17:28:35,347 INFO 7337 [egg-schedule]: register schedule /Users/maxianfei/learnData/Egg/formalEgg/node_modules/_egg-logrotator@3.1.0@egg-logrotator/app/schedule/rotate_by_file.js
2019-07-17 17:29:18,876 INFO 7346 [egg-schedule]: register schedule /Users/maxianfei/learnData/Egg/formalEgg/node_modules/_egg-multipart@2.7.1@egg-multipart/app/schedule/clean_tmpdir.js
2019-07-17 17:29:18,876 INFO 7346 [egg-schedule]: register schedule /Users/maxianfei/learnData/Egg/formalEgg/node_modules/_egg-logrotator@3.1.0@egg-logrotator/app/schedule/clean_log.js
2019-07-17 17:29:18,876 INFO 7346 [egg-schedule]: register schedule /Users/maxianfei/learnData/Egg/formalEgg/node_modules/_egg-logrotator@3.1.0@egg-logrotator/app/schedule/rotate_by_file.js
2019-07-17 17:29:27,975 INFO 7352 [egg-schedule]: register schedule /Users/maxianfei/learnData/Egg/formalEgg/node_modules/_egg-multipart@2.7.1@egg-multipart/app/schedule/clean_tmpdir.js
2019-07-17 17:29:27,975 INFO 7352 [egg-schedule]: register schedule /Users/maxianfei/learnData/Egg/formalEgg/node_modules/_egg-logrotator@3.1.0@egg-logrotator/app/schedule/clean_log.js
2019-07-17 17:29:27,975 INFO 7352 [egg-schedule]: register schedule /Users/maxianfei/learnData/Egg/formalEgg/node_modules/_egg-logrotator@3.1.0@egg-logrotator/app/schedule/rotate_by_file.js
2019-07-17 17:29:37,161 INFO 7356 [egg-schedule]: register schedule /Users/maxianfei/learnData/Egg/formalEgg/node_modules/_egg-multipart@2.7.1@egg-multipart/app/schedule/clean_tmpdir.js
2019-07-17 17:29:37,161 INFO 7356 [egg-schedule]: register schedule /Users/maxianfei/learnData/Egg/formalEgg/node_modules/_egg-logrotator@3.1.0@egg-logrotator/app/schedule/clean_log.js
2019-07-17 17:29:37,161 INFO 7356 [egg-schedule]: register schedule /Users/maxianfei/learnData/Egg/formalEgg/node_modules/_egg-logrotator@3.1.0@egg-logrotator/app/schedule/rotate_by_file.js
2019-07-17 17:29:47,637 INFO 7359 [egg-schedule]: register schedule /Users/maxianfei/learnData/Egg/formalEgg/node_modules/_egg-multipart@2.7.1@egg-multipart/app/schedule/clean_tmpdir.js
2019-07-17 17:29:47,637 INFO 7359 [egg-schedule]: register schedule /Users/maxianfei/learnData/Egg/formalEgg/node_modules/_egg-logrotator@3.1.0@egg-logrotator/app/schedule/clean_log.js
2019-07-17 17:29:47,637 INFO 7359 [egg-schedule]: register schedule /Users/maxianfei/learnData/Egg/formalEgg/node_modules/_egg-logrotator@3.1.0@egg-logrotator/app/schedule/rotate_by_file.js
2019-07-17 17:30:46,883 INFO 7370 [egg-schedule]: register schedule /Users/maxianfei/learnData/Egg/formalEgg/node_modules/_egg-multipart@2.7.1@egg-multipart/app/schedule/clean_tmpdir.js
2019-07-17 17:30:46,883 INFO 7370 [egg-schedule]: register schedule /Users/maxianfei/learnData/Egg/formalEgg/node_modules/_egg-logrotator@3.1.0@egg-logrotator/app/schedule/clean_log.js
2019-07-17 17:30:46,883 INFO 7370 [egg-schedule]: register schedule /Users/maxianfei/learnData/Egg/formalEgg/node_modules/_egg-logrotator@3.1.0@egg-logrotator/app/schedule/rotate_by_file.js
2019-07-17 18:02:18,693 INFO 7725 [egg-schedule]: register schedule /Users/maxianfei/learnData/Egg/formalEgg/node_modules/_egg-multipart@2.7.1@egg-multipart/app/schedule/clean_tmpdir.js
2019-07-17 18:02:18,693 INFO 7725 [egg-schedule]: register schedule /Users/maxianfei/learnData/Egg/formalEgg/node_modules/_egg-logrotator@3.1.0@egg-logrotator/app/schedule/clean_log.js
2019-07-17 18:02:18,693 INFO 7725 [egg-schedule]: register schedule /Users/maxianfei/learnData/Egg/formalEgg/node_modules/_egg-logrotator@3.1.0@egg-logrotator/app/schedule/rotate_by_file.js
2019-07-17 18:02:18,902 INFO 7720 [Timer] /Users/maxianfei/learnData/Egg/formalEgg/node_modules/_egg-multipart@2.7.1@egg-multipart/app/schedule/clean_tmpdir.js next time will execute after 37661101ms at 2019-07-18 04:30:00.003
2019-07-17 18:02:18,903 INFO 7720 [Timer] /Users/maxianfei/learnData/Egg/formalEgg/node_modules/_egg-logrotator@3.1.0@egg-logrotator/app/schedule/clean_log.js next time will execute after 21461097ms at 2019-07-18 00:00:00.000
2019-07-17 18:02:18,903 INFO 7720 [Timer] /Users/maxianfei/learnData/Egg/formalEgg/node_modules/_egg-logrotator@3.1.0@egg-logrotator/app/schedule/rotate_by_file.js next time will execute after 21462097ms at 2019-07-18 00:00:01.000
2019-07-17 18:15:37,420 INFO 7821 [egg-schedule]: register schedule /Users/maxianfei/learnData/Egg/formalEgg/node_modules/_egg-multipart@2.7.1@egg-multipart/app/schedule/clean_tmpdir.js
2019-07-17 18:15:37,420 INFO 7821 [egg-schedule]: register schedule /Users/maxianfei/learnData/Egg/formalEgg/node_modules/_egg-logrotator@3.1.0@egg-logrotator/app/schedule/clean_log.js
2019-07-17 18:15:37,420 INFO 7821 [egg-schedule]: register schedule /Users/maxianfei/learnData/Egg/formalEgg/node_modules/_egg-logrotator@3.1.0@egg-logrotator/app/schedule/rotate_by_file.js
2019-07-17 18:18:12,222 INFO 7896 [Timer] /Users/maxianfei/learnData/Egg/formalEgg/node_modules/_egg-multipart@2.7.1@egg-multipart/app/schedule/clean_tmpdir.js next time will execute after 36707781ms at 2019-07-18 04:30:00.003
2019-07-17 18:18:12,222 INFO 7896 [Timer] /Users/maxianfei/learnData/Egg/formalEgg/node_modules/_egg-logrotator@3.1.0@egg-logrotator/app/schedule/clean_log.js next time will execute after 20507778ms at 2019-07-18 00:00:00.000
2019-07-17 18:18:12,223 INFO 7896 [Timer] /Users/maxianfei/learnData/Egg/formalEgg/node_modules/_egg-logrotator@3.1.0@egg-logrotator/app/schedule/rotate_by_file.js next time will execute after 20508778ms at 2019-07-18 00:00:01.001
2019-07-17 18:18:11,997 INFO 7901 [egg-schedule]: register schedule /Users/maxianfei/learnData/Egg/formalEgg/node_modules/_egg-multipart@2.7.1@egg-multipart/app/schedule/clean_tmpdir.js
2019-07-17 18:18:11,997 INFO 7901 [egg-schedule]: register schedule /Users/maxianfei/learnData/Egg/formalEgg/node_modules/_egg-logrotator@3.1.0@egg-logrotator/app/schedule/clean_log.js
2019-07-17 18:18:11,997 INFO 7901 [egg-schedule]: register schedule /Users/maxianfei/learnData/Egg/formalEgg/node_modules/_egg-logrotator@3.1.0@egg-logrotator/app/schedule/rotate_by_file.js
2019-07-17 18:19:30,882 INFO 7912 [egg-schedule]: register schedule /Users/maxianfei/learnData/Egg/formalEgg/node_modules/_egg-multipart@2.7.1@egg-multipart/app/schedule/clean_tmpdir.js
2019-07-17 18:19:30,882 INFO 7912 [egg-schedule]: register schedule /Users/maxianfei/learnData/Egg/formalEgg/node_modules/_egg-logrotator@3.1.0@egg-logrotator/app/schedule/clean_log.js
2019-07-17 18:19:30,882 INFO 7912 [egg-schedule]: register schedule /Users/maxianfei/learnData/Egg/formalEgg/node_modules/_egg-logrotator@3.1.0@egg-logrotator/app/schedule/rotate_by_file.js
2019-07-17 18:29:03,533 INFO 8062 [egg-schedule]: register schedule /Users/maxianfei/learnData/Egg/formalEgg/node_modules/_egg-multipart@2.7.1@egg-multipart/app/schedule/clean_tmpdir.js
2019-07-17 18:29:03,533 INFO 8062 [egg-schedule]: register schedule /Users/maxianfei/learnData/Egg/formalEgg/node_modules/_egg-logrotator@3.1.0@egg-logrotator/app/schedule/clean_log.js
2019-07-17 18:29:03,533 INFO 8062 [egg-schedule]: register schedule /Users/maxianfei/learnData/Egg/formalEgg/node_modules/_egg-logrotator@3.1.0@egg-logrotator/app/schedule/rotate_by_file.js
2019-07-17 18:29:03,761 INFO 8057 [Timer] /Users/maxianfei/learnData/Egg/formalEgg/node_modules/_egg-multipart@2.7.1@egg-multipart/app/schedule/clean_tmpdir.js next time will execute after 36056241ms at 2019-07-18 04:30:00.002
2019-07-17 18:29:03,761 INFO 8057 [Timer] /Users/maxianfei/learnData/Egg/formalEgg/node_modules/_egg-logrotator@3.1.0@egg-logrotator/app/schedule/clean_log.js next time will execute after 19856239ms at 2019-07-18 00:00:00.000
2019-07-17 18:29:03,762 INFO 8057 [Timer] /Users/maxianfei/learnData/Egg/formalEgg/node_modules/_egg-logrotator@3.1.0@egg-logrotator/app/schedule/rotate_by_file.js next time will execute after 19857239ms at 2019-07-18 00:00:01.001
2019-07-17 18:32:05,683 INFO 8091 [egg-schedule]: register schedule /Users/maxianfei/learnData/Egg/formalEgg/node_modules/_egg-multipart@2.7.1@egg-multipart/app/schedule/clean_tmpdir.js
2019-07-17 18:32:05,683 INFO 8091 [egg-schedule]: register schedule /Users/maxianfei/learnData/Egg/formalEgg/node_modules/_egg-logrotator@3.1.0@egg-logrotator/app/schedule/clean_log.js
2019-07-17 18:32:05,683 INFO 8091 [egg-schedule]: register schedule /Users/maxianfei/learnData/Egg/formalEgg/node_modules/_egg-logrotator@3.1.0@egg-logrotator/app/schedule/rotate_by_file.js
2019-07-17 18:34:14,724 INFO 8108 [egg-schedule]: register schedule /Users/maxianfei/learnData/Egg/formalEgg/node_modules/_egg-multipart@2.7.1@egg-multipart/app/schedule/clean_tmpdir.js
2019-07-17 18:34:14,724 INFO 8108 [egg-schedule]: register schedule /Users/maxianfei/learnData/Egg/formalEgg/node_modules/_egg-logrotator@3.1.0@egg-logrotator/app/schedule/clean_log.js
2019-07-17 18:34:14,724 INFO 8108 [egg-schedule]: register schedule /Users/maxianfei/learnData/Egg/formalEgg/node_modules/_egg-logrotator@3.1.0@egg-logrotator/app/schedule/rotate_by_file.js
2019-07-17 18:36:29,656 INFO 8213 [egg-schedule]: register schedule /Users/maxianfei/learnData/Egg/formalEgg/node_modules/_egg-multipart@2.7.1@egg-multipart/app/schedule/clean_tmpdir.js
2019-07-17 18:36:29,656 INFO 8213 [egg-schedule]: register schedule /Users/maxianfei/learnData/Egg/formalEgg/node_modules/_egg-logrotator@3.1.0@egg-logrotator/app/schedule/clean_log.js
2019-07-17 18:36:29,656 INFO 8213 [egg-schedule]: register schedule /Users/maxianfei/learnData/Egg/formalEgg/node_modules/_egg-logrotator@3.1.0@egg-logrotator/app/schedule/rotate_by_file.js
2019-07-17 18:36:29,855 INFO 8207 [Timer] /Users/maxianfei/learnData/Egg/formalEgg/node_modules/_egg-multipart@2.7.1@egg-multipart/app/schedule/clean_tmpdir.js next time will execute after 35610147ms at 2019-07-18 04:30:00.002
2019-07-17 18:36:29,855 INFO 8207 [Timer] /Users/maxianfei/learnData/Egg/formalEgg/node_modules/_egg-logrotator@3.1.0@egg-logrotator/app/schedule/clean_log.js next time will execute after 19410145ms at 2019-07-18 00:00:00.000
2019-07-17 18:36:29,856 INFO 8207 [Timer] /Users/maxianfei/learnData/Egg/formalEgg/node_modules/_egg-logrotator@3.1.0@egg-logrotator/app/schedule/rotate_by_file.js next time will execute after 19411145ms at 2019-07-18 00:00:01.001
2019-07-17 18:37:19,915 INFO 8307 [egg-schedule]: register schedule /Users/maxianfei/learnData/Egg/formalEgg/node_modules/_egg-multipart@2.7.1@egg-multipart/app/schedule/clean_tmpdir.js
2019-07-17 18:37:19,915 INFO 8307 [egg-schedule]: register schedule /Users/maxianfei/learnData/Egg/formalEgg/node_modules/_egg-logrotator@3.1.0@egg-logrotator/app/schedule/clean_log.js
2019-07-17 18:37:19,915 INFO 8307 [egg-schedule]: register schedule /Users/maxianfei/learnData/Egg/formalEgg/node_modules/_egg-logrotator@3.1.0@egg-logrotator/app/schedule/rotate_by_file.js
2019-07-17 18:37:20,120 INFO 8302 [Timer] /Users/maxianfei/learnData/Egg/formalEgg/node_modules/_egg-multipart@2.7.1@egg-multipart/app/schedule/clean_tmpdir.js next time will execute after 35559882ms at 2019-07-18 04:30:00.002
2019-07-17 18:37:20,121 INFO 8302 [Timer] /Users/maxianfei/learnData/Egg/formalEgg/node_modules/_egg-logrotator@3.1.0@egg-logrotator/app/schedule/clean_log.js next time will execute after 19359880ms at 2019-07-18 00:00:00.001
2019-07-17 18:37:20,121 INFO 8302 [Timer] /Users/maxianfei/learnData/Egg/formalEgg/node_modules/_egg-logrotator@3.1.0@egg-logrotator/app/schedule/rotate_by_file.js next time will execute after 19360879ms at 2019-07-18 00:00:01.000
2019-07-17 18:39:08,100 INFO 8415 [egg-schedule]: register schedule /Users/maxianfei/learnData/Egg/formalEgg/node_modules/_egg-multipart@2.7.1@egg-multipart/app/schedule/clean_tmpdir.js
2019-07-17 18:39:08,100 INFO 8415 [egg-schedule]: register schedule /Users/maxianfei/learnData/Egg/formalEgg/node_modules/_egg-logrotator@3.1.0@egg-logrotator/app/schedule/clean_log.js
2019-07-17 18:39:08,100 INFO 8415 [egg-schedule]: register schedule /Users/maxianfei/learnData/Egg/formalEgg/node_modules/_egg-logrotator@3.1.0@egg-logrotator/app/schedule/rotate_by_file.js
2019-07-17 18:39:08,313 INFO 8410 [Timer] /Users/maxianfei/learnData/Egg/formalEgg/node_modules/_egg-multipart@2.7.1@egg-multipart/app/schedule/clean_tmpdir.js next time will execute after 35451689ms at 2019-07-18 04:30:00.002
2019-07-17 18:39:08,313 INFO 8410 [Timer] /Users/maxianfei/learnData/Egg/formalEgg/node_modules/_egg-logrotator@3.1.0@egg-logrotator/app/schedule/clean_log.js next time will execute after 19251687ms at 2019-07-18 00:00:00.000
2019-07-17 18:39:08,314 INFO 8410 [Timer] /Users/maxianfei/learnData/Egg/formalEgg/node_modules/_egg-logrotator@3.1.0@egg-logrotator/app/schedule/rotate_by_file.js next time will execute after 19252686ms at 2019-07-18 00:00:01.000
2019-07-17 18:40:09,861 INFO 8523 [egg-schedule]: register schedule /Users/maxianfei/learnData/Egg/formalEgg/node_modules/_egg-multipart@2.7.1@egg-multipart/app/schedule/clean_tmpdir.js
2019-07-17 18:40:09,861 INFO 8523 [egg-schedule]: register schedule /Users/maxianfei/learnData/Egg/formalEgg/node_modules/_egg-logrotator@3.1.0@egg-logrotator/app/schedule/clean_log.js
2019-07-17 18:40:09,861 INFO 8523 [egg-schedule]: register schedule /Users/maxianfei/learnData/Egg/formalEgg/node_modules/_egg-logrotator@3.1.0@egg-logrotator/app/schedule/rotate_by_file.js
2019-07-17 18:40:10,067 INFO 8518 [Timer] /Users/maxianfei/learnData/Egg/formalEgg/node_modules/_egg-multipart@2.7.1@egg-multipart/app/schedule/clean_tmpdir.js next time will execute after 35389936ms at 2019-07-18 04:30:00.003
2019-07-17 18:40:10,067 INFO 8518 [Timer] /Users/maxianfei/learnData/Egg/formalEgg/node_modules/_egg-logrotator@3.1.0@egg-logrotator/app/schedule/clean_log.js next time will execute after 19189933ms at 2019-07-18 00:00:00.000
2019-07-17 18:40:10,067 INFO 8518 [Timer] /Users/maxianfei/learnData/Egg/formalEgg/node_modules/_egg-logrotator@3.1.0@egg-logrotator/app/schedule/rotate_by_file.js next time will execute after 19190933ms at 2019-07-18 00:00:01.000
2019-07-17 18:40:30,345 INFO 8527 [egg-schedule]: register schedule /Users/maxianfei/learnData/Egg/formalEgg/node_modules/_egg-multipart@2.7.1@egg-multipart/app/schedule/clean_tmpdir.js
2019-07-17 18:40:30,345 INFO 8527 [egg-schedule]: register schedule /Users/maxianfei/learnData/Egg/formalEgg/node_modules/_egg-logrotator@3.1.0@egg-logrotator/app/schedule/clean_log.js
2019-07-17 18:40:30,345 INFO 8527 [egg-schedule]: register schedule /Users/maxianfei/learnData/Egg/formalEgg/node_modules/_egg-logrotator@3.1.0@egg-logrotator/app/schedule/rotate_by_file.js
2019-07-17 21:51:56,353 INFO 8952 [egg-schedule]: register schedule /Users/maxianfei/learnData/Egg/formalEgg/node_modules/_egg-multipart@2.7.1@egg-multipart/app/schedule/clean_tmpdir.js
2019-07-17 21:51:56,353 INFO 8952 [egg-schedule]: register schedule /Users/maxianfei/learnData/Egg/formalEgg/node_modules/_egg-logrotator@3.1.0@egg-logrotator/app/schedule/clean_log.js
2019-07-17 21:51:56,353 INFO 8952 [egg-schedule]: register schedule /Users/maxianfei/learnData/Egg/formalEgg/node_modules/_egg-logrotator@3.1.0@egg-logrotator/app/schedule/rotate_by_file.js
2019-07-17 21:51:56,589 INFO 8947 [Timer] /Users/maxianfei/learnData/Egg/formalEgg/node_modules/_egg-multipart@2.7.1@egg-multipart/app/schedule/clean_tmpdir.js next time will execute after 23883413ms at 2019-07-18 04:30:00.002
2019-07-17 21:51:56,590 INFO 8947 [Timer] /Users/maxianfei/learnData/Egg/formalEgg/node_modules/_egg-logrotator@3.1.0@egg-logrotator/app/schedule/clean_log.js next time will execute after 7683410ms at 2019-07-18 00:00:00.000
2019-07-17 21:51:56,590 INFO 8947 [Timer] /Users/maxianfei/learnData/Egg/formalEgg/node_modules/_egg-logrotator@3.1.0@egg-logrotator/app/schedule/rotate_by_file.js next time will execute after 7684410ms at 2019-07-18 00:00:01.000
2019-07-17 22:10:12,704 INFO 9188 [egg-schedule]: register schedule /Users/maxianfei/learnData/Egg/formalEgg/node_modules/_egg-multipart@2.7.1@egg-multipart/app/schedule/clean_tmpdir.js
2019-07-17 22:10:12,704 INFO 9188 [egg-schedule]: register schedule /Users/maxianfei/learnData/Egg/formalEgg/node_modules/_egg-logrotator@3.1.0@egg-logrotator/app/schedule/clean_log.js
2019-07-17 22:10:12,704 INFO 9188 [egg-schedule]: register schedule /Users/maxianfei/learnData/Egg/formalEgg/node_modules/_egg-logrotator@3.1.0@egg-logrotator/app/schedule/rotate_by_file.js
2019-07-17 22:10:12,966 INFO 9183 [Timer] /Users/maxianfei/learnData/Egg/formalEgg/node_modules/_egg-multipart@2.7.1@egg-multipart/app/schedule/clean_tmpdir.js next time will execute after 22787037ms at 2019-07-18 04:30:00.003
2019-07-17 22:10:12,966 INFO 9183 [Timer] /Users/maxianfei/learnData/Egg/formalEgg/node_modules/_egg-logrotator@3.1.0@egg-logrotator/app/schedule/clean_log.js next time will execute after 6587034ms at 2019-07-18 00:00:00.000
2019-07-17 22:10:12,966 INFO 9183 [Timer] /Users/maxianfei/learnData/Egg/formalEgg/node_modules/_egg-logrotator@3.1.0@egg-logrotator/app/schedule/rotate_by_file.js next time will execute after 6588034ms at 2019-07-18 00:00:01.000
2019-07-17 22:10:35,646 INFO 9194 [egg-schedule]: register schedule /Users/maxianfei/learnData/Egg/formalEgg/node_modules/_egg-multipart@2.7.1@egg-multipart/app/schedule/clean_tmpdir.js
2019-07-17 22:10:35,646 INFO 9194 [egg-schedule]: register schedule /Users/maxianfei/learnData/Egg/formalEgg/node_modules/_egg-logrotator@3.1.0@egg-logrotator/app/schedule/clean_log.js
2019-07-17 22:10:35,646 INFO 9194 [egg-schedule]: register schedule /Users/maxianfei/learnData/Egg/formalEgg/node_modules/_egg-logrotator@3.1.0@egg-logrotator/app/schedule/rotate_by_file.js
2019-07-17 22:11:01,024 INFO 9205 [egg-schedule]: register schedule /Users/maxianfei/learnData/Egg/formalEgg/node_modules/_egg-multipart@2.7.1@egg-multipart/app/schedule/clean_tmpdir.js
2019-07-17 22:11:01,024 INFO 9205 [egg-schedule]: register schedule /Users/maxianfei/learnData/Egg/formalEgg/node_modules/_egg-logrotator@3.1.0@egg-logrotator/app/schedule/clean_log.js
2019-07-17 22:11:01,024 INFO 9205 [egg-schedule]: register schedule /Users/maxianfei/learnData/Egg/formalEgg/node_modules/_egg-logrotator@3.1.0@egg-logrotator/app/schedule/rotate_by_file.js
2019-07-17 22:23:16,619 INFO 9472 [egg-schedule]: register schedule /Users/maxianfei/learnData/Egg/formalEgg/node_modules/_egg-multipart@2.7.1@egg-multipart/app/schedule/clean_tmpdir.js
2019-07-17 22:23:16,619 INFO 9472 [egg-schedule]: register schedule /Users/maxianfei/learnData/Egg/formalEgg/node_modules/_egg-logrotator@3.1.0@egg-logrotator/app/schedule/clean_log.js
2019-07-17 22:23:16,619 INFO 9472 [egg-schedule]: register schedule /Users/maxianfei/learnData/Egg/formalEgg/node_modules/_egg-logrotator@3.1.0@egg-logrotator/app/schedule/rotate_by_file.js
2019-07-17 22:26:24,082 INFO 9497 [egg-schedule]: register schedule /Users/maxianfei/learnData/Egg/formalEgg/node_modules/_egg-multipart@2.7.1@egg-multipart/app/schedule/clean_tmpdir.js
2019-07-17 22:26:24,082 INFO 9497 [egg-schedule]: register schedule /Users/maxianfei/learnData/Egg/formalEgg/node_modules/_egg-logrotator@3.1.0@egg-logrotator/app/schedule/clean_log.js
2019-07-17 22:26:24,082 INFO 9497 [egg-schedule]: register schedule /Users/maxianfei/learnData/Egg/formalEgg/node_modules/_egg-logrotator@3.1.0@egg-logrotator/app/schedule/rotate_by_file.js
2019-07-17 22:28:42,210 INFO 9527 [egg-schedule]: register schedule /Users/maxianfei/learnData/Egg/formalEgg/node_modules/_egg-multipart@2.7.1@egg-multipart/app/schedule/clean_tmpdir.js
2019-07-17 22:28:42,210 INFO 9527 [egg-schedule]: register schedule /Users/maxianfei/learnData/Egg/formalEgg/node_modules/_egg-logrotator@3.1.0@egg-logrotator/app/schedule/clean_log.js
2019-07-17 22:28:42,210 INFO 9527 [egg-schedule]: register schedule /Users/maxianfei/learnData/Egg/formalEgg/node_modules/_egg-logrotator@3.1.0@egg-logrotator/app/schedule/rotate_by_file.js
2019-07-19 09:01:44,254 INFO 10171 [egg-schedule]: register schedule /Users/maxianfei/learnData/Egg/formalEgg/node_modules/_egg-multipart@2.7.1@egg-multipart/app/schedule/clean_tmpdir.js
2019-07-19 09:01:44,254 INFO 10171 [egg-schedule]: register schedule /Users/maxianfei/learnData/Egg/formalEgg/node_modules/_egg-logrotator@3.1.0@egg-logrotator/app/schedule/clean_log.js
2019-07-19 09:01:44,254 INFO 10171 [egg-schedule]: register schedule /Users/maxianfei/learnData/Egg/formalEgg/node_modules/_egg-logrotator@3.1.0@egg-logrotator/app/schedule/rotate_by_file.js
2019-07-19 09:02:45,455 INFO 10183 [egg-schedule]: register schedule /Users/maxianfei/learnData/Egg/formalEgg/node_modules/_egg-multipart@2.7.1@egg-multipart/app/schedule/clean_tmpdir.js
2019-07-19 09:02:45,455 INFO 10183 [egg-schedule]: register schedule /Users/maxianfei/learnData/Egg/formalEgg/node_modules/_egg-logrotator@3.1.0@egg-logrotator/app/schedule/clean_log.js
2019-07-19 09:02:45,455 INFO 10183 [egg-schedule]: register schedule /Users/maxianfei/learnData/Egg/formalEgg/node_modules/_egg-logrotator@3.1.0@egg-logrotator/app/schedule/rotate_by_file.js
2019-07-19 09:05:32,083 INFO 10209 [egg-schedule]: register schedule /Users/maxianfei/learnData/Egg/formalEgg/node_modules/_egg-multipart@2.7.1@egg-multipart/app/schedule/clean_tmpdir.js
2019-07-19 09:05:32,083 INFO 10209 [egg-schedule]: register schedule /Users/maxianfei/learnData/Egg/formalEgg/node_modules/_egg-logrotator@3.1.0@egg-logrotator/app/schedule/clean_log.js
2019-07-19 09:05:32,083 INFO 10209 [egg-schedule]: register schedule /Users/maxianfei/learnData/Egg/formalEgg/node_modules/_egg-logrotator@3.1.0@egg-logrotator/app/schedule/rotate_by_file.js
2019-07-19 09:12:27,491 INFO 10258 [egg-schedule]: register schedule /Users/maxianfei/learnData/Egg/formalEgg/node_modules/_egg-multipart@2.7.1@egg-multipart/app/schedule/clean_tmpdir.js
2019-07-19 09:12:27,491 INFO 10258 [egg-schedule]: register schedule /Users/maxianfei/learnData/Egg/formalEgg/node_modules/_egg-logrotator@3.1.0@egg-logrotator/app/schedule/clean_log.js
2019-07-19 09:12:27,491 INFO 10258 [egg-schedule]: register schedule /Users/maxianfei/learnData/Egg/formalEgg/node_modules/_egg-logrotator@3.1.0@egg-logrotator/app/schedule/rotate_by_file.js
2019-07-19 09:13:34,031 INFO 10276 [egg-schedule]: register schedule /Users/maxianfei/learnData/Egg/formalEgg/node_modules/_egg-multipart@2.7.1@egg-multipart/app/schedule/clean_tmpdir.js
2019-07-19 09:13:34,032 INFO 10276 [egg-schedule]: register schedule /Users/maxianfei/learnData/Egg/formalEgg/node_modules/_egg-logrotator@3.1.0@egg-logrotator/app/schedule/clean_log.js
2019-07-19 09:13:34,032 INFO 10276 [egg-schedule]: register schedule /Users/maxianfei/learnData/Egg/formalEgg/node_modules/_egg-logrotator@3.1.0@egg-logrotator/app/schedule/rotate_by_file.js
2019-07-19 09:15:00,713 INFO 10288 [egg-schedule]: register schedule /Users/maxianfei/learnData/Egg/formalEgg/node_modules/_egg-multipart@2.7.1@egg-multipart/app/schedule/clean_tmpdir.js
2019-07-19 09:15:00,713 INFO 10288 [egg-schedule]: register schedule /Users/maxianfei/learnData/Egg/formalEgg/node_modules/_egg-logrotator@3.1.0@egg-logrotator/app/schedule/clean_log.js
2019-07-19 09:15:00,713 INFO 10288 [egg-schedule]: register schedule /Users/maxianfei/learnData/Egg/formalEgg/node_modules/_egg-logrotator@3.1.0@egg-logrotator/app/schedule/rotate_by_file.js
2019-07-19 09:58:48,195 INFO 9183 [Timer] /Users/maxianfei/learnData/Egg/formalEgg/node_modules/_egg-logrotator@3.1.0@egg-logrotator/app/schedule/clean_log.js next time will execute after 50471813ms at 2019-07-20 00:00:00.008
2019-07-19 09:58:49,192 INFO 9183 [Timer] /Users/maxianfei/learnData/Egg/formalEgg/node_modules/_egg-logrotator@3.1.0@egg-logrotator/app/schedule/rotate_by_file.js next time will execute after 50471815ms at 2019-07-20 00:00:01.007
2019-07-19 11:11:04,492 INFO 11122 [egg-schedule]: register schedule /Users/maxianfei/learnData/Egg/formalEgg/node_modules/_egg-multipart@2.7.1@egg-multipart/app/schedule/clean_tmpdir.js
2019-07-19 11:11:04,492 INFO 11122 [egg-schedule]: register schedule /Users/maxianfei/learnData/Egg/formalEgg/node_modules/_egg-logrotator@3.1.0@egg-logrotator/app/schedule/clean_log.js
2019-07-19 11:11:04,492 INFO 11122 [egg-schedule]: register schedule /Users/maxianfei/learnData/Egg/formalEgg/node_modules/_egg-logrotator@3.1.0@egg-logrotator/app/schedule/rotate_by_file.js
2019-07-19 11:11:04,724 INFO 11117 [Timer] /Users/maxianfei/learnData/Egg/formalEgg/node_modules/_egg-multipart@2.7.1@egg-multipart/app/schedule/clean_tmpdir.js next time will execute after 62335278ms at 2019-07-20 04:30:00.002
2019-07-19 11:11:04,724 INFO 11117 [Timer] /Users/maxianfei/learnData/Egg/formalEgg/node_modules/_egg-logrotator@3.1.0@egg-logrotator/app/schedule/clean_log.js next time will execute after 46135276ms at 2019-07-20 00:00:00.000
2019-07-19 11:11:04,725 INFO 11117 [Timer] /Users/maxianfei/learnData/Egg/formalEgg/node_modules/_egg-logrotator@3.1.0@egg-logrotator/app/schedule/rotate_by_file.js next time will execute after 46136276ms at 2019-07-20 00:00:01.001
2019-07-19 11:14:55,778 INFO 11173 [egg-schedule]: register schedule /Users/maxianfei/learnData/Egg/formalEgg/node_modules/_egg-multipart@2.7.1@egg-multipart/app/schedule/clean_tmpdir.js
2019-07-19 11:14:55,778 INFO 11173 [egg-schedule]: register schedule /Users/maxianfei/learnData/Egg/formalEgg/node_modules/_egg-logrotator@3.1.0@egg-logrotator/app/schedule/clean_log.js
2019-07-19 11:14:55,778 INFO 11173 [egg-schedule]: register schedule /Users/maxianfei/learnData/Egg/formalEgg/node_modules/_egg-logrotator@3.1.0@egg-logrotator/app/schedule/rotate_by_file.js
2019-07-19 11:28:35,977 INFO 12554 [egg-schedule]: register schedule /Users/maxianfei/learnData/Egg/formalsEgg/node_modules/_egg-multipart@2.7.1@egg-multipart/app/schedule/clean_tmpdir.js
2019-07-19 11:28:35,977 INFO 12554 [egg-schedule]: register schedule /Users/maxianfei/learnData/Egg/formalsEgg/node_modules/_egg-logrotator@3.1.0@egg-logrotator/app/schedule/clean_log.js
2019-07-19 11:28:35,977 INFO 12554 [egg-schedule]: register schedule /Users/maxianfei/learnData/Egg/formalsEgg/node_modules/_egg-logrotator@3.1.0@egg-logrotator/app/schedule/rotate_by_file.js
2019-07-19 11:28:36,210 INFO 12549 [Timer] /Users/maxianfei/learnData/Egg/formalsEgg/node_modules/_egg-multipart@2.7.1@egg-multipart/app/schedule/clean_tmpdir.js next time will execute after 61283793ms at 2019-07-20 04:30:00.003
2019-07-19 11:28:36,210 INFO 12549 [Timer] /Users/maxianfei/learnData/Egg/formalsEgg/node_modules/_egg-logrotator@3.1.0@egg-logrotator/app/schedule/clean_log.js next time will execute after 45083790ms at 2019-07-20 00:00:00.000
2019-07-19 11:28:36,210 INFO 12549 [Timer] /Users/maxianfei/learnData/Egg/formalsEgg/node_modules/_egg-logrotator@3.1.0@egg-logrotator/app/schedule/rotate_by_file.js next time will execute after 45084790ms at 2019-07-20 00:00:01.000
