2019-07-17 15:23:58,019 INFO 6326 [egg-sequelize](0ms) Executed (default): SELECT 1+1 AS result
2019-07-17 15:23:58,021 INFO 6326 [egg-sequelize](0ms) Executed (default): CREATE TABLE IF NOT EXISTS `admin` (`id` INTEGER NOT NULL auto_increment UNIQUE , `roleid` VARCHAR(255), `userid` VARCHAR(255) UNIQUE, `user_name` VARCHAR(255), `phone` VARCHAR(255), `password` VARCHAR(255), `real_name` VARCHAR(255), `is_locked` TINYINT(1), `created_at` DATETIME NOT NULL, `updated_at` DATETIME NOT NULL, `deleted_at` DATETIME, PRIMARY KEY (`id`)) ENGINE=InnoDB;
2019-07-17 15:23:58,029 INFO 6326 [egg-sequelize](6ms) Executed (default): SHOW INDEX FROM `admin`
2019-07-17 15:27:04,748 WARN 6326 [-/127.0.0.1/-/4ms POST /login] missing csrf token. See https://eggjs.org/zh-cn/core/security.html#安全威胁csrf的防范
2019-07-17 15:27:04,749 WARN 6326 [-/127.0.0.1/-/5ms POST /login] nodejs.ForbiddenError: missing csrf token
    at Object.throw (/Users/maxianfei/learnData/Egg/formalEgg/node_modules/_koa@2.7.0@koa/lib/context.js:97:11)
    at Object.assertCsrf (/Users/maxianfei/learnData/Egg/formalEgg/node_modules/_egg-security@2.5.0@egg-security/app/extend/context.js:148:17)
    at csrf (/Users/maxianfei/learnData/Egg/formalEgg/node_modules/_egg-security@2.5.0@egg-security/lib/middlewares/csrf.js:31:9)
    at dispatch (/Users/maxianfei/learnData/Egg/formalEgg/node_modules/_koa-compose@4.1.0@koa-compose/index.js:42:32)
    at /Users/maxianfei/learnData/Egg/formalEgg/node_modules/_koa-compose@4.1.0@koa-compose/index.js:34:12
    at dispatch (/Users/maxianfei/learnData/Egg/formalEgg/node_modules/_koa-compose@4.1.0@koa-compose/index.js:42:32)
    at session (/Users/maxianfei/learnData/Egg/formalEgg/node_modules/_koa-session@5.12.2@koa-session/index.js:41:13)
    at dispatch (/Users/maxianfei/learnData/Egg/formalEgg/node_modules/_koa-compose@4.1.0@koa-compose/index.js:42:32)
    at overrideMethod (/Users/maxianfei/learnData/Egg/formalEgg/node_modules/_koa-override@3.0.0@koa-override/index.js:38:12)
    at dispatch (/Users/maxianfei/learnData/Egg/formalEgg/node_modules/_koa-compose@4.1.0@koa-compose/index.js:42:32)
    at bodyParser (/Users/maxianfei/learnData/Egg/formalEgg/node_modules/_koa-bodyparser@4.2.1@koa-bodyparser/index.js:86:11)
    at process._tickCallback (internal/process/next_tick.js:68:7)
message: "missing csrf token"
pid: 6326
hostname: simple.local

2019-07-17 15:30:00,271 INFO 6372 [egg-sequelize](1ms) Executed (default): SELECT 1+1 AS result
2019-07-17 15:30:00,273 INFO 6372 [egg-sequelize](1ms) Executed (default): CREATE TABLE IF NOT EXISTS `admin` (`id` INTEGER NOT NULL auto_increment UNIQUE , `roleid` VARCHAR(255), `userid` VARCHAR(255) UNIQUE, `user_name` VARCHAR(255), `phone` VARCHAR(255), `password` VARCHAR(255), `real_name` VARCHAR(255), `is_locked` TINYINT(1), `created_at` DATETIME NOT NULL, `updated_at` DATETIME NOT NULL, `deleted_at` DATETIME, PRIMARY KEY (`id`)) ENGINE=InnoDB;
2019-07-17 15:30:00,280 INFO 6372 [egg-sequelize](6ms) Executed (default): SHOW INDEX FROM `admin`
2019-07-17 15:30:09,658 ERROR 6372 [-/127.0.0.1/-/11ms POST /login] nodejs.TypeError: this.ctx.model.Admin.find is not a function
    at Admin.findWithJson (/Users/maxianfei/learnData/Egg/formalEgg/app/service/admin.js:9:50)
    at AdminController.login (/Users/maxianfei/learnData/Egg/formalEgg/app/controller/admin.js:27:52)
    at Object.callFn (/Users/maxianfei/learnData/Egg/formalEgg/node_modules/_egg-core@4.17.3@egg-core/lib/utils/index.js:44:21)
    at Object.classControllerMiddleware (/Users/maxianfei/learnData/Egg/formalEgg/node_modules/_egg-core@4.17.3@egg-core/lib/loader/mixin/controller.js:87:20)
    at Object.callFn (/Users/maxianfei/learnData/Egg/formalEgg/node_modules/_@eggjs_router@2.0.0@@eggjs/router/lib/utils.js:12:21)
    at wrappedController (/Users/maxianfei/learnData/Egg/formalEgg/node_modules/_@eggjs_router@2.0.0@@eggjs/router/lib/egg_router.js:322:18)
    at dispatch (/Users/maxianfei/learnData/Egg/formalEgg/node_modules/_koa-compose@3.2.1@koa-compose/index.js:44:32)
    at next (/Users/maxianfei/learnData/Egg/formalEgg/node_modules/_koa-compose@3.2.1@koa-compose/index.js:45:18)
    at /Users/maxianfei/learnData/Egg/formalEgg/node_modules/_@eggjs_router@2.0.0@@eggjs/router/lib/router.js:190:18
    at dispatch (/Users/maxianfei/learnData/Egg/formalEgg/node_modules/_koa-compose@3.2.1@koa-compose/index.js:44:32)
    at /Users/maxianfei/learnData/Egg/formalEgg/node_modules/_koa-compose@3.2.1@koa-compose/index.js:36:12
    at dispatch (/Users/maxianfei/learnData/Egg/formalEgg/node_modules/_@eggjs_router@2.0.0@@eggjs/router/lib/router.js:195:33)
    at dispatch (/Users/maxianfei/learnData/Egg/formalEgg/node_modules/_koa-compose@4.1.0@koa-compose/index.js:42:32)
    at /Users/maxianfei/learnData/Egg/formalEgg/node_modules/_egg-development@2.4.3@egg-development/app/middleware/egg_loader_trace.js:9:56
    at dispatch (/Users/maxianfei/learnData/Egg/formalEgg/node_modules/_koa-compose@4.1.0@koa-compose/index.js:42:32)
    at i18n (/Users/maxianfei/learnData/Egg/formalEgg/node_modules/_egg-i18n@2.1.1@egg-i18n/app/middleware/i18n.js:13:12)
    at dispatch (/Users/maxianfei/learnData/Egg/formalEgg/node_modules/_koa-compose@4.1.0@koa-compose/index.js:42:32)
    at dispatch (/Users/maxianfei/learnData/Egg/formalEgg/node_modules/_koa-compose@4.1.0@koa-compose/index.js:42:32)
    at dta (/Users/maxianfei/learnData/Egg/formalEgg/node_modules/_egg-security@2.5.0@egg-security/lib/middlewares/dta.js:12:12)
    at dispatch (/Users/maxianfei/learnData/Egg/formalEgg/node_modules/_koa-compose@4.1.0@koa-compose/index.js:42:32)
    at xframe (/Users/maxianfei/learnData/Egg/formalEgg/node_modules/_egg-security@2.5.0@egg-security/lib/middlewares/xframe.js:7:11)
    at dispatch (/Users/maxianfei/learnData/Egg/formalEgg/node_modules/_koa-compose@4.1.0@koa-compose/index.js:42:32)

pid: 6372
hostname: simple.local

2019-07-17 15:38:23,984 INFO 6584 [egg-sequelize](1ms) Executed (default): SELECT 1+1 AS result
2019-07-17 15:38:23,986 INFO 6584 [egg-sequelize](2ms) Executed (default): CREATE TABLE IF NOT EXISTS `admin` (`id` INTEGER NOT NULL auto_increment UNIQUE , `roleid` VARCHAR(255), `userid` VARCHAR(255) UNIQUE, `user_name` VARCHAR(255), `phone` VARCHAR(255), `password` VARCHAR(255), `real_name` VARCHAR(255), `is_locked` TINYINT(1), `created_at` DATETIME NOT NULL, `updated_at` DATETIME NOT NULL, `deleted_at` DATETIME, PRIMARY KEY (`id`)) ENGINE=InnoDB;
2019-07-17 15:38:23,993 INFO 6584 [egg-sequelize](6ms) Executed (default): SHOW INDEX FROM `admin`
2019-07-17 15:38:30,761 INFO 6586 [egg-sequelize](1ms) Executed (default): SELECT 1+1 AS result
2019-07-17 15:38:30,762 INFO 6586 [egg-sequelize](1ms) Executed (default): CREATE TABLE IF NOT EXISTS `admin` (`id` INTEGER NOT NULL auto_increment UNIQUE , `roleid` VARCHAR(255), `userid` VARCHAR(255) UNIQUE, `user_name` VARCHAR(255), `phone` VARCHAR(255), `password` VARCHAR(255), `real_name` VARCHAR(255), `is_locked` TINYINT(1), `created_at` DATETIME NOT NULL, `updated_at` DATETIME NOT NULL, `deleted_at` DATETIME, PRIMARY KEY (`id`)) ENGINE=InnoDB;
2019-07-17 15:38:30,768 INFO 6586 [egg-sequelize](4ms) Executed (default): SHOW INDEX FROM `admin`
2019-07-17 15:39:17,941 INFO 6589 [egg-sequelize](1ms) Executed (default): SELECT 1+1 AS result
2019-07-17 15:39:17,942 INFO 6589 [egg-sequelize](1ms) Executed (default): CREATE TABLE IF NOT EXISTS `admin` (`id` INTEGER NOT NULL auto_increment UNIQUE , `roleid` VARCHAR(255), `userid` VARCHAR(255) UNIQUE, `user_name` VARCHAR(255), `phone` VARCHAR(255), `password` VARCHAR(255), `real_name` VARCHAR(255), `is_locked` TINYINT(1), `created_at` DATETIME NOT NULL, `updated_at` DATETIME NOT NULL, `deleted_at` DATETIME, PRIMARY KEY (`id`)) ENGINE=InnoDB;
2019-07-17 15:39:17,949 INFO 6589 [egg-sequelize](5ms) Executed (default): SHOW INDEX FROM `admin`
2019-07-17 15:40:11,547 ERROR 6589 [-/127.0.0.1/-/11ms POST /register] 注册异常:  TypeError: this.ctx.model.Admin.find is not a function
    at Admin.findWithJson (/Users/maxianfei/learnData/Egg/formalEgg/app/service/admin.js:9:50)
    at AdminController.register (/Users/maxianfei/learnData/Egg/formalEgg/app/controller/admin.js:29:53)
    at Object.callFn (/Users/maxianfei/learnData/Egg/formalEgg/node_modules/_egg-core@4.17.3@egg-core/lib/utils/index.js:44:21)
    at Object.classControllerMiddleware (/Users/maxianfei/learnData/Egg/formalEgg/node_modules/_egg-core@4.17.3@egg-core/lib/loader/mixin/controller.js:87:20)
    at Object.callFn (/Users/maxianfei/learnData/Egg/formalEgg/node_modules/_@eggjs_router@2.0.0@@eggjs/router/lib/utils.js:12:21)
    at wrappedController (/Users/maxianfei/learnData/Egg/formalEgg/node_modules/_@eggjs_router@2.0.0@@eggjs/router/lib/egg_router.js:322:18)
    at dispatch (/Users/maxianfei/learnData/Egg/formalEgg/node_modules/_koa-compose@3.2.1@koa-compose/index.js:44:32)
    at next (/Users/maxianfei/learnData/Egg/formalEgg/node_modules/_koa-compose@3.2.1@koa-compose/index.js:45:18)
    at /Users/maxianfei/learnData/Egg/formalEgg/node_modules/_@eggjs_router@2.0.0@@eggjs/router/lib/router.js:190:18
    at dispatch (/Users/maxianfei/learnData/Egg/formalEgg/node_modules/_koa-compose@3.2.1@koa-compose/index.js:44:32)
    at /Users/maxianfei/learnData/Egg/formalEgg/node_modules/_koa-compose@3.2.1@koa-compose/index.js:36:12
    at dispatch (/Users/maxianfei/learnData/Egg/formalEgg/node_modules/_@eggjs_router@2.0.0@@eggjs/router/lib/router.js:195:33)
    at dispatch (/Users/maxianfei/learnData/Egg/formalEgg/node_modules/_koa-compose@4.1.0@koa-compose/index.js:42:32)
    at /Users/maxianfei/learnData/Egg/formalEgg/node_modules/_egg-development@2.4.3@egg-development/app/middleware/egg_loader_trace.js:9:56
    at dispatch (/Users/maxianfei/learnData/Egg/formalEgg/node_modules/_koa-compose@4.1.0@koa-compose/index.js:42:32)
    at i18n (/Users/maxianfei/learnData/Egg/formalEgg/node_modules/_egg-i18n@2.1.1@egg-i18n/app/middleware/i18n.js:13:12)
    at dispatch (/Users/maxianfei/learnData/Egg/formalEgg/node_modules/_koa-compose@4.1.0@koa-compose/index.js:42:32)
    at dispatch (/Users/maxianfei/learnData/Egg/formalEgg/node_modules/_koa-compose@4.1.0@koa-compose/index.js:42:32)
    at dta (/Users/maxianfei/learnData/Egg/formalEgg/node_modules/_egg-security@2.5.0@egg-security/lib/middlewares/dta.js:12:12)
    at dispatch (/Users/maxianfei/learnData/Egg/formalEgg/node_modules/_koa-compose@4.1.0@koa-compose/index.js:42:32)
    at xframe (/Users/maxianfei/learnData/Egg/formalEgg/node_modules/_egg-security@2.5.0@egg-security/lib/middlewares/xframe.js:7:11)
    at dispatch (/Users/maxianfei/learnData/Egg/formalEgg/node_modules/_koa-compose@4.1.0@koa-compose/index.js:42:32)
2019-07-17 15:46:22,714 INFO 6614 [egg-sequelize](1ms) Executed (default): SELECT 1+1 AS result
2019-07-17 15:46:22,716 INFO 6614 [egg-sequelize](3ms) Executed (default): CREATE TABLE IF NOT EXISTS `admin` (`id` INTEGER NOT NULL auto_increment UNIQUE , `roleid` VARCHAR(255), `userid` VARCHAR(255) UNIQUE, `user_name` VARCHAR(255), `phone` VARCHAR(255), `password` VARCHAR(255), `real_name` VARCHAR(255), `is_locked` TINYINT(1), `created_at` DATETIME NOT NULL, `updated_at` DATETIME NOT NULL, `deleted_at` DATETIME, PRIMARY KEY (`id`)) ENGINE=InnoDB;
2019-07-17 15:46:22,723 INFO 6614 [egg-sequelize](5ms) Executed (default): SHOW INDEX FROM `admin`
2019-07-17 15:46:30,185 ERROR 6614 [-/127.0.0.1/-/11ms POST /register] 注册异常:  TypeError: this.ctx.helper.encrypt is not a function
    at Admin.create (/Users/maxianfei/learnData/Egg/formalEgg/app/service/admin.js:19:46)
    at AdminController.register (/Users/maxianfei/learnData/Egg/formalEgg/app/controller/admin.js:34:49)
    at Object.callFn (/Users/maxianfei/learnData/Egg/formalEgg/node_modules/_egg-core@4.17.3@egg-core/lib/utils/index.js:44:21)
    at Object.classControllerMiddleware (/Users/maxianfei/learnData/Egg/formalEgg/node_modules/_egg-core@4.17.3@egg-core/lib/loader/mixin/controller.js:87:20)
    at Object.callFn (/Users/maxianfei/learnData/Egg/formalEgg/node_modules/_@eggjs_router@2.0.0@@eggjs/router/lib/utils.js:12:21)
    at wrappedController (/Users/maxianfei/learnData/Egg/formalEgg/node_modules/_@eggjs_router@2.0.0@@eggjs/router/lib/egg_router.js:322:18)
    at dispatch (/Users/maxianfei/learnData/Egg/formalEgg/node_modules/_koa-compose@3.2.1@koa-compose/index.js:44:32)
    at next (/Users/maxianfei/learnData/Egg/formalEgg/node_modules/_koa-compose@3.2.1@koa-compose/index.js:45:18)
    at /Users/maxianfei/learnData/Egg/formalEgg/node_modules/_@eggjs_router@2.0.0@@eggjs/router/lib/router.js:190:18
    at dispatch (/Users/maxianfei/learnData/Egg/formalEgg/node_modules/_koa-compose@3.2.1@koa-compose/index.js:44:32)
    at /Users/maxianfei/learnData/Egg/formalEgg/node_modules/_koa-compose@3.2.1@koa-compose/index.js:36:12
    at dispatch (/Users/maxianfei/learnData/Egg/formalEgg/node_modules/_@eggjs_router@2.0.0@@eggjs/router/lib/router.js:195:33)
    at dispatch (/Users/maxianfei/learnData/Egg/formalEgg/node_modules/_koa-compose@4.1.0@koa-compose/index.js:42:32)
    at /Users/maxianfei/learnData/Egg/formalEgg/node_modules/_egg-development@2.4.3@egg-development/app/middleware/egg_loader_trace.js:9:56
    at dispatch (/Users/maxianfei/learnData/Egg/formalEgg/node_modules/_koa-compose@4.1.0@koa-compose/index.js:42:32)
    at i18n (/Users/maxianfei/learnData/Egg/formalEgg/node_modules/_egg-i18n@2.1.1@egg-i18n/app/middleware/i18n.js:13:12)
    at dispatch (/Users/maxianfei/learnData/Egg/formalEgg/node_modules/_koa-compose@4.1.0@koa-compose/index.js:42:32)
    at dispatch (/Users/maxianfei/learnData/Egg/formalEgg/node_modules/_koa-compose@4.1.0@koa-compose/index.js:42:32)
    at dta (/Users/maxianfei/learnData/Egg/formalEgg/node_modules/_egg-security@2.5.0@egg-security/lib/middlewares/dta.js:12:12)
    at dispatch (/Users/maxianfei/learnData/Egg/formalEgg/node_modules/_koa-compose@4.1.0@koa-compose/index.js:42:32)
    at xframe (/Users/maxianfei/learnData/Egg/formalEgg/node_modules/_egg-security@2.5.0@egg-security/lib/middlewares/xframe.js:7:11)
    at dispatch (/Users/maxianfei/learnData/Egg/formalEgg/node_modules/_koa-compose@4.1.0@koa-compose/index.js:42:32)
2019-07-17 16:01:22,319 INFO 6654 [egg-sequelize](1ms) Executed (default): SELECT 1+1 AS result
2019-07-17 16:01:22,320 INFO 6654 [egg-sequelize](2ms) Executed (default): CREATE TABLE IF NOT EXISTS `admin` (`id` INTEGER NOT NULL auto_increment UNIQUE , `roleid` VARCHAR(255), `userid` VARCHAR(255) UNIQUE, `user_name` VARCHAR(255), `phone` VARCHAR(255), `password` VARCHAR(255), `real_name` VARCHAR(255), `is_locked` TINYINT(1), `created_at` DATETIME NOT NULL, `updated_at` DATETIME NOT NULL, `deleted_at` DATETIME, PRIMARY KEY (`id`)) ENGINE=InnoDB;
2019-07-17 16:01:22,327 INFO 6654 [egg-sequelize](5ms) Executed (default): SHOW INDEX FROM `admin`
2019-07-17 16:03:14,650 INFO 6842 [egg-sequelize](0ms) Executed (default): SELECT 1+1 AS result
2019-07-17 16:03:14,651 INFO 6842 [egg-sequelize](0ms) Executed (default): CREATE TABLE IF NOT EXISTS `admin` (`id` INTEGER NOT NULL auto_increment UNIQUE , `roleid` VARCHAR(255), `userid` VARCHAR(255) UNIQUE, `user_name` VARCHAR(255), `phone` VARCHAR(255), `password` VARCHAR(255), `real_name` VARCHAR(255), `is_locked` TINYINT(1), `created_at` DATETIME NOT NULL, `updated_at` DATETIME NOT NULL, `deleted_at` DATETIME, PRIMARY KEY (`id`)) ENGINE=InnoDB;
2019-07-17 16:03:14,657 INFO 6842 [egg-sequelize](4ms) Executed (default): SHOW INDEX FROM `admin`
2019-07-17 16:03:20,117 INFO 6842 [egg-sequelize](5ms) Executed (default): INSERT INTO `admin` (`id`,`userid`,`user_name`,`phone`,`password`,`created_at`,`updated_at`) VALUES (DEFAULT,?,?,?,?,?,?);
2019-07-17 16:03:20,119 ERROR 6842 [-/127.0.0.1/-/23ms POST /register] 注册异常:  ReferenceError: data is not defined
    at AdminController.register (/Users/maxianfei/learnData/Egg/formalEgg/app/controller/admin.js:34:18)
2019-07-17 16:03:55,285 INFO 6846 [egg-sequelize](1ms) Executed (default): SELECT 1+1 AS result
2019-07-17 16:03:55,286 INFO 6846 [egg-sequelize](2ms) Executed (default): CREATE TABLE IF NOT EXISTS `admin` (`id` INTEGER NOT NULL auto_increment UNIQUE , `roleid` VARCHAR(255), `userid` VARCHAR(255) UNIQUE, `user_name` VARCHAR(255), `phone` VARCHAR(255), `password` VARCHAR(255), `real_name` VARCHAR(255), `is_locked` TINYINT(1), `created_at` DATETIME NOT NULL, `updated_at` DATETIME NOT NULL, `deleted_at` DATETIME, PRIMARY KEY (`id`)) ENGINE=InnoDB;
2019-07-17 16:03:55,292 INFO 6846 [egg-sequelize](4ms) Executed (default): SHOW INDEX FROM `admin`
2019-07-17 16:04:05,161 INFO 6846 [egg-sequelize](3ms) Executed (default): INSERT INTO `admin` (`id`,`userid`,`user_name`,`phone`,`password`,`created_at`,`updated_at`) VALUES (DEFAULT,?,?,?,?,?,?);
2019-07-17 16:04:21,117 INFO 6851 [egg-sequelize](1ms) Executed (default): SELECT 1+1 AS result
2019-07-17 16:04:21,118 INFO 6851 [egg-sequelize](2ms) Executed (default): CREATE TABLE IF NOT EXISTS `admin` (`id` INTEGER NOT NULL auto_increment UNIQUE , `roleid` VARCHAR(255), `userid` VARCHAR(255) UNIQUE, `user_name` VARCHAR(255), `phone` VARCHAR(255), `password` VARCHAR(255), `real_name` VARCHAR(255), `is_locked` TINYINT(1), `created_at` DATETIME NOT NULL, `updated_at` DATETIME NOT NULL, `deleted_at` DATETIME, PRIMARY KEY (`id`)) ENGINE=InnoDB;
2019-07-17 16:04:21,125 INFO 6851 [egg-sequelize](5ms) Executed (default): SHOW INDEX FROM `admin`
2019-07-17 16:04:25,600 ERROR 6851 [-/127.0.0.1/-/7ms POST /register] nodejs.SyntaxError: Identifier 'data' has already been declared
    at Object.callFn (/Users/maxianfei/learnData/Egg/formalEgg/node_modules/_egg-core@4.17.3@egg-core/lib/utils/index.js:44:21)
    at Object.classControllerMiddleware (/Users/maxianfei/learnData/Egg/formalEgg/node_modules/_egg-core@4.17.3@egg-core/lib/loader/mixin/controller.js:87:20)
    at Object.callFn (/Users/maxianfei/learnData/Egg/formalEgg/node_modules/_@eggjs_router@2.0.0@@eggjs/router/lib/utils.js:12:21)
    at wrappedController (/Users/maxianfei/learnData/Egg/formalEgg/node_modules/_@eggjs_router@2.0.0@@eggjs/router/lib/egg_router.js:322:18)
    at dispatch (/Users/maxianfei/learnData/Egg/formalEgg/node_modules/_koa-compose@3.2.1@koa-compose/index.js:44:32)
    at next (/Users/maxianfei/learnData/Egg/formalEgg/node_modules/_koa-compose@3.2.1@koa-compose/index.js:45:18)
    at /Users/maxianfei/learnData/Egg/formalEgg/node_modules/_@eggjs_router@2.0.0@@eggjs/router/lib/router.js:190:18
    at dispatch (/Users/maxianfei/learnData/Egg/formalEgg/node_modules/_koa-compose@3.2.1@koa-compose/index.js:44:32)
    at /Users/maxianfei/learnData/Egg/formalEgg/node_modules/_koa-compose@3.2.1@koa-compose/index.js:36:12
    at dispatch (/Users/maxianfei/learnData/Egg/formalEgg/node_modules/_@eggjs_router@2.0.0@@eggjs/router/lib/router.js:195:33)
    at dispatch (/Users/maxianfei/learnData/Egg/formalEgg/node_modules/_koa-compose@4.1.0@koa-compose/index.js:42:32)
    at /Users/maxianfei/learnData/Egg/formalEgg/node_modules/_egg-development@2.4.3@egg-development/app/middleware/egg_loader_trace.js:9:56
    at dispatch (/Users/maxianfei/learnData/Egg/formalEgg/node_modules/_koa-compose@4.1.0@koa-compose/index.js:42:32)
    at i18n (/Users/maxianfei/learnData/Egg/formalEgg/node_modules/_egg-i18n@2.1.1@egg-i18n/app/middleware/i18n.js:13:12)
    at dispatch (/Users/maxianfei/learnData/Egg/formalEgg/node_modules/_koa-compose@4.1.0@koa-compose/index.js:42:32)
    at dispatch (/Users/maxianfei/learnData/Egg/formalEgg/node_modules/_koa-compose@4.1.0@koa-compose/index.js:42:32)
    at dta (/Users/maxianfei/learnData/Egg/formalEgg/node_modules/_egg-security@2.5.0@egg-security/lib/middlewares/dta.js:12:12)
    at dispatch (/Users/maxianfei/learnData/Egg/formalEgg/node_modules/_koa-compose@4.1.0@koa-compose/index.js:42:32)
    at xframe (/Users/maxianfei/learnData/Egg/formalEgg/node_modules/_egg-security@2.5.0@egg-security/lib/middlewares/xframe.js:7:11)
    at dispatch (/Users/maxianfei/learnData/Egg/formalEgg/node_modules/_koa-compose@4.1.0@koa-compose/index.js:42:32)
    at xssProtection (/Users/maxianfei/learnData/Egg/formalEgg/node_modules/_egg-security@2.5.0@egg-security/lib/middlewares/xssProtection.js:7:11)
    at dispatch (/Users/maxianfei/learnData/Egg/formalEgg/node_modules/_koa-compose@4.1.0@koa-compose/index.js:42:32)
    at nosniff (/Users/maxianfei/learnData/Egg/formalEgg/node_modules/_egg-security@2.5.0@egg-security/lib/middlewares/nosniff.js:8:11)
    at dispatch (/Users/maxianfei/learnData/Egg/formalEgg/node_modules/_koa-compose@4.1.0@koa-compose/index.js:42:32)
    at noopen (/Users/maxianfei/learnData/Egg/formalEgg/node_modules/_egg-security@2.5.0@egg-security/lib/middlewares/noopen.js:8:11)
    at dispatch (/Users/maxianfei/learnData/Egg/formalEgg/node_modules/_koa-compose@4.1.0@koa-compose/index.js:42:32)
    at /Users/maxianfei/learnData/Egg/formalEgg/node_modules/_koa-compose@4.1.0@koa-compose/index.js:34:12
    at dispatch (/Users/maxianfei/learnData/Egg/formalEgg/node_modules/_koa-compose@4.1.0@koa-compose/index.js:42:32)

pid: 6851
hostname: simple.local

2019-07-17 16:04:41,148 INFO 6852 [egg-sequelize](0ms) Executed (default): SELECT 1+1 AS result
2019-07-17 16:04:41,149 INFO 6852 [egg-sequelize](2ms) Executed (default): CREATE TABLE IF NOT EXISTS `admin` (`id` INTEGER NOT NULL auto_increment UNIQUE , `roleid` VARCHAR(255), `userid` VARCHAR(255) UNIQUE, `user_name` VARCHAR(255), `phone` VARCHAR(255), `password` VARCHAR(255), `real_name` VARCHAR(255), `is_locked` TINYINT(1), `created_at` DATETIME NOT NULL, `updated_at` DATETIME NOT NULL, `deleted_at` DATETIME, PRIMARY KEY (`id`)) ENGINE=InnoDB;
2019-07-17 16:04:41,155 INFO 6852 [egg-sequelize](5ms) Executed (default): SHOW INDEX FROM `admin`
2019-07-17 16:04:44,960 ERROR 6852 [-/127.0.0.1/-/10ms POST /register] 注册异常:  TypeError: this.ctx.model.Admin.find is not a function
    at Admin.findWithJson (/Users/maxianfei/learnData/Egg/formalEgg/app/service/admin.js:9:50)
    at AdminController.register (/Users/maxianfei/learnData/Egg/formalEgg/app/controller/admin.js:29:53)
    at Object.callFn (/Users/maxianfei/learnData/Egg/formalEgg/node_modules/_egg-core@4.17.3@egg-core/lib/utils/index.js:44:21)
    at Object.classControllerMiddleware (/Users/maxianfei/learnData/Egg/formalEgg/node_modules/_egg-core@4.17.3@egg-core/lib/loader/mixin/controller.js:87:20)
    at Object.callFn (/Users/maxianfei/learnData/Egg/formalEgg/node_modules/_@eggjs_router@2.0.0@@eggjs/router/lib/utils.js:12:21)
    at wrappedController (/Users/maxianfei/learnData/Egg/formalEgg/node_modules/_@eggjs_router@2.0.0@@eggjs/router/lib/egg_router.js:322:18)
    at dispatch (/Users/maxianfei/learnData/Egg/formalEgg/node_modules/_koa-compose@3.2.1@koa-compose/index.js:44:32)
    at next (/Users/maxianfei/learnData/Egg/formalEgg/node_modules/_koa-compose@3.2.1@koa-compose/index.js:45:18)
    at /Users/maxianfei/learnData/Egg/formalEgg/node_modules/_@eggjs_router@2.0.0@@eggjs/router/lib/router.js:190:18
    at dispatch (/Users/maxianfei/learnData/Egg/formalEgg/node_modules/_koa-compose@3.2.1@koa-compose/index.js:44:32)
    at /Users/maxianfei/learnData/Egg/formalEgg/node_modules/_koa-compose@3.2.1@koa-compose/index.js:36:12
    at dispatch (/Users/maxianfei/learnData/Egg/formalEgg/node_modules/_@eggjs_router@2.0.0@@eggjs/router/lib/router.js:195:33)
    at dispatch (/Users/maxianfei/learnData/Egg/formalEgg/node_modules/_koa-compose@4.1.0@koa-compose/index.js:42:32)
    at /Users/maxianfei/learnData/Egg/formalEgg/node_modules/_egg-development@2.4.3@egg-development/app/middleware/egg_loader_trace.js:9:56
    at dispatch (/Users/maxianfei/learnData/Egg/formalEgg/node_modules/_koa-compose@4.1.0@koa-compose/index.js:42:32)
    at i18n (/Users/maxianfei/learnData/Egg/formalEgg/node_modules/_egg-i18n@2.1.1@egg-i18n/app/middleware/i18n.js:13:12)
    at dispatch (/Users/maxianfei/learnData/Egg/formalEgg/node_modules/_koa-compose@4.1.0@koa-compose/index.js:42:32)
    at dispatch (/Users/maxianfei/learnData/Egg/formalEgg/node_modules/_koa-compose@4.1.0@koa-compose/index.js:42:32)
    at dta (/Users/maxianfei/learnData/Egg/formalEgg/node_modules/_egg-security@2.5.0@egg-security/lib/middlewares/dta.js:12:12)
    at dispatch (/Users/maxianfei/learnData/Egg/formalEgg/node_modules/_koa-compose@4.1.0@koa-compose/index.js:42:32)
    at xframe (/Users/maxianfei/learnData/Egg/formalEgg/node_modules/_egg-security@2.5.0@egg-security/lib/middlewares/xframe.js:7:11)
    at dispatch (/Users/maxianfei/learnData/Egg/formalEgg/node_modules/_koa-compose@4.1.0@koa-compose/index.js:42:32)
    at xssProtection (/Users/maxianfei/learnData/Egg/formalEgg/node_modules/_egg-security@2.5.0@egg-security/lib/middlewares/xssProtection.js:7:11)
    at dispatch (/Users/maxianfei/learnData/Egg/formalEgg/node_modules/_koa-compose@4.1.0@koa-compose/index.js:42:32)
    at nosniff (/Users/maxianfei/learnData/Egg/formalEgg/node_modules/_egg-security@2.5.0@egg-security/lib/middlewares/nosniff.js:8:11)
    at dispatch (/Users/maxianfei/learnData/Egg/formalEgg/node_modules/_koa-compose@4.1.0@koa-compose/index.js:42:32)
    at noopen (/Users/maxianfei/learnData/Egg/formalEgg/node_modules/_egg-security@2.5.0@egg-security/lib/middlewares/noopen.js:8:11)
    at dispatch (/Users/maxianfei/learnData/Egg/formalEgg/node_modules/_koa-compose@4.1.0@koa-compose/index.js:42:32)
2019-07-17 16:09:37,226 INFO 6872 [egg-sequelize](1ms) Executed (default): SELECT 1+1 AS result
2019-07-17 16:09:37,227 INFO 6872 [egg-sequelize](1ms) Executed (default): CREATE TABLE IF NOT EXISTS `admin` (`id` INTEGER NOT NULL auto_increment UNIQUE , `roleid` VARCHAR(255), `userid` VARCHAR(255) UNIQUE, `user_name` VARCHAR(255), `phone` VARCHAR(255), `password` VARCHAR(255), `real_name` VARCHAR(255), `is_locked` TINYINT(1), `created_at` DATETIME NOT NULL, `updated_at` DATETIME NOT NULL, `deleted_at` DATETIME, PRIMARY KEY (`id`)) ENGINE=InnoDB;
2019-07-17 16:09:37,235 INFO 6872 [egg-sequelize](6ms) Executed (default): SHOW INDEX FROM `admin`
2019-07-17 16:09:40,865 INFO 6872 [egg-sequelize](2ms) Executed (default): SELECT `id`, `roleid`, `userid`, `user_name` AS `userName`, `phone`, `password`, `real_name` AS `realName`, `is_locked` AS `isLocked`, `created_at` AS `createdAt`, `updated_at` AS `updatedAt`, `deleted_at` AS `deletedAt` FROM `admin` AS `admin` WHERE (`admin`.`deleted_at` IS NULL AND `admin`.`user_name` = 'simple') LIMIT 1;
2019-07-17 17:06:08,100 INFO 7088 [egg-sequelize](1ms) Executed (default): SELECT 1+1 AS result
2019-07-17 17:06:08,101 INFO 7088 [egg-sequelize](2ms) Executed (default): CREATE TABLE IF NOT EXISTS `admin` (`id` INTEGER NOT NULL auto_increment UNIQUE , `roleid` VARCHAR(255), `userid` VARCHAR(255) UNIQUE, `user_name` VARCHAR(255), `phone` VARCHAR(255), `password` VARCHAR(255), `real_name` VARCHAR(255), `is_locked` TINYINT(1), `created_at` DATETIME NOT NULL, `updated_at` DATETIME NOT NULL, `deleted_at` DATETIME, PRIMARY KEY (`id`)) ENGINE=InnoDB;
2019-07-17 17:06:08,107 INFO 7088 [egg-sequelize](5ms) Executed (default): SHOW INDEX FROM `admin`
2019-07-17 17:24:08,338 INFO 7298 swagger-ui was disabled
2019-07-17 17:24:08,385 INFO 7298 [egg-sequelize](1ms) Executed (default): SELECT 1+1 AS result
2019-07-17 17:24:08,386 INFO 7298 [egg-sequelize](1ms) Executed (default): CREATE TABLE IF NOT EXISTS `admin` (`id` INTEGER NOT NULL auto_increment UNIQUE , `roleid` VARCHAR(255), `userid` VARCHAR(255) UNIQUE, `user_name` VARCHAR(255), `phone` VARCHAR(255), `password` VARCHAR(255), `real_name` VARCHAR(255), `is_locked` TINYINT(1), `created_at` DATETIME NOT NULL, `updated_at` DATETIME NOT NULL, `deleted_at` DATETIME, PRIMARY KEY (`id`)) ENGINE=InnoDB;
2019-07-17 17:24:08,393 INFO 7298 [egg-sequelize](5ms) Executed (default): SHOW INDEX FROM `admin`
2019-07-17 17:28:35,517 INFO 7337 swagger-ui url:http://127.0.0.1:7001/public/swagger/index.html
2019-07-17 17:28:35,560 INFO 7337 [egg-sequelize](1ms) Executed (default): SELECT 1+1 AS result
2019-07-17 17:28:35,561 INFO 7337 [egg-sequelize](2ms) Executed (default): CREATE TABLE IF NOT EXISTS `admin` (`id` INTEGER NOT NULL auto_increment UNIQUE , `roleid` VARCHAR(255), `userid` VARCHAR(255) UNIQUE, `user_name` VARCHAR(255), `phone` VARCHAR(255), `password` VARCHAR(255), `real_name` VARCHAR(255), `is_locked` TINYINT(1), `created_at` DATETIME NOT NULL, `updated_at` DATETIME NOT NULL, `deleted_at` DATETIME, PRIMARY KEY (`id`)) ENGINE=InnoDB;
2019-07-17 17:28:35,568 INFO 7337 [egg-sequelize](5ms) Executed (default): SHOW INDEX FROM `admin`
2019-07-17 17:29:19,064 INFO 7346 swagger-ui url:http://127.0.0.1:7001/public/swagger/index.html
2019-07-17 17:29:19,106 INFO 7346 [egg-sequelize](1ms) Executed (default): SELECT 1+1 AS result
2019-07-17 17:29:19,107 INFO 7346 [egg-sequelize](1ms) Executed (default): CREATE TABLE IF NOT EXISTS `admin` (`id` INTEGER NOT NULL auto_increment UNIQUE , `roleid` VARCHAR(255), `userid` VARCHAR(255) UNIQUE, `user_name` VARCHAR(255), `phone` VARCHAR(255), `password` VARCHAR(255), `real_name` VARCHAR(255), `is_locked` TINYINT(1), `created_at` DATETIME NOT NULL, `updated_at` DATETIME NOT NULL, `deleted_at` DATETIME, PRIMARY KEY (`id`)) ENGINE=InnoDB;
2019-07-17 17:29:19,115 INFO 7346 [egg-sequelize](6ms) Executed (default): SHOW INDEX FROM `admin`
2019-07-17 17:29:28,156 INFO 7352 swagger-ui was disabled
2019-07-17 17:29:28,200 INFO 7352 [egg-sequelize](1ms) Executed (default): SELECT 1+1 AS result
2019-07-17 17:29:28,201 INFO 7352 [egg-sequelize](0ms) Executed (default): CREATE TABLE IF NOT EXISTS `admin` (`id` INTEGER NOT NULL auto_increment UNIQUE , `roleid` VARCHAR(255), `userid` VARCHAR(255) UNIQUE, `user_name` VARCHAR(255), `phone` VARCHAR(255), `password` VARCHAR(255), `real_name` VARCHAR(255), `is_locked` TINYINT(1), `created_at` DATETIME NOT NULL, `updated_at` DATETIME NOT NULL, `deleted_at` DATETIME, PRIMARY KEY (`id`)) ENGINE=InnoDB;
2019-07-17 17:29:28,208 INFO 7352 [egg-sequelize](5ms) Executed (default): SHOW INDEX FROM `admin`
2019-07-17 17:29:37,317 INFO 7356 swagger-ui was disabled
2019-07-17 17:29:37,362 INFO 7356 [egg-sequelize](1ms) Executed (default): SELECT 1+1 AS result
2019-07-17 17:29:37,363 INFO 7356 [egg-sequelize](2ms) Executed (default): CREATE TABLE IF NOT EXISTS `admin` (`id` INTEGER NOT NULL auto_increment UNIQUE , `roleid` VARCHAR(255), `userid` VARCHAR(255) UNIQUE, `user_name` VARCHAR(255), `phone` VARCHAR(255), `password` VARCHAR(255), `real_name` VARCHAR(255), `is_locked` TINYINT(1), `created_at` DATETIME NOT NULL, `updated_at` DATETIME NOT NULL, `deleted_at` DATETIME, PRIMARY KEY (`id`)) ENGINE=InnoDB;
2019-07-17 17:29:37,370 INFO 7356 [egg-sequelize](5ms) Executed (default): SHOW INDEX FROM `admin`
2019-07-17 17:29:47,799 INFO 7359 swagger-ui was disabled
2019-07-17 17:29:47,847 INFO 7359 [egg-sequelize](1ms) Executed (default): SELECT 1+1 AS result
2019-07-17 17:29:47,848 INFO 7359 [egg-sequelize](1ms) Executed (default): CREATE TABLE IF NOT EXISTS `admin` (`id` INTEGER NOT NULL auto_increment UNIQUE , `roleid` VARCHAR(255), `userid` VARCHAR(255) UNIQUE, `user_name` VARCHAR(255), `phone` VARCHAR(255), `password` VARCHAR(255), `real_name` VARCHAR(255), `is_locked` TINYINT(1), `created_at` DATETIME NOT NULL, `updated_at` DATETIME NOT NULL, `deleted_at` DATETIME, PRIMARY KEY (`id`)) ENGINE=InnoDB;
2019-07-17 17:29:47,855 INFO 7359 [egg-sequelize](5ms) Executed (default): SHOW INDEX FROM `admin`
2019-07-17 17:30:47,030 INFO 7370 swagger-ui was disabled
2019-07-17 17:30:47,074 INFO 7370 [egg-sequelize](1ms) Executed (default): SELECT 1+1 AS result
2019-07-17 17:30:47,075 INFO 7370 [egg-sequelize](2ms) Executed (default): CREATE TABLE IF NOT EXISTS `admin` (`id` INTEGER NOT NULL auto_increment UNIQUE , `roleid` VARCHAR(255), `userid` VARCHAR(255) UNIQUE, `user_name` VARCHAR(255), `phone` VARCHAR(255), `password` VARCHAR(255), `real_name` VARCHAR(255), `is_locked` TINYINT(1), `created_at` DATETIME NOT NULL, `updated_at` DATETIME NOT NULL, `deleted_at` DATETIME, PRIMARY KEY (`id`)) ENGINE=InnoDB;
2019-07-17 17:30:47,081 INFO 7370 [egg-sequelize](4ms) Executed (default): SHOW INDEX FROM `admin`
2019-07-17 18:02:18,888 INFO 7725 [egg-sequelize](1ms) Executed (default): SELECT 1+1 AS result
2019-07-17 18:02:18,889 INFO 7725 [egg-sequelize](1ms) Executed (default): CREATE TABLE IF NOT EXISTS `admin` (`id` INTEGER NOT NULL auto_increment UNIQUE , `roleid` VARCHAR(255), `userid` VARCHAR(255) UNIQUE, `user_name` VARCHAR(255), `phone` VARCHAR(255), `password` VARCHAR(255), `real_name` VARCHAR(255), `is_locked` TINYINT(1), `created_at` DATETIME NOT NULL, `updated_at` DATETIME NOT NULL, `deleted_at` DATETIME, PRIMARY KEY (`id`)) ENGINE=InnoDB;
2019-07-17 18:02:18,897 INFO 7725 [egg-sequelize](6ms) Executed (default): SHOW INDEX FROM `admin`
2019-07-17 18:15:37,601 INFO 7821 swagger-ui url:http://127.0.0.1:7001/public/swagger/index.html
2019-07-17 18:15:37,643 INFO 7821 [egg-sequelize](1ms) Executed (default): SELECT 1+1 AS result
2019-07-17 18:15:37,644 INFO 7821 [egg-sequelize](2ms) Executed (default): CREATE TABLE IF NOT EXISTS `admin` (`id` INTEGER NOT NULL auto_increment UNIQUE , `roleid` VARCHAR(255), `userid` VARCHAR(255) UNIQUE, `user_name` VARCHAR(255), `phone` VARCHAR(255), `password` VARCHAR(255), `real_name` VARCHAR(255), `is_locked` TINYINT(1), `created_at` DATETIME NOT NULL, `updated_at` DATETIME NOT NULL, `deleted_at` DATETIME, PRIMARY KEY (`id`)) ENGINE=InnoDB;
2019-07-17 18:15:37,651 INFO 7821 [egg-sequelize](6ms) Executed (default): SHOW INDEX FROM `admin`
2019-07-17 18:18:12,160 INFO 7901 swagger-ui was disabled
2019-07-17 18:18:12,207 INFO 7901 [egg-sequelize](1ms) Executed (default): SELECT 1+1 AS result
2019-07-17 18:18:12,208 INFO 7901 [egg-sequelize](1ms) Executed (default): CREATE TABLE IF NOT EXISTS `admin` (`id` INTEGER NOT NULL auto_increment UNIQUE , `roleid` VARCHAR(255), `userid` VARCHAR(255) UNIQUE, `user_name` VARCHAR(255), `phone` VARCHAR(255), `password` VARCHAR(255), `real_name` VARCHAR(255), `is_locked` TINYINT(1), `created_at` DATETIME NOT NULL, `updated_at` DATETIME NOT NULL, `deleted_at` DATETIME, PRIMARY KEY (`id`)) ENGINE=InnoDB;
2019-07-17 18:18:12,217 INFO 7901 [egg-sequelize](6ms) Executed (default): SHOW INDEX FROM `admin`
2019-07-17 18:19:31,032 INFO 7912 swagger-ui was disabled
2019-07-17 18:19:31,076 INFO 7912 [egg-sequelize](1ms) Executed (default): SELECT 1+1 AS result
2019-07-17 18:19:31,077 INFO 7912 [egg-sequelize](1ms) Executed (default): CREATE TABLE IF NOT EXISTS `admin` (`id` INTEGER NOT NULL auto_increment UNIQUE , `roleid` VARCHAR(255), `userid` VARCHAR(255) UNIQUE, `user_name` VARCHAR(255), `phone` VARCHAR(255), `password` VARCHAR(255), `real_name` VARCHAR(255), `is_locked` TINYINT(1), `created_at` DATETIME NOT NULL, `updated_at` DATETIME NOT NULL, `deleted_at` DATETIME, PRIMARY KEY (`id`)) ENGINE=InnoDB;
2019-07-17 18:19:31,084 INFO 7912 [egg-sequelize](6ms) Executed (default): SHOW INDEX FROM `admin`
2019-07-17 18:29:03,704 INFO 8062 swagger-ui was disabled
2019-07-17 18:29:03,748 INFO 8062 [egg-sequelize](1ms) Executed (default): SELECT 1+1 AS result
2019-07-17 18:29:03,749 INFO 8062 [egg-sequelize](2ms) Executed (default): CREATE TABLE IF NOT EXISTS `admin` (`id` INTEGER NOT NULL auto_increment UNIQUE , `roleid` VARCHAR(255), `userid` VARCHAR(255) UNIQUE, `user_name` VARCHAR(255), `phone` VARCHAR(255), `password` VARCHAR(255), `real_name` VARCHAR(255), `is_locked` TINYINT(1), `created_at` DATETIME NOT NULL, `updated_at` DATETIME NOT NULL, `deleted_at` DATETIME, PRIMARY KEY (`id`)) ENGINE=InnoDB;
2019-07-17 18:29:03,756 INFO 8062 [egg-sequelize](5ms) Executed (default): SHOW INDEX FROM `admin`
2019-07-17 18:29:32,111 INFO 8062 [egg-sequelize](1ms) Executed (default): SELECT `id`, `roleid`, `userid`, `user_name` AS `userName`, `phone`, `password`, `real_name` AS `realName`, `is_locked` AS `isLocked`, `created_at` AS `createdAt`, `updated_at` AS `updatedAt`, `deleted_at` AS `deletedAt` FROM `admin` AS `admin` WHERE (`admin`.`deleted_at` IS NULL AND `admin`.`user_name` = 'simple') LIMIT 1;
2019-07-17 18:32:05,851 INFO 8091 swagger-ui was disabled
2019-07-17 18:32:05,898 INFO 8091 [egg-sequelize](1ms) Executed (default): SELECT 1+1 AS result
2019-07-17 18:32:05,899 INFO 8091 [egg-sequelize](2ms) Executed (default): CREATE TABLE IF NOT EXISTS `admin` (`id` INTEGER NOT NULL auto_increment UNIQUE , `roleid` VARCHAR(255), `userid` VARCHAR(255) UNIQUE, `user_name` VARCHAR(255), `phone` VARCHAR(255), `password` VARCHAR(255), `real_name` VARCHAR(255), `is_locked` TINYINT(1), `created_at` DATETIME NOT NULL, `updated_at` DATETIME NOT NULL, `deleted_at` DATETIME, PRIMARY KEY (`id`)) ENGINE=InnoDB;
2019-07-17 18:32:05,907 INFO 8091 [egg-sequelize](7ms) Executed (default): SHOW INDEX FROM `admin`
2019-07-17 18:34:14,886 INFO 8108 swagger-ui was disabled
2019-07-17 18:34:14,929 INFO 8108 [egg-sequelize](1ms) Executed (default): SELECT 1+1 AS result
2019-07-17 18:34:14,930 INFO 8108 [egg-sequelize](2ms) Executed (default): CREATE TABLE IF NOT EXISTS `admin` (`id` INTEGER NOT NULL auto_increment UNIQUE , `roleid` VARCHAR(255), `userid` VARCHAR(255) UNIQUE, `user_name` VARCHAR(255), `phone` VARCHAR(255), `password` VARCHAR(255), `real_name` VARCHAR(255), `is_locked` TINYINT(1), `created_at` DATETIME NOT NULL, `updated_at` DATETIME NOT NULL, `deleted_at` DATETIME, PRIMARY KEY (`id`)) ENGINE=InnoDB;
2019-07-17 18:34:14,937 INFO 8108 [egg-sequelize](6ms) Executed (default): SHOW INDEX FROM `admin`
2019-07-17 18:36:29,799 INFO 8213 swagger-ui was disabled
2019-07-17 18:36:29,841 INFO 8213 [egg-sequelize](1ms) Executed (default): SELECT 1+1 AS result
2019-07-17 18:36:29,842 INFO 8213 [egg-sequelize](2ms) Executed (default): CREATE TABLE IF NOT EXISTS `admin` (`id` INTEGER NOT NULL auto_increment UNIQUE , `roleid` VARCHAR(255), `userid` VARCHAR(255) UNIQUE, `user_name` VARCHAR(255), `phone` VARCHAR(255), `password` VARCHAR(255), `real_name` VARCHAR(255), `is_locked` TINYINT(1), `created_at` DATETIME NOT NULL, `updated_at` DATETIME NOT NULL, `deleted_at` DATETIME, PRIMARY KEY (`id`)) ENGINE=InnoDB;
2019-07-17 18:36:29,850 INFO 8213 [egg-sequelize](6ms) Executed (default): SHOW INDEX FROM `admin`
2019-07-17 18:37:20,062 INFO 8307 swagger-ui was disabled
2019-07-17 18:37:20,109 INFO 8307 [egg-sequelize](0ms) Executed (default): SELECT 1+1 AS result
2019-07-17 18:37:20,109 INFO 8307 [egg-sequelize](1ms) Executed (default): CREATE TABLE IF NOT EXISTS `admin` (`id` INTEGER NOT NULL auto_increment UNIQUE , `roleid` VARCHAR(255), `userid` VARCHAR(255) UNIQUE, `user_name` VARCHAR(255), `phone` VARCHAR(255), `password` VARCHAR(255), `real_name` VARCHAR(255), `is_locked` TINYINT(1), `created_at` DATETIME NOT NULL, `updated_at` DATETIME NOT NULL, `deleted_at` DATETIME, PRIMARY KEY (`id`)) ENGINE=InnoDB;
2019-07-17 18:37:20,116 INFO 8307 [egg-sequelize](5ms) Executed (default): SHOW INDEX FROM `admin`
2019-07-17 18:39:08,256 INFO 8415 swagger-ui was disabled
2019-07-17 18:39:08,300 INFO 8415 [egg-sequelize](1ms) Executed (default): SELECT 1+1 AS result
2019-07-17 18:39:08,300 INFO 8415 [egg-sequelize](1ms) Executed (default): CREATE TABLE IF NOT EXISTS `admin` (`id` INTEGER NOT NULL auto_increment UNIQUE , `roleid` VARCHAR(255), `userid` VARCHAR(255) UNIQUE, `user_name` VARCHAR(255), `phone` VARCHAR(255), `password` VARCHAR(255), `real_name` VARCHAR(255), `is_locked` TINYINT(1), `created_at` DATETIME NOT NULL, `updated_at` DATETIME NOT NULL, `deleted_at` DATETIME, PRIMARY KEY (`id`)) ENGINE=InnoDB;
2019-07-17 18:39:08,308 INFO 8415 [egg-sequelize](6ms) Executed (default): SHOW INDEX FROM `admin`
2019-07-17 18:40:10,010 INFO 8523 swagger-ui was disabled
2019-07-17 18:40:10,053 INFO 8523 [egg-sequelize](1ms) Executed (default): SELECT 1+1 AS result
2019-07-17 18:40:10,054 INFO 8523 [egg-sequelize](2ms) Executed (default): CREATE TABLE IF NOT EXISTS `admin` (`id` INTEGER NOT NULL auto_increment UNIQUE , `roleid` VARCHAR(255), `userid` VARCHAR(255) UNIQUE, `user_name` VARCHAR(255), `phone` VARCHAR(255), `password` VARCHAR(255), `real_name` VARCHAR(255), `is_locked` TINYINT(1), `created_at` DATETIME NOT NULL, `updated_at` DATETIME NOT NULL, `deleted_at` DATETIME, PRIMARY KEY (`id`)) ENGINE=InnoDB;
2019-07-17 18:40:10,062 INFO 8523 [egg-sequelize](7ms) Executed (default): SHOW INDEX FROM `admin`
2019-07-17 18:40:30,534 INFO 8527 swagger-ui url:http://127.0.0.1:7001/public/swagger/index.html
2019-07-17 18:40:30,577 INFO 8527 [egg-sequelize](1ms) Executed (default): SELECT 1+1 AS result
2019-07-17 18:40:30,578 INFO 8527 [egg-sequelize](1ms) Executed (default): CREATE TABLE IF NOT EXISTS `admin` (`id` INTEGER NOT NULL auto_increment UNIQUE , `roleid` VARCHAR(255), `userid` VARCHAR(255) UNIQUE, `user_name` VARCHAR(255), `phone` VARCHAR(255), `password` VARCHAR(255), `real_name` VARCHAR(255), `is_locked` TINYINT(1), `created_at` DATETIME NOT NULL, `updated_at` DATETIME NOT NULL, `deleted_at` DATETIME, PRIMARY KEY (`id`)) ENGINE=InnoDB;
2019-07-17 18:40:30,586 INFO 8527 [egg-sequelize](6ms) Executed (default): SHOW INDEX FROM `admin`
2019-07-17 21:51:56,534 INFO 8952 swagger-ui url:http://127.0.0.1:7001/public/swagger/index.html
2019-07-17 21:51:56,576 INFO 8952 [egg-sequelize](1ms) Executed (default): SELECT 1+1 AS result
2019-07-17 21:51:56,577 INFO 8952 [egg-sequelize](1ms) Executed (default): CREATE TABLE IF NOT EXISTS `admin` (`id` INTEGER NOT NULL auto_increment UNIQUE , `roleid` VARCHAR(255), `userid` VARCHAR(255) UNIQUE, `user_name` VARCHAR(255), `phone` VARCHAR(255), `password` VARCHAR(255), `real_name` VARCHAR(255), `is_locked` TINYINT(1), `created_at` DATETIME NOT NULL, `updated_at` DATETIME NOT NULL, `deleted_at` DATETIME, PRIMARY KEY (`id`)) ENGINE=InnoDB;
2019-07-17 21:51:56,584 INFO 8952 [egg-sequelize](5ms) Executed (default): SHOW INDEX FROM `admin`
2019-07-17 22:10:12,911 INFO 9188 swagger-ui url:http://127.0.0.1:7001/public/swagger/index.html
2019-07-17 22:10:12,952 INFO 9188 [egg-sequelize](1ms) Executed (default): SELECT 1+1 AS result
2019-07-17 22:10:12,953 INFO 9188 [egg-sequelize](1ms) Executed (default): CREATE TABLE IF NOT EXISTS `admin` (`id` INTEGER NOT NULL auto_increment UNIQUE , `roleid` VARCHAR(255), `userid` VARCHAR(255) UNIQUE, `user_name` VARCHAR(255), `phone` VARCHAR(255), `password` VARCHAR(255), `real_name` VARCHAR(255), `is_locked` TINYINT(1), `created_at` DATETIME NOT NULL, `updated_at` DATETIME NOT NULL, `deleted_at` DATETIME, PRIMARY KEY (`id`)) ENGINE=InnoDB;
2019-07-17 22:10:12,961 INFO 9188 [egg-sequelize](6ms) Executed (default): SHOW INDEX FROM `admin`
2019-07-17 22:10:35,831 INFO 9194 swagger-ui url:http://127.0.0.1:7001/public/swagger/index.html
2019-07-17 22:10:35,874 INFO 9194 [egg-sequelize](1ms) Executed (default): SELECT 1+1 AS result
2019-07-17 22:10:35,875 INFO 9194 [egg-sequelize](1ms) Executed (default): CREATE TABLE IF NOT EXISTS `admin` (`id` INTEGER NOT NULL auto_increment UNIQUE , `roleid` VARCHAR(255), `userid` VARCHAR(255) UNIQUE, `user_name` VARCHAR(255), `phone` VARCHAR(255), `password` VARCHAR(255), `real_name` VARCHAR(255), `is_locked` TINYINT(1), `created_at` DATETIME NOT NULL, `updated_at` DATETIME NOT NULL, `deleted_at` DATETIME, PRIMARY KEY (`id`)) ENGINE=InnoDB;
2019-07-17 22:10:35,883 INFO 9194 [egg-sequelize](5ms) Executed (default): SHOW INDEX FROM `admin`
2019-07-17 22:11:01,205 INFO 9205 swagger-ui url:http://127.0.0.1:7001/public/swagger/index.html
2019-07-17 22:11:01,246 INFO 9205 [egg-sequelize](1ms) Executed (default): SELECT 1+1 AS result
2019-07-17 22:11:01,247 INFO 9205 [egg-sequelize](2ms) Executed (default): CREATE TABLE IF NOT EXISTS `admin` (`id` INTEGER NOT NULL auto_increment UNIQUE , `roleid` VARCHAR(255), `userid` VARCHAR(255) UNIQUE, `user_name` VARCHAR(255), `phone` VARCHAR(255), `password` VARCHAR(255), `real_name` VARCHAR(255), `is_locked` TINYINT(1), `created_at` DATETIME NOT NULL, `updated_at` DATETIME NOT NULL, `deleted_at` DATETIME, PRIMARY KEY (`id`)) ENGINE=InnoDB;
2019-07-17 22:11:01,253 INFO 9205 [egg-sequelize](5ms) Executed (default): SHOW INDEX FROM `admin`
2019-07-17 22:23:16,783 INFO 9472 swagger-ui url:http://127.0.0.1:7001/public/swagger/index.html
2019-07-17 22:23:16,823 INFO 9472 [egg-sequelize](1ms) Executed (default): SELECT 1+1 AS result
2019-07-17 22:23:16,824 INFO 9472 [egg-sequelize](2ms) Executed (default): CREATE TABLE IF NOT EXISTS `admin` (`id` INTEGER NOT NULL auto_increment UNIQUE , `roleid` VARCHAR(255), `userid` VARCHAR(255) UNIQUE, `user_name` VARCHAR(255), `phone` VARCHAR(255), `password` VARCHAR(255), `real_name` VARCHAR(255), `is_locked` TINYINT(1), `created_at` DATETIME NOT NULL, `updated_at` DATETIME NOT NULL, `deleted_at` DATETIME, PRIMARY KEY (`id`)) ENGINE=InnoDB;
2019-07-17 22:23:16,830 INFO 9472 [egg-sequelize](5ms) Executed (default): SHOW INDEX FROM `admin`
2019-07-17 22:26:24,252 INFO 9497 swagger-ui url:http://127.0.0.1:7001/public/swagger/index.html
2019-07-17 22:26:24,295 INFO 9497 [egg-sequelize](1ms) Executed (default): SELECT 1+1 AS result
2019-07-17 22:26:24,295 INFO 9497 [egg-sequelize](1ms) Executed (default): CREATE TABLE IF NOT EXISTS `admin` (`id` INTEGER NOT NULL auto_increment UNIQUE , `roleid` VARCHAR(255), `userid` VARCHAR(255) UNIQUE, `user_name` VARCHAR(255), `phone` VARCHAR(255), `password` VARCHAR(255), `real_name` VARCHAR(255), `is_locked` TINYINT(1), `created_at` DATETIME NOT NULL, `updated_at` DATETIME NOT NULL, `deleted_at` DATETIME, PRIMARY KEY (`id`)) ENGINE=InnoDB;
2019-07-17 22:26:24,303 INFO 9497 [egg-sequelize](6ms) Executed (default): SHOW INDEX FROM `admin`
2019-07-17 22:28:42,381 INFO 9527 swagger-ui url:http://127.0.0.1:7001/public/swagger/index.html
2019-07-17 22:28:42,422 INFO 9527 [egg-sequelize](1ms) Executed (default): SELECT 1+1 AS result
2019-07-17 22:28:42,423 INFO 9527 [egg-sequelize](1ms) Executed (default): CREATE TABLE IF NOT EXISTS `admin` (`id` INTEGER NOT NULL auto_increment UNIQUE , `roleid` VARCHAR(255), `userid` VARCHAR(255) UNIQUE, `user_name` VARCHAR(255), `phone` VARCHAR(255), `password` VARCHAR(255), `real_name` VARCHAR(255), `is_locked` TINYINT(1), `created_at` DATETIME NOT NULL, `updated_at` DATETIME NOT NULL, `deleted_at` DATETIME, PRIMARY KEY (`id`)) ENGINE=InnoDB;
2019-07-17 22:28:42,429 INFO 9527 [egg-sequelize](5ms) Executed (default): SHOW INDEX FROM `admin`
2019-07-19 09:01:44,616 INFO 10171 swagger-ui url:http://127.0.0.1:7001/public/swagger/index.html
2019-07-19 09:01:44,735 INFO 10171 [egg-sequelize](1ms) Executed (default): SELECT 1+1 AS result
2019-07-19 09:01:44,785 INFO 10171 [egg-sequelize](51ms) Executed (default): CREATE TABLE IF NOT EXISTS `admin` (`id` INTEGER NOT NULL auto_increment UNIQUE , `roleid` VARCHAR(255), `userid` VARCHAR(255) UNIQUE, `user_name` VARCHAR(255), `phone` VARCHAR(255), `password` VARCHAR(255), `real_name` VARCHAR(255), `is_locked` TINYINT(1), `created_at` DATETIME NOT NULL, `updated_at` DATETIME NOT NULL, `deleted_at` DATETIME, PRIMARY KEY (`id`)) ENGINE=InnoDB;
2019-07-19 09:01:44,790 INFO 10171 [egg-sequelize](4ms) Executed (default): SHOW INDEX FROM `admin`
2019-07-19 09:02:45,622 INFO 10183 swagger-ui url:http://127.0.0.1:7001/public/swagger/index.html
2019-07-19 09:02:45,666 INFO 10183 [egg-sequelize](1ms) Executed (default): SELECT 1+1 AS result
2019-07-19 09:02:45,667 INFO 10183 [egg-sequelize](1ms) Executed (default): CREATE TABLE IF NOT EXISTS `admin` (`id` INTEGER NOT NULL auto_increment UNIQUE , `roleid` VARCHAR(255), `userid` VARCHAR(255) UNIQUE, `user_name` VARCHAR(255), `phone` VARCHAR(255), `password` VARCHAR(255), `real_name` VARCHAR(255), `is_locked` TINYINT(1), `created_at` DATETIME NOT NULL, `updated_at` DATETIME NOT NULL, `deleted_at` DATETIME, PRIMARY KEY (`id`)) ENGINE=InnoDB;
2019-07-19 09:02:45,675 INFO 10183 [egg-sequelize](6ms) Executed (default): SHOW INDEX FROM `admin`
2019-07-19 09:05:32,243 INFO 10209 swagger-ui url:http://127.0.0.1:7001/public/swagger/index.html
2019-07-19 09:05:32,282 INFO 10209 [egg-sequelize](1ms) Executed (default): SELECT 1+1 AS result
2019-07-19 09:05:32,283 INFO 10209 [egg-sequelize](1ms) Executed (default): CREATE TABLE IF NOT EXISTS `admin` (`id` INTEGER NOT NULL auto_increment UNIQUE , `roleid` VARCHAR(255), `userid` VARCHAR(255) UNIQUE, `user_name` VARCHAR(255), `phone` VARCHAR(255), `password` VARCHAR(255), `real_name` VARCHAR(255), `is_locked` TINYINT(1), `created_at` DATETIME NOT NULL, `updated_at` DATETIME NOT NULL, `deleted_at` DATETIME, PRIMARY KEY (`id`)) ENGINE=InnoDB;
2019-07-19 09:05:32,289 INFO 10209 [egg-sequelize](4ms) Executed (default): SHOW INDEX FROM `admin`
2019-07-19 09:12:27,676 INFO 10258 swagger-ui url:http://127.0.0.1:7001/public/swagger/index.html
2019-07-19 09:12:27,719 INFO 10258 [egg-sequelize](1ms) Executed (default): SELECT 1+1 AS result
2019-07-19 09:12:27,720 INFO 10258 [egg-sequelize](1ms) Executed (default): CREATE TABLE IF NOT EXISTS `admin` (`id` INTEGER NOT NULL auto_increment UNIQUE , `roleid` VARCHAR(255), `userid` VARCHAR(255) UNIQUE, `user_name` VARCHAR(255), `phone` VARCHAR(255), `password` VARCHAR(255), `real_name` VARCHAR(255), `is_locked` TINYINT(1), `created_at` DATETIME NOT NULL, `updated_at` DATETIME NOT NULL, `deleted_at` DATETIME, PRIMARY KEY (`id`)) ENGINE=InnoDB;
2019-07-19 09:12:27,728 INFO 10258 [egg-sequelize](6ms) Executed (default): SHOW INDEX FROM `admin`
2019-07-19 09:13:34,192 INFO 10276 swagger-ui url:http://127.0.0.1:7001/public/swagger/index.html
2019-07-19 09:13:34,233 INFO 10276 [egg-sequelize](1ms) Executed (default): SELECT 1+1 AS result
2019-07-19 09:13:34,233 INFO 10276 [egg-sequelize](1ms) Executed (default): CREATE TABLE IF NOT EXISTS `admin` (`id` INTEGER NOT NULL auto_increment UNIQUE , `roleid` VARCHAR(255), `userid` VARCHAR(255) UNIQUE, `user_name` VARCHAR(255), `phone` VARCHAR(255), `password` VARCHAR(255), `real_name` VARCHAR(255), `is_locked` TINYINT(1), `created_at` DATETIME NOT NULL, `updated_at` DATETIME NOT NULL, `deleted_at` DATETIME, PRIMARY KEY (`id`)) ENGINE=InnoDB;
2019-07-19 09:13:34,239 INFO 10276 [egg-sequelize](4ms) Executed (default): SHOW INDEX FROM `admin`
2019-07-19 09:15:00,880 INFO 10288 swagger-ui url:http://127.0.0.1:7001/public/swagger/index.html
2019-07-19 09:15:00,923 INFO 10288 [egg-sequelize](1ms) Executed (default): SELECT 1+1 AS result
2019-07-19 09:15:00,924 INFO 10288 [egg-sequelize](2ms) Executed (default): CREATE TABLE IF NOT EXISTS `admin` (`id` INTEGER NOT NULL auto_increment UNIQUE , `roleid` VARCHAR(255), `userid` VARCHAR(255) UNIQUE, `user_name` VARCHAR(255), `phone` VARCHAR(255), `password` VARCHAR(255), `real_name` VARCHAR(255), `is_locked` TINYINT(1), `created_at` DATETIME NOT NULL, `updated_at` DATETIME NOT NULL, `deleted_at` DATETIME, PRIMARY KEY (`id`)) ENGINE=InnoDB;
2019-07-19 09:15:00,931 INFO 10288 [egg-sequelize](6ms) Executed (default): SHOW INDEX FROM `admin`
2019-07-19 11:11:04,669 INFO 11122 swagger-ui url:http://127.0.0.1:7001/public/swagger/index.html
2019-07-19 11:11:04,711 INFO 11122 [egg-sequelize](1ms) Executed (default): SELECT 1+1 AS result
2019-07-19 11:11:04,712 INFO 11122 [egg-sequelize](2ms) Executed (default): CREATE TABLE IF NOT EXISTS `admin` (`id` INTEGER NOT NULL auto_increment UNIQUE , `roleid` VARCHAR(255), `userid` VARCHAR(255) UNIQUE, `user_name` VARCHAR(255), `phone` VARCHAR(255), `password` VARCHAR(255), `real_name` VARCHAR(255), `is_locked` TINYINT(1), `created_at` DATETIME NOT NULL, `updated_at` DATETIME NOT NULL, `deleted_at` DATETIME, PRIMARY KEY (`id`)) ENGINE=InnoDB;
2019-07-19 11:11:04,719 INFO 11122 [egg-sequelize](6ms) Executed (default): SHOW INDEX FROM `admin`
2019-07-19 11:14:55,949 INFO 11173 swagger-ui url:http://127.0.0.1:7001/public/swagger/index.html
2019-07-19 11:14:55,992 INFO 11173 [egg-sequelize](1ms) Executed (default): SELECT 1+1 AS result
2019-07-19 11:14:55,993 INFO 11173 [egg-sequelize](2ms) Executed (default): CREATE TABLE IF NOT EXISTS `admin` (`id` INTEGER NOT NULL auto_increment UNIQUE , `roleid` VARCHAR(255), `userid` VARCHAR(255) UNIQUE, `user_name` VARCHAR(255), `phone` VARCHAR(255), `password` VARCHAR(255), `real_name` VARCHAR(255), `is_locked` TINYINT(1), `created_at` DATETIME NOT NULL, `updated_at` DATETIME NOT NULL, `deleted_at` DATETIME, PRIMARY KEY (`id`)) ENGINE=InnoDB;
2019-07-19 11:14:56,000 INFO 11173 [egg-sequelize](5ms) Executed (default): SHOW INDEX FROM `admin`
2019-07-19 11:28:36,154 INFO 12554 swagger-ui url:http://127.0.0.1:7001/public/swagger/index.html
2019-07-19 11:28:36,195 INFO 12554 [egg-sequelize](1ms) Executed (default): SELECT 1+1 AS result
2019-07-19 11:28:36,196 INFO 12554 [egg-sequelize](2ms) Executed (default): CREATE TABLE IF NOT EXISTS `admin` (`id` INTEGER NOT NULL auto_increment UNIQUE , `roleid` VARCHAR(255), `userid` VARCHAR(255) UNIQUE, `user_name` VARCHAR(255), `phone` VARCHAR(255), `password` VARCHAR(255), `real_name` VARCHAR(255), `is_locked` TINYINT(1), `created_at` DATETIME NOT NULL, `updated_at` DATETIME NOT NULL, `deleted_at` DATETIME, PRIMARY KEY (`id`)) ENGINE=InnoDB;
2019-07-19 11:28:36,204 INFO 12554 [egg-sequelize](6ms) Executed (default): SHOW INDEX FROM `admin`
